[shanjupay-merchant-service][${env:SERVER_PORT}] 2021-05-10 10:23:48,157 INFO
            [main][:] - using logger: org.apache.dubbo.common.logger.slf4j.Slf4jLoggerAdapter
[shanjupay-merchant-service][${env:SERVER_PORT}] 2021-05-10 10:23:48,171 INFO
            [main][WelcomeLogoApplicationListener.java:63] - 

 :: Dubbo Spring Boot (v2.7.1) : https://github.com/apache/incubator-dubbo-spring-boot-project
 :: Dubbo (v2.7.3) : https://github.com/apache/incubator-dubbo
 :: Discuss group : dev@dubbo.apache.org

[shanjupay-merchant-service][${env:SERVER_PORT}] 2021-05-10 10:23:48,177 INFO
            [main][OverrideDubboConfigApplicationListener.java:68] - Dubbo Config was overridden by externalized configuration {dubbo.application.name=merchant-service, dubbo.application.qos-enable=false, dubbo.application.qos-port=22240, dubbo.config.multiple=true, dubbo.consumer.check=true, dubbo.consumer.retries=-1, dubbo.consumer.timeout=90000, dubbo.protocol.name=dubbo, dubbo.protocol.port=20890, dubbo.registry.address=nacos://127.0.0.1:8848, dubbo.scan.base-packages=com.shanjupay}
[shanjupay-merchant-service][${env:SERVER_PORT}] 2021-05-10 10:23:48,653 INFO
            [main][PostProcessorRegistrationDelegate.java:330] - Bean 'org.springframework.cloud.autoconfigure.ConfigurationPropertiesRebinderAutoConfiguration' of type [org.springframework.cloud.autoconfigure.ConfigurationPropertiesRebinderAutoConfiguration$$EnhancerBySpringCGLIB$$1] is not eligible for getting processed by all BeanPostProcessors (for example: not eligible for auto-proxying)
[shanjupay-merchant-service][${env:SERVER_PORT}] 2021-05-10 10:23:48,749 INFO
            [pool-6-thread-1][AwaitingNonWebApplicationListener.java:140] -  [Dubbo] Current Spring Boot Application is await...
[shanjupay-merchant-service][${env:SERVER_PORT}] 2021-05-10 10:23:50,807 INFO
            [main][OverrideDubboConfigApplicationListener.java:68] - Dubbo Config was overridden by externalized configuration {dubbo.application.name=merchant-service, dubbo.application.qos-enable=false, dubbo.application.qos-port=22240, dubbo.config.multiple=true, dubbo.consumer.check=true, dubbo.consumer.retries=-1, dubbo.consumer.timeout=90000, dubbo.protocol.name=dubbo, dubbo.protocol.port=20890, dubbo.registry.address=nacos://127.0.0.1:8848, dubbo.scan.base-packages=com.shanjupay}
[shanjupay-merchant-service][${env:SERVER_PORT}] 2021-05-10 10:23:50,987 INFO
            [main][NacosPropertySourceBuilder.java:87] - Loading nacos data, dataId: 'spring-boot-http.yaml', group: 'COMMON_GROUP'
[shanjupay-merchant-service][${env:SERVER_PORT}] 2021-05-10 10:23:51,001 INFO
            [main][NacosPropertySourceBuilder.java:87] - Loading nacos data, dataId: 'spring-boot-starter-druid.yaml', group: 'COMMON_GROUP'
[shanjupay-merchant-service][${env:SERVER_PORT}] 2021-05-10 10:23:51,011 INFO
            [main][NacosPropertySourceBuilder.java:87] - Loading nacos data, dataId: 'spring-boot-mybatis-plus.yaml', group: 'COMMON_GROUP'
[shanjupay-merchant-service][${env:SERVER_PORT}] 2021-05-10 10:23:51,018 INFO
            [main][NacosPropertySourceBuilder.java:87] - Loading nacos data, dataId: 'merchant-service.yaml', group: 'SHANJUPAY_GROUP'
[shanjupay-merchant-service][${env:SERVER_PORT}] 2021-05-10 10:23:51,020 INFO
            [main][PropertySourceBootstrapConfiguration.java:98] - Located property source: CompositePropertySource {name='NACOS', propertySources=[NacosPropertySource {name='merchant-service.yaml'}, NacosPropertySource {name='spring-boot-mybatis-plus.yaml'}, NacosPropertySource {name='spring-boot-starter-druid.yaml'}, NacosPropertySource {name='spring-boot-http.yaml'}]}
[shanjupay-merchant-service][${env:SERVER_PORT}] 2021-05-10 10:23:51,044 INFO
            [main][SpringApplication.java:675] - No active profile set, falling back to default profiles: default
[shanjupay-merchant-service][${env:SERVER_PORT}] 2021-05-10 10:23:51,707 WARN
            [main][EndpointId.java:135] - Endpoint ID 'nacos-config' contains invalid characters, please migrate to a valid format.
[shanjupay-merchant-service][${env:SERVER_PORT}] 2021-05-10 10:23:51,710 WARN
            [main][EndpointId.java:135] - Endpoint ID 'nacos-discovery' contains invalid characters, please migrate to a valid format.
[shanjupay-merchant-service][${env:SERVER_PORT}] 2021-05-10 10:23:51,743 INFO
            [main][DubboConfigBindingRegistrar.java:127] - The dubbo config bean definition [name : org.apache.dubbo.config.ApplicationConfig#0, class : org.apache.dubbo.config.ApplicationConfig] has been registered.
[shanjupay-merchant-service][${env:SERVER_PORT}] 2021-05-10 10:23:51,744 INFO
            [main][DubboConfigBindingRegistrar.java:151] - The BeanPostProcessor bean definition [org.apache.dubbo.config.spring.beans.factory.annotation.DubboConfigBindingBeanPostProcessor] for dubbo config bean [name : org.apache.dubbo.config.ApplicationConfig#0] has been registered.
[shanjupay-merchant-service][${env:SERVER_PORT}] 2021-05-10 10:23:51,744 INFO
            [main][DubboConfigBindingRegistrar.java:127] - The dubbo config bean definition [name : org.apache.dubbo.config.RegistryConfig#0, class : org.apache.dubbo.config.RegistryConfig] has been registered.
[shanjupay-merchant-service][${env:SERVER_PORT}] 2021-05-10 10:23:51,744 INFO
            [main][DubboConfigBindingRegistrar.java:151] - The BeanPostProcessor bean definition [org.apache.dubbo.config.spring.beans.factory.annotation.DubboConfigBindingBeanPostProcessor] for dubbo config bean [name : org.apache.dubbo.config.RegistryConfig#0] has been registered.
[shanjupay-merchant-service][${env:SERVER_PORT}] 2021-05-10 10:23:51,745 INFO
            [main][DubboConfigBindingRegistrar.java:127] - The dubbo config bean definition [name : org.apache.dubbo.config.ProtocolConfig#0, class : org.apache.dubbo.config.ProtocolConfig] has been registered.
[shanjupay-merchant-service][${env:SERVER_PORT}] 2021-05-10 10:23:51,745 INFO
            [main][DubboConfigBindingRegistrar.java:151] - The BeanPostProcessor bean definition [org.apache.dubbo.config.spring.beans.factory.annotation.DubboConfigBindingBeanPostProcessor] for dubbo config bean [name : org.apache.dubbo.config.ProtocolConfig#0] has been registered.
[shanjupay-merchant-service][${env:SERVER_PORT}] 2021-05-10 10:23:51,745 INFO
            [main][DubboConfigBindingRegistrar.java:127] - The dubbo config bean definition [name : org.apache.dubbo.config.ConsumerConfig#0, class : org.apache.dubbo.config.ConsumerConfig] has been registered.
[shanjupay-merchant-service][${env:SERVER_PORT}] 2021-05-10 10:23:51,746 INFO
            [main][DubboConfigBindingRegistrar.java:151] - The BeanPostProcessor bean definition [org.apache.dubbo.config.spring.beans.factory.annotation.DubboConfigBindingBeanPostProcessor] for dubbo config bean [name : org.apache.dubbo.config.ConsumerConfig#0] has been registered.
[shanjupay-merchant-service][${env:SERVER_PORT}] 2021-05-10 10:23:51,953 WARN
            [main][EndpointId.java:135] - Endpoint ID 'service-registry' contains invalid characters, please migrate to a valid format.
[shanjupay-merchant-service][${env:SERVER_PORT}] 2021-05-10 10:23:52,027 INFO
            [main][ServiceAnnotationBeanPostProcessor.java:204] -  [DUBBO] BeanNameGenerator bean can't be found in BeanFactory with name [org.springframework.context.annotation.internalConfigurationBeanNameGenerator], dubbo version: 2.7.3, current host: 192.168.31.2
[shanjupay-merchant-service][${env:SERVER_PORT}] 2021-05-10 10:23:52,028 INFO
            [main][ServiceAnnotationBeanPostProcessor.java:206] -  [DUBBO] BeanNameGenerator will be a instance of org.springframework.context.annotation.AnnotationBeanNameGenerator , it maybe a potential problem on bean name generation., dubbo version: 2.7.3, current host: 192.168.31.2
[shanjupay-merchant-service][${env:SERVER_PORT}] 2021-05-10 10:23:52,183 INFO
            [main][ServiceAnnotationBeanPostProcessor.java:284] -  [DUBBO] The BeanDefinition[Root bean: class [org.apache.dubbo.config.spring.ServiceBean]; scope=; abstract=false; lazyInit=false; autowireMode=0; dependencyCheck=0; autowireCandidate=true; primary=false; factoryBeanName=null; factoryMethodName=null; initMethodName=null; destroyMethodName=null] of ServiceBean has been registered with name : ServiceBean:com.shanjupay.merchant.api.MerchantService, dubbo version: 2.7.3, current host: 192.168.31.2
[shanjupay-merchant-service][${env:SERVER_PORT}] 2021-05-10 10:23:52,183 INFO
            [main][ServiceAnnotationBeanPostProcessor.java:161] -  [DUBBO] 1 annotated Dubbo's @Service Components { [Bean definition with name 'merchantServiceImpl': Generic bean: class [com.shanjupay.merchant.service.MerchantServiceImpl]; scope=; abstract=false; lazyInit=false; autowireMode=0; dependencyCheck=0; autowireCandidate=true; primary=false; factoryBeanName=null; factoryMethodName=null; initMethodName=null; destroyMethodName=null; defined in file [D:\workplace\idea\learn\shanjupay\shanjupay-merchant\shanjupay-merchant-service\target\classes\com\shanjupay\merchant\service\MerchantServiceImpl.class]] } were scanned under package[com.shanjupay], dubbo version: 2.7.3, current host: 192.168.31.2
[shanjupay-merchant-service][${env:SERVER_PORT}] 2021-05-10 10:23:52,185 INFO
            [main][ConfigurationClassPostProcessor.java:380] - Cannot enhance @Configuration bean definition 'org.apache.dubbo.spring.boot.autoconfigure.DubboRelaxedBinding2AutoConfiguration' since its singleton instance has been created too early. The typical cause is a non-static @Bean method with a BeanDefinitionRegistryPostProcessor return type: Consider declaring such methods as 'static'.
[shanjupay-merchant-service][${env:SERVER_PORT}] 2021-05-10 10:23:52,185 INFO
            [main][ConfigurationClassPostProcessor.java:380] - Cannot enhance @Configuration bean definition 'org.apache.dubbo.spring.boot.autoconfigure.DubboAutoConfiguration' since its singleton instance has been created too early. The typical cause is a non-static @Bean method with a BeanDefinitionRegistryPostProcessor return type: Consider declaring such methods as 'static'.
[shanjupay-merchant-service][${env:SERVER_PORT}] 2021-05-10 10:23:52,341 INFO
            [main][GenericScope.java:294] - BeanFactory id=000efb24-c3f3-3bec-b674-bf8f9b9377b7
[shanjupay-merchant-service][${env:SERVER_PORT}] 2021-05-10 10:23:52,377 INFO
            [main][PostProcessorRegistrationDelegate.java:330] - Bean 'com.alibaba.druid.spring.boot.autoconfigure.stat.DruidSpringAopConfiguration' of type [com.alibaba.druid.spring.boot.autoconfigure.stat.DruidSpringAopConfiguration] is not eligible for getting processed by all BeanPostProcessors (for example: not eligible for auto-proxying)
[shanjupay-merchant-service][${env:SERVER_PORT}] 2021-05-10 10:23:52,496 INFO
            [main][PostProcessorRegistrationDelegate.java:330] - Bean 'org.springframework.transaction.annotation.ProxyTransactionManagementConfiguration' of type [org.springframework.transaction.annotation.ProxyTransactionManagementConfiguration$$EnhancerBySpringCGLIB$$1] is not eligible for getting processed by all BeanPostProcessors (for example: not eligible for auto-proxying)
[shanjupay-merchant-service][${env:SERVER_PORT}] 2021-05-10 10:23:52,596 INFO
            [main][PostProcessorRegistrationDelegate.java:330] - Bean 'spring.datasource.druid-com.alibaba.druid.spring.boot.autoconfigure.properties.DruidStatProperties' of type [com.alibaba.druid.spring.boot.autoconfigure.properties.DruidStatProperties] is not eligible for getting processed by all BeanPostProcessors (for example: not eligible for auto-proxying)
[shanjupay-merchant-service][${env:SERVER_PORT}] 2021-05-10 10:23:52,608 INFO
            [main][PostProcessorRegistrationDelegate.java:330] - Bean 'advisor' of type [org.springframework.aop.support.RegexpMethodPointcutAdvisor] is not eligible for getting processed by all BeanPostProcessors (for example: not eligible for auto-proxying)
[shanjupay-merchant-service][${env:SERVER_PORT}] 2021-05-10 10:23:52,612 INFO
            [main][PostProcessorRegistrationDelegate.java:330] - Bean 'com.alibaba.cloud.dubbo.autoconfigure.DubboOpenFeignAutoConfiguration' of type [com.alibaba.cloud.dubbo.autoconfigure.DubboOpenFeignAutoConfiguration$$EnhancerBySpringCGLIB$$1] is not eligible for getting processed by all BeanPostProcessors (for example: not eligible for auto-proxying)
[shanjupay-merchant-service][${env:SERVER_PORT}] 2021-05-10 10:23:52,628 INFO
            [main][PostProcessorRegistrationDelegate.java:330] - Bean 'dubbo.cloud-com.alibaba.cloud.dubbo.env.DubboCloudProperties' of type [com.alibaba.cloud.dubbo.env.DubboCloudProperties] is not eligible for getting processed by all BeanPostProcessors (for example: not eligible for auto-proxying)
[shanjupay-merchant-service][${env:SERVER_PORT}] 2021-05-10 10:23:52,644 INFO
            [main][PostProcessorRegistrationDelegate.java:330] - Bean 'metadataJsonResolver' of type [com.alibaba.cloud.dubbo.metadata.resolver.DubboServiceBeanMetadataResolver] is not eligible for getting processed by all BeanPostProcessors (for example: not eligible for auto-proxying)
[shanjupay-merchant-service][${env:SERVER_PORT}] 2021-05-10 10:23:52,655 INFO
            [main][PostProcessorRegistrationDelegate.java:330] - Bean 'org.apache.dubbo.config.ApplicationConfig#0' of type [org.apache.dubbo.config.ApplicationConfig] is not eligible for getting processed by all BeanPostProcessors (for example: not eligible for auto-proxying)
[shanjupay-merchant-service][${env:SERVER_PORT}] 2021-05-10 10:23:52,662 INFO
            [main][PostProcessorRegistrationDelegate.java:330] - Bean 'dubboProtocolConfigSupplier' of type [com.alibaba.cloud.dubbo.metadata.DubboProtocolConfigSupplier] is not eligible for getting processed by all BeanPostProcessors (for example: not eligible for auto-proxying)
[shanjupay-merchant-service][${env:SERVER_PORT}] 2021-05-10 10:23:52,665 INFO
            [main][PostProcessorRegistrationDelegate.java:330] - Bean 'com.alibaba.cloud.dubbo.service.DubboMetadataServiceExporter' of type [com.alibaba.cloud.dubbo.service.DubboMetadataServiceExporter] is not eligible for getting processed by all BeanPostProcessors (for example: not eligible for auto-proxying)
[shanjupay-merchant-service][${env:SERVER_PORT}] 2021-05-10 10:23:52,666 INFO
            [main][PostProcessorRegistrationDelegate.java:330] - Bean 'com.alibaba.cloud.dubbo.autoconfigure.DubboMetadataAutoConfiguration' of type [com.alibaba.cloud.dubbo.autoconfigure.DubboMetadataAutoConfiguration$$EnhancerBySpringCGLIB$$1] is not eligible for getting processed by all BeanPostProcessors (for example: not eligible for auto-proxying)
[shanjupay-merchant-service][${env:SERVER_PORT}] 2021-05-10 10:23:52,671 INFO
            [main][PostProcessorRegistrationDelegate.java:330] - Bean 'com.alibaba.cloud.dubbo.autoconfigure.DubboServiceAutoConfiguration' of type [com.alibaba.cloud.dubbo.autoconfigure.DubboServiceAutoConfiguration$$EnhancerBySpringCGLIB$$1] is not eligible for getting processed by all BeanPostProcessors (for example: not eligible for auto-proxying)
[shanjupay-merchant-service][${env:SERVER_PORT}] 2021-05-10 10:23:52,681 INFO
            [main][PostProcessorRegistrationDelegate.java:330] - Bean 'dubboGenericServiceFactory' of type [com.alibaba.cloud.dubbo.service.DubboGenericServiceFactory] is not eligible for getting processed by all BeanPostProcessors (for example: not eligible for auto-proxying)
[shanjupay-merchant-service][${env:SERVER_PORT}] 2021-05-10 10:23:52,685 INFO
            [main][PostProcessorRegistrationDelegate.java:330] - Bean 'dubboMetadataConfigServiceProxy' of type [com.alibaba.cloud.dubbo.service.DubboMetadataServiceProxy] is not eligible for getting processed by all BeanPostProcessors (for example: not eligible for auto-proxying)
[shanjupay-merchant-service][${env:SERVER_PORT}] 2021-05-10 10:23:52,692 INFO
            [main][PostProcessorRegistrationDelegate.java:330] - Bean 'org.springframework.cloud.client.discovery.composite.CompositeDiscoveryClientAutoConfiguration' of type [org.springframework.cloud.client.discovery.composite.CompositeDiscoveryClientAutoConfiguration$$EnhancerBySpringCGLIB$$1] is not eligible for getting processed by all BeanPostProcessors (for example: not eligible for auto-proxying)
[shanjupay-merchant-service][${env:SERVER_PORT}] 2021-05-10 10:23:52,700 INFO
            [main][PostProcessorRegistrationDelegate.java:330] - Bean 'com.alibaba.cloud.nacos.discovery.NacosDiscoveryClientAutoConfiguration' of type [com.alibaba.cloud.nacos.discovery.NacosDiscoveryClientAutoConfiguration$$EnhancerBySpringCGLIB$$1] is not eligible for getting processed by all BeanPostProcessors (for example: not eligible for auto-proxying)
[shanjupay-merchant-service][${env:SERVER_PORT}] 2021-05-10 10:23:52,717 INFO
            [main][PostProcessorRegistrationDelegate.java:330] - Bean 'org.springframework.cloud.commons.util.UtilAutoConfiguration' of type [org.springframework.cloud.commons.util.UtilAutoConfiguration$$EnhancerBySpringCGLIB$$1] is not eligible for getting processed by all BeanPostProcessors (for example: not eligible for auto-proxying)
[shanjupay-merchant-service][${env:SERVER_PORT}] 2021-05-10 10:23:52,726 INFO
            [main][PostProcessorRegistrationDelegate.java:330] - Bean 'inetUtilsProperties' of type [org.springframework.cloud.commons.util.InetUtilsProperties] is not eligible for getting processed by all BeanPostProcessors (for example: not eligible for auto-proxying)
[shanjupay-merchant-service][${env:SERVER_PORT}] 2021-05-10 10:23:52,729 INFO
            [main][PostProcessorRegistrationDelegate.java:330] - Bean 'inetUtils' of type [org.springframework.cloud.commons.util.InetUtils] is not eligible for getting processed by all BeanPostProcessors (for example: not eligible for auto-proxying)
[shanjupay-merchant-service][${env:SERVER_PORT}] 2021-05-10 10:23:54,299 INFO
            [main][InetUtils.java:170] - Cannot determine local hostname
[shanjupay-merchant-service][${env:SERVER_PORT}] 2021-05-10 10:23:54,301 INFO
            [main][PostProcessorRegistrationDelegate.java:330] - Bean 'nacosProperties' of type [com.alibaba.cloud.nacos.NacosDiscoveryProperties] is not eligible for getting processed by all BeanPostProcessors (for example: not eligible for auto-proxying)
[shanjupay-merchant-service][${env:SERVER_PORT}] 2021-05-10 10:23:54,317 INFO
            [main][PostProcessorRegistrationDelegate.java:330] - Bean 'nacosDiscoveryClient' of type [com.alibaba.cloud.nacos.discovery.NacosDiscoveryClient] is not eligible for getting processed by all BeanPostProcessors (for example: not eligible for auto-proxying)
[shanjupay-merchant-service][${env:SERVER_PORT}] 2021-05-10 10:23:54,342 INFO
            [main][PostProcessorRegistrationDelegate.java:330] - Bean 'server-org.springframework.boot.autoconfigure.web.ServerProperties' of type [org.springframework.boot.autoconfigure.web.ServerProperties] is not eligible for getting processed by all BeanPostProcessors (for example: not eligible for auto-proxying)
[shanjupay-merchant-service][${env:SERVER_PORT}] 2021-05-10 10:23:54,345 INFO
            [main][PostProcessorRegistrationDelegate.java:330] - Bean 'org.springframework.cloud.client.discovery.simple.SimpleDiscoveryClientAutoConfiguration' of type [org.springframework.cloud.client.discovery.simple.SimpleDiscoveryClientAutoConfiguration$$EnhancerBySpringCGLIB$$1] is not eligible for getting processed by all BeanPostProcessors (for example: not eligible for auto-proxying)
[shanjupay-merchant-service][${env:SERVER_PORT}] 2021-05-10 10:23:56,046 INFO
            [main][InetUtils.java:170] - Cannot determine local hostname
[shanjupay-merchant-service][${env:SERVER_PORT}] 2021-05-10 10:23:56,050 INFO
            [main][PostProcessorRegistrationDelegate.java:330] - Bean 'simpleDiscoveryProperties' of type [org.springframework.cloud.client.discovery.simple.SimpleDiscoveryProperties] is not eligible for getting processed by all BeanPostProcessors (for example: not eligible for auto-proxying)
[shanjupay-merchant-service][${env:SERVER_PORT}] 2021-05-10 10:23:56,052 INFO
            [main][PostProcessorRegistrationDelegate.java:330] - Bean 'simpleDiscoveryClient' of type [org.springframework.cloud.client.discovery.simple.SimpleDiscoveryClient] is not eligible for getting processed by all BeanPostProcessors (for example: not eligible for auto-proxying)
[shanjupay-merchant-service][${env:SERVER_PORT}] 2021-05-10 10:23:56,060 INFO
            [main][PostProcessorRegistrationDelegate.java:330] - Bean 'compositeDiscoveryClient' of type [org.springframework.cloud.client.discovery.composite.CompositeDiscoveryClient] is not eligible for getting processed by all BeanPostProcessors (for example: not eligible for auto-proxying)
[shanjupay-merchant-service][${env:SERVER_PORT}] 2021-05-10 10:23:56,064 INFO
            [main][PostProcessorRegistrationDelegate.java:330] - Bean 'com.alibaba.cloud.dubbo.util.JSONUtils' of type [com.alibaba.cloud.dubbo.util.JSONUtils] is not eligible for getting processed by all BeanPostProcessors (for example: not eligible for auto-proxying)
[shanjupay-merchant-service][${env:SERVER_PORT}] 2021-05-10 10:23:56,186 WARN
            [main][DubboServiceMetadataRepository.java:216] - Current application will subscribe all services(size:0) in registry, a lot of memory and CPU cycles may be used, thus it's strongly recommend you using the externalized property 'dubbo.cloud.subscribed-services' to specify the services
[shanjupay-merchant-service][${env:SERVER_PORT}] 2021-05-10 10:23:56,187 INFO
            [main][PostProcessorRegistrationDelegate.java:330] - Bean 'com.alibaba.cloud.dubbo.metadata.repository.DubboServiceMetadataRepository' of type [com.alibaba.cloud.dubbo.metadata.repository.DubboServiceMetadataRepository] is not eligible for getting processed by all BeanPostProcessors (for example: not eligible for auto-proxying)
[shanjupay-merchant-service][${env:SERVER_PORT}] 2021-05-10 10:23:56,226 INFO
            [main][PostProcessorRegistrationDelegate.java:330] - Bean 'com.alibaba.cloud.dubbo.service.parameter.RequestParamServiceParameterResolver' of type [com.alibaba.cloud.dubbo.service.parameter.RequestParamServiceParameterResolver] is not eligible for getting processed by all BeanPostProcessors (for example: not eligible for auto-proxying)
[shanjupay-merchant-service][${env:SERVER_PORT}] 2021-05-10 10:23:56,245 INFO
            [main][PostProcessorRegistrationDelegate.java:330] - Bean 'spring.http-org.springframework.boot.autoconfigure.http.HttpProperties' of type [org.springframework.boot.autoconfigure.http.HttpProperties] is not eligible for getting processed by all BeanPostProcessors (for example: not eligible for auto-proxying)
[shanjupay-merchant-service][${env:SERVER_PORT}] 2021-05-10 10:23:56,250 INFO
            [main][PostProcessorRegistrationDelegate.java:330] - Bean 'org.springframework.boot.autoconfigure.http.HttpMessageConvertersAutoConfiguration$StringHttpMessageConverterConfiguration' of type [org.springframework.boot.autoconfigure.http.HttpMessageConvertersAutoConfiguration$StringHttpMessageConverterConfiguration$$EnhancerBySpringCGLIB$$1] is not eligible for getting processed by all BeanPostProcessors (for example: not eligible for auto-proxying)
[shanjupay-merchant-service][${env:SERVER_PORT}] 2021-05-10 10:23:56,261 INFO
            [main][PostProcessorRegistrationDelegate.java:330] - Bean 'stringHttpMessageConverter' of type [org.springframework.http.converter.StringHttpMessageConverter] is not eligible for getting processed by all BeanPostProcessors (for example: not eligible for auto-proxying)
[shanjupay-merchant-service][${env:SERVER_PORT}] 2021-05-10 10:23:56,267 INFO
            [main][PostProcessorRegistrationDelegate.java:330] - Bean 'org.springframework.boot.autoconfigure.http.JacksonHttpMessageConvertersConfiguration$MappingJackson2HttpMessageConverterConfiguration' of type [org.springframework.boot.autoconfigure.http.JacksonHttpMessageConvertersConfiguration$MappingJackson2HttpMessageConverterConfiguration$$EnhancerBySpringCGLIB$$1] is not eligible for getting processed by all BeanPostProcessors (for example: not eligible for auto-proxying)
[shanjupay-merchant-service][${env:SERVER_PORT}] 2021-05-10 10:23:56,273 INFO
            [main][PostProcessorRegistrationDelegate.java:330] - Bean 'org.springframework.boot.autoconfigure.jackson.JacksonAutoConfiguration$JacksonObjectMapperConfiguration' of type [org.springframework.boot.autoconfigure.jackson.JacksonAutoConfiguration$JacksonObjectMapperConfiguration$$EnhancerBySpringCGLIB$$1] is not eligible for getting processed by all BeanPostProcessors (for example: not eligible for auto-proxying)
[shanjupay-merchant-service][${env:SERVER_PORT}] 2021-05-10 10:23:56,280 INFO
            [main][PostProcessorRegistrationDelegate.java:330] - Bean 'org.springframework.boot.autoconfigure.jackson.JacksonAutoConfiguration$JacksonObjectMapperBuilderConfiguration' of type [org.springframework.boot.autoconfigure.jackson.JacksonAutoConfiguration$JacksonObjectMapperBuilderConfiguration$$EnhancerBySpringCGLIB$$1] is not eligible for getting processed by all BeanPostProcessors (for example: not eligible for auto-proxying)
[shanjupay-merchant-service][${env:SERVER_PORT}] 2021-05-10 10:23:56,287 INFO
            [main][PostProcessorRegistrationDelegate.java:330] - Bean 'org.springframework.boot.autoconfigure.jackson.JacksonAutoConfiguration$Jackson2ObjectMapperBuilderCustomizerConfiguration' of type [org.springframework.boot.autoconfigure.jackson.JacksonAutoConfiguration$Jackson2ObjectMapperBuilderCustomizerConfiguration$$EnhancerBySpringCGLIB$$1] is not eligible for getting processed by all BeanPostProcessors (for example: not eligible for auto-proxying)
[shanjupay-merchant-service][${env:SERVER_PORT}] 2021-05-10 10:23:56,293 INFO
            [main][PostProcessorRegistrationDelegate.java:330] - Bean 'spring.jackson-org.springframework.boot.autoconfigure.jackson.JacksonProperties' of type [org.springframework.boot.autoconfigure.jackson.JacksonProperties] is not eligible for getting processed by all BeanPostProcessors (for example: not eligible for auto-proxying)
[shanjupay-merchant-service][${env:SERVER_PORT}] 2021-05-10 10:23:56,299 INFO
            [main][PostProcessorRegistrationDelegate.java:330] - Bean 'standardJacksonObjectMapperBuilderCustomizer' of type [org.springframework.boot.autoconfigure.jackson.JacksonAutoConfiguration$Jackson2ObjectMapperBuilderCustomizerConfiguration$StandardJackson2ObjectMapperBuilderCustomizer] is not eligible for getting processed by all BeanPostProcessors (for example: not eligible for auto-proxying)
[shanjupay-merchant-service][${env:SERVER_PORT}] 2021-05-10 10:23:56,308 INFO
            [main][PostProcessorRegistrationDelegate.java:330] - Bean 'org.springframework.boot.autoconfigure.jackson.JacksonAutoConfiguration$ParameterNamesModuleConfiguration' of type [org.springframework.boot.autoconfigure.jackson.JacksonAutoConfiguration$ParameterNamesModuleConfiguration$$EnhancerBySpringCGLIB$$1] is not eligible for getting processed by all BeanPostProcessors (for example: not eligible for auto-proxying)
[shanjupay-merchant-service][${env:SERVER_PORT}] 2021-05-10 10:23:56,334 INFO
            [main][PostProcessorRegistrationDelegate.java:330] - Bean 'parameterNamesModule' of type [com.fasterxml.jackson.module.paramnames.ParameterNamesModule] is not eligible for getting processed by all BeanPostProcessors (for example: not eligible for auto-proxying)
[shanjupay-merchant-service][${env:SERVER_PORT}] 2021-05-10 10:23:56,339 INFO
            [main][PostProcessorRegistrationDelegate.java:330] - Bean 'org.springframework.boot.autoconfigure.jackson.JacksonAutoConfiguration' of type [org.springframework.boot.autoconfigure.jackson.JacksonAutoConfiguration$$EnhancerBySpringCGLIB$$1] is not eligible for getting processed by all BeanPostProcessors (for example: not eligible for auto-proxying)
[shanjupay-merchant-service][${env:SERVER_PORT}] 2021-05-10 10:23:56,353 INFO
            [main][PostProcessorRegistrationDelegate.java:330] - Bean 'jsonComponentModule' of type [org.springframework.boot.jackson.JsonComponentModule] is not eligible for getting processed by all BeanPostProcessors (for example: not eligible for auto-proxying)
[shanjupay-merchant-service][${env:SERVER_PORT}] 2021-05-10 10:23:56,358 INFO
            [main][PostProcessorRegistrationDelegate.java:330] - Bean 'jacksonObjectMapperBuilder' of type [org.springframework.http.converter.json.Jackson2ObjectMapperBuilder] is not eligible for getting processed by all BeanPostProcessors (for example: not eligible for auto-proxying)
[shanjupay-merchant-service][${env:SERVER_PORT}] 2021-05-10 10:23:56,388 INFO
            [main][PostProcessorRegistrationDelegate.java:330] - Bean 'jacksonObjectMapper' of type [com.fasterxml.jackson.databind.ObjectMapper] is not eligible for getting processed by all BeanPostProcessors (for example: not eligible for auto-proxying)
[shanjupay-merchant-service][${env:SERVER_PORT}] 2021-05-10 10:23:56,399 INFO
            [main][PostProcessorRegistrationDelegate.java:330] - Bean 'mappingJackson2HttpMessageConverter' of type [org.springframework.http.converter.json.MappingJackson2HttpMessageConverter] is not eligible for getting processed by all BeanPostProcessors (for example: not eligible for auto-proxying)
[shanjupay-merchant-service][${env:SERVER_PORT}] 2021-05-10 10:23:56,404 INFO
            [main][PostProcessorRegistrationDelegate.java:330] - Bean 'org.springframework.boot.autoconfigure.http.HttpMessageConvertersAutoConfiguration' of type [org.springframework.boot.autoconfigure.http.HttpMessageConvertersAutoConfiguration$$EnhancerBySpringCGLIB$$1] is not eligible for getting processed by all BeanPostProcessors (for example: not eligible for auto-proxying)
[shanjupay-merchant-service][${env:SERVER_PORT}] 2021-05-10 10:23:56,414 INFO
            [main][PostProcessorRegistrationDelegate.java:330] - Bean 'messageConverters' of type [org.springframework.boot.autoconfigure.http.HttpMessageConverters] is not eligible for getting processed by all BeanPostProcessors (for example: not eligible for auto-proxying)
[shanjupay-merchant-service][${env:SERVER_PORT}] 2021-05-10 10:23:56,417 INFO
            [main][PostProcessorRegistrationDelegate.java:330] - Bean 'com.alibaba.cloud.dubbo.service.parameter.RequestBodyServiceParameterResolver' of type [com.alibaba.cloud.dubbo.service.parameter.RequestBodyServiceParameterResolver] is not eligible for getting processed by all BeanPostProcessors (for example: not eligible for auto-proxying)
[shanjupay-merchant-service][${env:SERVER_PORT}] 2021-05-10 10:23:56,423 INFO
            [main][PostProcessorRegistrationDelegate.java:330] - Bean 'com.alibaba.cloud.dubbo.service.parameter.RequestHeaderServiceParameterResolver' of type [com.alibaba.cloud.dubbo.service.parameter.RequestHeaderServiceParameterResolver] is not eligible for getting processed by all BeanPostProcessors (for example: not eligible for auto-proxying)
[shanjupay-merchant-service][${env:SERVER_PORT}] 2021-05-10 10:23:56,428 INFO
            [main][PostProcessorRegistrationDelegate.java:330] - Bean 'com.alibaba.cloud.dubbo.service.parameter.PathVariableServiceParameterResolver' of type [com.alibaba.cloud.dubbo.service.parameter.PathVariableServiceParameterResolver] is not eligible for getting processed by all BeanPostProcessors (for example: not eligible for auto-proxying)
[shanjupay-merchant-service][${env:SERVER_PORT}] 2021-05-10 10:23:56,429 INFO
            [main][PostProcessorRegistrationDelegate.java:330] - Bean 'com.alibaba.cloud.dubbo.service.DubboGenericServiceExecutionContextFactory' of type [com.alibaba.cloud.dubbo.service.DubboGenericServiceExecutionContextFactory] is not eligible for getting processed by all BeanPostProcessors (for example: not eligible for auto-proxying)
[shanjupay-merchant-service][${env:SERVER_PORT}] 2021-05-10 10:23:56,442 INFO
            [main][PostProcessorRegistrationDelegate.java:330] - Bean 'relaxedDubboConfigBinder' of type [org.apache.dubbo.spring.boot.autoconfigure.BinderDubboConfigBinder] is not eligible for getting processed by all BeanPostProcessors (for example: not eligible for auto-proxying)
[shanjupay-merchant-service][${env:SERVER_PORT}] 2021-05-10 10:23:56,448 INFO
            [main][PostProcessorRegistrationDelegate.java:330] - Bean 'relaxedDubboConfigBinder' of type [org.apache.dubbo.spring.boot.autoconfigure.BinderDubboConfigBinder] is not eligible for getting processed by all BeanPostProcessors (for example: not eligible for auto-proxying)
[shanjupay-merchant-service][${env:SERVER_PORT}] 2021-05-10 10:23:56,450 INFO
            [main][PostProcessorRegistrationDelegate.java:330] - Bean 'relaxedDubboConfigBinder' of type [org.apache.dubbo.spring.boot.autoconfigure.BinderDubboConfigBinder] is not eligible for getting processed by all BeanPostProcessors (for example: not eligible for auto-proxying)
[shanjupay-merchant-service][${env:SERVER_PORT}] 2021-05-10 10:23:56,452 INFO
            [main][PostProcessorRegistrationDelegate.java:330] - Bean 'relaxedDubboConfigBinder' of type [org.apache.dubbo.spring.boot.autoconfigure.BinderDubboConfigBinder] is not eligible for getting processed by all BeanPostProcessors (for example: not eligible for auto-proxying)
[shanjupay-merchant-service][${env:SERVER_PORT}] 2021-05-10 10:23:56,461 INFO
            [main][PostProcessorRegistrationDelegate.java:330] - Bean 'org.springframework.cloud.autoconfigure.ConfigurationPropertiesRebinderAutoConfiguration' of type [org.springframework.cloud.autoconfigure.ConfigurationPropertiesRebinderAutoConfiguration$$EnhancerBySpringCGLIB$$1] is not eligible for getting processed by all BeanPostProcessors (for example: not eligible for auto-proxying)
[shanjupay-merchant-service][${env:SERVER_PORT}] 2021-05-10 10:23:56,892 INFO
            [main][TomcatWebServer.java:90] - Tomcat initialized with port(s): 56040 (http)
[shanjupay-merchant-service][${env:SERVER_PORT}] 2021-05-10 10:23:56,910 INFO
            [main][DirectJDKLog.java:173] - Initializing ProtocolHandler ["http-nio-56040"]
[shanjupay-merchant-service][${env:SERVER_PORT}] 2021-05-10 10:23:56,918 INFO
            [main][DirectJDKLog.java:173] - Starting service [Tomcat]
[shanjupay-merchant-service][${env:SERVER_PORT}] 2021-05-10 10:23:56,918 INFO
            [main][DirectJDKLog.java:173] - Starting Servlet engine: [Apache Tomcat/9.0.16]
[shanjupay-merchant-service][${env:SERVER_PORT}] 2021-05-10 10:23:56,925 INFO
            [main][DirectJDKLog.java:173] - The APR based Apache Tomcat Native library which allows optimal performance in production environments was not found on the java.library.path: [D:\usr\local\jdk\jdk1.8.0_152\bin;C:\WINDOWS\Sun\Java\bin;C:\WINDOWS\system32;C:\WINDOWS;C:\ProgramData\Oracle\Java\javapath;C:\Windows\system32;C:\Windows;C:\Windows\System32\Wbem;C:\Windows\System32\WindowsPowerShell\v1.0\;C:\Windows\System32\OpenSSH\;C:\Program Files (x86)\NVIDIA Corporation\PhysX\Common;C:\Program Files\NVIDIA Corporation\NVIDIA NvDLISR;D:\usr\local\jdk\jdk1.8.0_152\bin;D:\usr\local\mysql\mysql-5.7.29-winx64\bin;D:\usr\local\maven\apache-maven-3.6.3\bin;D:\Program Files\Git\cmd;D:\usr\local\nodejs\;D:\usr\local\Redis\;D:\PostgreSQL\11\bin;D:\usr\local\wkhtmltox-0.12.5-1.mxe-cross-win64\wkhtmltox\bin;C:\Program Files\dotnet\;C:\Program Files\Microsoft SQL Server\130\Tools\Binn\;C:\Program Files\Microsoft SQL Server\Client SDK\ODBC\170\Tools\Binn\;D:\usr\local\hadoop2.7.5\bin;;C:\WINDOWS\system32;C:\WINDOWS;C:\WINDOWS\System32\Wbem;C:\WINDOWS\System32\WindowsPowerShell\v1.0\;C:\WINDOWS\System32\OpenSSH\;C:\Users\chase\AppData\Local\Programs\Python\Python37\Scripts\;C:\Users\chase\AppData\Local\Programs\Python\Python37\;C:\Users\chase\AppData\Local\Microsoft\WindowsApps;;D:\Microsoft VS Code\bin;C:\Users\chase\AppData\Roaming\npm;C:\Users\chase\.dotnet\tools;D:\heroku\bin;.]
[shanjupay-merchant-service][${env:SERVER_PORT}] 2021-05-10 10:23:57,084 INFO
            [main][DirectJDKLog.java:173] - Initializing Spring embedded WebApplicationContext
[shanjupay-merchant-service][${env:SERVER_PORT}] 2021-05-10 10:23:57,084 INFO
            [main][ServletWebServerApplicationContext.java:296] - Root WebApplicationContext: initialization completed in 6027 ms
[shanjupay-merchant-service][${env:SERVER_PORT}] 2021-05-10 10:23:57,530 INFO
            [main][DruidDataSourceAutoConfigure.java:56] - Init DruidDataSource
[shanjupay-merchant-service][${env:SERVER_PORT}] 2021-05-10 10:23:57,831 INFO
            [main][DruidDataSource.java:1002] - {dataSource-1} inited
[shanjupay-merchant-service][${env:SERVER_PORT}] 2021-05-10 10:23:59,022 WARN
            [main][URLConfigurationSource.java:121] - No URLs will be polled as dynamic configuration sources.
[shanjupay-merchant-service][${env:SERVER_PORT}] 2021-05-10 10:23:59,022 INFO
            [main][URLConfigurationSource.java:122] - To enable URLs as dynamic configuration sources, define System property archaius.configurationSource.additionalUrls or make config.properties available on classpath.
[shanjupay-merchant-service][${env:SERVER_PORT}] 2021-05-10 10:23:59,027 WARN
            [main][URLConfigurationSource.java:121] - No URLs will be polled as dynamic configuration sources.
[shanjupay-merchant-service][${env:SERVER_PORT}] 2021-05-10 10:23:59,027 INFO
            [main][URLConfigurationSource.java:122] - To enable URLs as dynamic configuration sources, define System property archaius.configurationSource.additionalUrls or make config.properties available on classpath.
[shanjupay-merchant-service][${env:SERVER_PORT}] 2021-05-10 10:23:59,233 INFO
            [main][ExecutorConfigurationSupport.java:171] - Initializing ExecutorService 'applicationTaskExecutor'
[shanjupay-merchant-service][${env:SERVER_PORT}] 2021-05-10 10:23:59,615 INFO
            [main][ExecutorConfigurationSupport.java:171] - Initializing ExecutorService
[shanjupay-merchant-service][${env:SERVER_PORT}] 2021-05-10 10:23:59,664 INFO
            [main][DubboConfigBindingBeanPostProcessor.java:109] - The properties of bean [name : org.apache.dubbo.config.RegistryConfig#0] have been binding by prefix of configuration properties : dubbo.registry
[shanjupay-merchant-service][${env:SERVER_PORT}] 2021-05-10 10:23:59,672 INFO
            [main][DubboConfigBindingBeanPostProcessor.java:109] - The properties of bean [name : org.apache.dubbo.config.ProtocolConfig#0] have been binding by prefix of configuration properties : dubbo.protocol
[shanjupay-merchant-service][${env:SERVER_PORT}] 2021-05-10 10:23:59,688 INFO
            [main][DubboConfigBindingBeanPostProcessor.java:109] - The properties of bean [name : org.apache.dubbo.config.ConsumerConfig#0] have been binding by prefix of configuration properties : dubbo.consumer
[shanjupay-merchant-service][${env:SERVER_PORT}] 2021-05-10 10:24:00,283 INFO
            [main][EndpointLinksResolver.java:59] - Exposing 4 endpoint(s) beneath base path '/actuator'
[shanjupay-merchant-service][${env:SERVER_PORT}] 2021-05-10 10:24:00,587 INFO
            [main][DubboServiceMetadataRepository.java:262] - The metadata of Dubbo services has been initialized
[shanjupay-merchant-service][${env:SERVER_PORT}] 2021-05-10 10:24:00,660 WARN
            [ThreadPoolTaskScheduler-1][DubboServiceMetadataRepository.java:216] - Current application will subscribe all services(size:0) in registry, a lot of memory and CPU cycles may be used, thus it's strongly recommend you using the externalized property 'dubbo.cloud.subscribed-services' to specify the services
[shanjupay-merchant-service][${env:SERVER_PORT}] 2021-05-10 10:24:00,669 INFO
            [main][ServiceBean.java:112] -  [DUBBO] The service ready on spring started. service: com.shanjupay.merchant.api.MerchantService, dubbo version: 2.7.3, current host: 192.168.31.2
[shanjupay-merchant-service][${env:SERVER_PORT}] 2021-05-10 10:24:00,687 WARN
            [main][AbstractInterfaceConfig.java:265] -  [DUBBO] There's no valid metadata config found, if you are using the simplified mode of registry url, please make sure you have a metadata address configured properly., dubbo version: 2.7.3, current host: 192.168.31.2
[shanjupay-merchant-service][${env:SERVER_PORT}] 2021-05-10 10:24:00,767 INFO
            [main][ServiceConfig.java:643] -  [DUBBO] Export dubbo service com.shanjupay.merchant.api.MerchantService to local registry url : injvm://127.0.0.1/com.shanjupay.merchant.api.MerchantService?anyhost=true&application=merchant-service&bean.name=ServiceBean:com.shanjupay.merchant.api.MerchantService&bind.ip=192.168.31.2&bind.port=20890&deprecated=false&dubbo=2.0.2&dynamic=true&generic=false&interface=com.shanjupay.merchant.api.MerchantService&methods=queryMerchantById,createMerchant&pid=6412&qos.enable=false&qos.port=22240&register=true&release=2.7.3&side=provider&timestamp=1620613440693, dubbo version: 2.7.3, current host: 192.168.31.2
[shanjupay-merchant-service][${env:SERVER_PORT}] 2021-05-10 10:24:00,767 INFO
            [main][ServiceConfig.java:581] -  [DUBBO] Export dubbo service com.shanjupay.merchant.api.MerchantService to url dubbo://192.168.31.2:20890/com.shanjupay.merchant.api.MerchantService?anyhost=true&application=merchant-service&bean.name=ServiceBean:com.shanjupay.merchant.api.MerchantService&bind.ip=192.168.31.2&bind.port=20890&deprecated=false&dubbo=2.0.2&dynamic=true&generic=false&interface=com.shanjupay.merchant.api.MerchantService&methods=queryMerchantById,createMerchant&pid=6412&qos.enable=false&qos.port=22240&register=true&release=2.7.3&side=provider&timestamp=1620613440693, dubbo version: 2.7.3, current host: 192.168.31.2
[shanjupay-merchant-service][${env:SERVER_PORT}] 2021-05-10 10:24:00,768 INFO
            [main][AbstractInterfaceConfig.java:237] -  [DUBBO] There's no valid monitor config found, if you want to open monitor statistics for Dubbo, please make sure your monitor is configured properly., dubbo version: 2.7.3, current host: 192.168.31.2
[shanjupay-merchant-service][${env:SERVER_PORT}] 2021-05-10 10:24:00,768 INFO
            [main][ServiceConfig.java:595] -  [DUBBO] Register dubbo service com.shanjupay.merchant.api.MerchantService url dubbo://192.168.31.2:20890/com.shanjupay.merchant.api.MerchantService?anyhost=true&application=merchant-service&bean.name=ServiceBean:com.shanjupay.merchant.api.MerchantService&bind.ip=192.168.31.2&bind.port=20890&deprecated=false&dubbo=2.0.2&dynamic=true&generic=false&interface=com.shanjupay.merchant.api.MerchantService&methods=queryMerchantById,createMerchant&pid=6412&qos.enable=false&qos.port=22240&register=true&release=2.7.3&side=provider&timestamp=1620613440693 to registry registry://localhost:9090/org.apache.dubbo.registry.RegistryService?application=merchant-service&dubbo=2.0.2&pid=6412&qos.enable=false&qos.port=22240&registry=spring-cloud&release=2.7.3&timestamp=1620613440688, dubbo version: 2.7.3, current host: 192.168.31.2
[shanjupay-merchant-service][${env:SERVER_PORT}] 2021-05-10 10:24:00,797 INFO
            [main][QosProtocolWrapper.java:89] -  [DUBBO] qos won't be started because it is disabled. Please check dubbo.application.qos.enable is configured either in system property, dubbo.properties or XML/spring-boot configuration., dubbo version: 2.7.3, current host: 192.168.31.2
[shanjupay-merchant-service][${env:SERVER_PORT}] 2021-05-10 10:24:01,696 INFO
            [main][AbstractServer.java:73] -  [DUBBO] Start NettyServer bind /0.0.0.0:20890, export /192.168.31.2:20890, dubbo version: 2.7.3, current host: 192.168.31.2
[shanjupay-merchant-service][${env:SERVER_PORT}] 2021-05-10 10:24:01,697 WARN
            [main][SpringExtensionFactory.java:86] -  [DUBBO] No spring extension (bean) named:applicationContext, try to find an extension (bean) of type org.springframework.context.ConfigurableApplicationContext, dubbo version: 2.7.3, current host: 192.168.31.2
[shanjupay-merchant-service][${env:SERVER_PORT}] 2021-05-10 10:24:01,698 WARN
            [main][SpringExtensionFactory.java:104] -  [DUBBO] No spring extension (bean) named:applicationContext, type:org.springframework.context.ConfigurableApplicationContext found, stop get bean., dubbo version: 2.7.3, current host: 192.168.31.2
[shanjupay-merchant-service][${env:SERVER_PORT}] 2021-05-10 10:24:01,707 INFO
            [main][AbstractRegistry.java:280] -  [DUBBO] Register: dubbo://192.168.31.2:20890/com.shanjupay.merchant.api.MerchantService?anyhost=true&application=merchant-service&bean.name=ServiceBean:com.shanjupay.merchant.api.MerchantService&deprecated=false&dubbo=2.0.2&dynamic=true&generic=false&interface=com.shanjupay.merchant.api.MerchantService&methods=queryMerchantById,createMerchant&pid=6412&register=true&release=2.7.3&side=provider&timestamp=1620613440693, dubbo version: 2.7.3, current host: 192.168.31.2
[shanjupay-merchant-service][${env:SERVER_PORT}] 2021-05-10 10:24:03,315 INFO
            [main][InetUtils.java:170] - Cannot determine local hostname
[shanjupay-merchant-service][${env:SERVER_PORT}] 2021-05-10 10:24:03,315 INFO
            [main][AbstractRegistry.java:305] -  [DUBBO] Subscribe: provider://192.168.31.2:20890/com.shanjupay.merchant.api.MerchantService?anyhost=true&application=merchant-service&bean.name=ServiceBean:com.shanjupay.merchant.api.MerchantService&bind.ip=192.168.31.2&bind.port=20890&category=configurators&check=false&deprecated=false&dubbo=2.0.2&dynamic=true&generic=false&interface=com.shanjupay.merchant.api.MerchantService&methods=queryMerchantById,createMerchant&pid=6412&qos.enable=false&qos.port=22240&register=true&release=2.7.3&side=provider&timestamp=1620613440693, dubbo version: 2.7.3, current host: 192.168.31.2
[shanjupay-merchant-service][${env:SERVER_PORT}] 2021-05-10 10:24:03,319 INFO
            [main][AbstractInterfaceConfig.java:237] -  [DUBBO] There's no valid monitor config found, if you want to open monitor statistics for Dubbo, please make sure your monitor is configured properly., dubbo version: 2.7.3, current host: 192.168.31.2
[shanjupay-merchant-service][${env:SERVER_PORT}] 2021-05-10 10:24:03,320 INFO
            [main][ServiceConfig.java:595] -  [DUBBO] Register dubbo service com.shanjupay.merchant.api.MerchantService url dubbo://192.168.31.2:20890/com.shanjupay.merchant.api.MerchantService?anyhost=true&application=merchant-service&bean.name=ServiceBean:com.shanjupay.merchant.api.MerchantService&bind.ip=192.168.31.2&bind.port=20890&deprecated=false&dubbo=2.0.2&dynamic=true&generic=false&interface=com.shanjupay.merchant.api.MerchantService&methods=queryMerchantById,createMerchant&pid=6412&qos.enable=false&qos.port=22240&register=true&release=2.7.3&side=provider&timestamp=1620613440693 to registry registry://127.0.0.1:8848/org.apache.dubbo.registry.RegistryService?application=merchant-service&dubbo=2.0.2&pid=6412&qos.enable=false&qos.port=22240&registry=nacos&release=2.7.3&timestamp=1620613440691, dubbo version: 2.7.3, current host: 192.168.31.2
[shanjupay-merchant-service][${env:SERVER_PORT}] 2021-05-10 10:24:03,335 INFO
            [main][AbstractRegistry.java:212] -  [DUBBO] Load registry cache file C:\Users\chase\.dubbo\dubbo-registry-merchant-service-127.0.0.1:8848.cache, data: {merchant-application/com.alibaba.cloud.dubbo.service.DubboMetadataService:1.0.0=dubbo://192.168.31.2:20891/com.alibaba.cloud.dubbo.service.DubboMetadataService?anyhost=true&application=merchant-application&category=providers&deprecated=false&dubbo=2.0.2&dynamic=true&generic=false&group=merchant-application&interface=com.alibaba.cloud.dubbo.service.DubboMetadataService&methods=getAllServiceKeys,getServiceRestMetadata,getExportedURLs,getAllExportedURLs&path=com.alibaba.cloud.dubbo.service.DubboMetadataService&pid=10276&protocol=dubbo&register=true&release=2.7.3&revision=2.1.0.RELEASE&side=provider&timestamp=1620438911774&version=1.0.0, merchant--application/com.alibaba.cloud.dubbo.service.DubboMetadataService:1.0.0=dubbo://192.168.31.2:20891/com.alibaba.cloud.dubbo.service.DubboMetadataService?anyhost=true&application=merchant--application&category=providers&deprecated=false&dubbo=2.0.2&dynamic=true&generic=false&group=merchant--application&interface=com.alibaba.cloud.dubbo.service.DubboMetadataService&methods=getAllServiceKeys,getServiceRestMetadata,getExportedURLs,getAllExportedURLs&path=com.alibaba.cloud.dubbo.service.DubboMetadataService&pid=11592&protocol=dubbo&register=true&release=2.7.3&revision=2.1.0.RELEASE&side=provider&timestamp=1619764942708&version=1.0.0}, dubbo version: 2.7.3, current host: 192.168.31.2
[shanjupay-merchant-service][${env:SERVER_PORT}] 2021-05-10 10:24:03,336 INFO
            [main][AbstractRegistry.java:280] -  [DUBBO] Register: dubbo://192.168.31.2:20890/com.shanjupay.merchant.api.MerchantService?anyhost=true&application=merchant-service&bean.name=ServiceBean:com.shanjupay.merchant.api.MerchantService&deprecated=false&dubbo=2.0.2&dynamic=true&generic=false&interface=com.shanjupay.merchant.api.MerchantService&methods=queryMerchantById,createMerchant&pid=6412&register=true&release=2.7.3&side=provider&timestamp=1620613440693, dubbo version: 2.7.3, current host: 192.168.31.2
[shanjupay-merchant-service][${env:SERVER_PORT}] 2021-05-10 10:24:03,351 INFO
            [main][AbstractRegistry.java:305] -  [DUBBO] Subscribe: provider://192.168.31.2:20890/com.shanjupay.merchant.api.MerchantService?anyhost=true&application=merchant-service&bean.name=ServiceBean:com.shanjupay.merchant.api.MerchantService&bind.ip=192.168.31.2&bind.port=20890&category=configurators&check=false&deprecated=false&dubbo=2.0.2&dynamic=true&generic=false&interface=com.shanjupay.merchant.api.MerchantService&methods=queryMerchantById,createMerchant&pid=6412&qos.enable=false&qos.port=22240&register=true&release=2.7.3&side=provider&timestamp=1620613440693, dubbo version: 2.7.3, current host: 192.168.31.2
[shanjupay-merchant-service][${env:SERVER_PORT}] 2021-05-10 10:24:03,381 WARN
            [main][AbstractRegistry.java:395] -  [DUBBO] Ignore empty notify urls for subscribe url provider://192.168.31.2:20890/com.shanjupay.merchant.api.MerchantService?anyhost=true&application=merchant-service&bean.name=ServiceBean:com.shanjupay.merchant.api.MerchantService&bind.ip=192.168.31.2&bind.port=20890&category=configurators&check=false&deprecated=false&dubbo=2.0.2&dynamic=true&generic=false&interface=com.shanjupay.merchant.api.MerchantService&methods=queryMerchantById,createMerchant&pid=6412&qos.enable=false&qos.port=22240&register=true&release=2.7.3&side=provider&timestamp=1620613440693, dubbo version: 2.7.3, current host: 192.168.31.2
[shanjupay-merchant-service][${env:SERVER_PORT}] 2021-05-10 10:24:03,383 WARN
            [com.alibaba.nacos.naming.client.listener][AbstractRegistry.java:395] -  [DUBBO] Ignore empty notify urls for subscribe url provider://192.168.31.2:20890/com.shanjupay.merchant.api.MerchantService?anyhost=true&application=merchant-service&bean.name=ServiceBean:com.shanjupay.merchant.api.MerchantService&bind.ip=192.168.31.2&bind.port=20890&category=configurators&check=false&deprecated=false&dubbo=2.0.2&dynamic=true&generic=false&interface=com.shanjupay.merchant.api.MerchantService&methods=queryMerchantById,createMerchant&pid=6412&qos.enable=false&qos.port=22240&register=true&release=2.7.3&side=provider&timestamp=1620613440693, dubbo version: 2.7.3, current host: 192.168.31.2
[shanjupay-merchant-service][${env:SERVER_PORT}] 2021-05-10 10:24:03,388 INFO
            [main][DirectJDKLog.java:173] - Starting ProtocolHandler ["http-nio-56040"]
[shanjupay-merchant-service][${env:SERVER_PORT}] 2021-05-10 10:24:03,405 INFO
            [main][TomcatWebServer.java:204] - Tomcat started on port(s): 56040 (http) with context path '/merchantservice'
[shanjupay-merchant-service][${env:SERVER_PORT}] 2021-05-10 10:24:03,421 WARN
            [main][AbstractInterfaceConfig.java:265] -  [DUBBO] There's no valid metadata config found, if you are using the simplified mode of registry url, please make sure you have a metadata address configured properly., dubbo version: 2.7.3, current host: 192.168.31.2
[shanjupay-merchant-service][${env:SERVER_PORT}] 2021-05-10 10:24:03,431 INFO
            [main][ServiceConfig.java:643] -  [DUBBO] Export dubbo service com.alibaba.cloud.dubbo.service.DubboMetadataService to local registry url : injvm://127.0.0.1/com.alibaba.cloud.dubbo.service.DubboMetadataService?anyhost=true&application=merchant-service&bind.ip=192.168.31.2&bind.port=20890&deprecated=false&dubbo=2.0.2&dynamic=true&generic=false&group=merchant-service&interface=com.alibaba.cloud.dubbo.service.DubboMetadataService&methods=getAllServiceKeys,getServiceRestMetadata,getExportedURLs,getAllExportedURLs&pid=6412&qos.enable=false&qos.port=22240&register=true&release=2.7.3&revision=2.1.0.RELEASE&side=provider&timestamp=1620613443421&version=1.0.0, dubbo version: 2.7.3, current host: 192.168.31.2
[shanjupay-merchant-service][${env:SERVER_PORT}] 2021-05-10 10:24:03,431 INFO
            [main][ServiceConfig.java:581] -  [DUBBO] Export dubbo service com.alibaba.cloud.dubbo.service.DubboMetadataService to url dubbo://192.168.31.2:20890/com.alibaba.cloud.dubbo.service.DubboMetadataService?anyhost=true&application=merchant-service&bind.ip=192.168.31.2&bind.port=20890&deprecated=false&dubbo=2.0.2&dynamic=true&generic=false&group=merchant-service&interface=com.alibaba.cloud.dubbo.service.DubboMetadataService&methods=getAllServiceKeys,getServiceRestMetadata,getExportedURLs,getAllExportedURLs&pid=6412&qos.enable=false&qos.port=22240&register=true&release=2.7.3&revision=2.1.0.RELEASE&side=provider&timestamp=1620613443421&version=1.0.0, dubbo version: 2.7.3, current host: 192.168.31.2
[shanjupay-merchant-service][${env:SERVER_PORT}] 2021-05-10 10:24:03,432 INFO
            [main][AbstractInterfaceConfig.java:237] -  [DUBBO] There's no valid monitor config found, if you want to open monitor statistics for Dubbo, please make sure your monitor is configured properly., dubbo version: 2.7.3, current host: 192.168.31.2
[shanjupay-merchant-service][${env:SERVER_PORT}] 2021-05-10 10:24:03,432 INFO
            [main][ServiceConfig.java:595] -  [DUBBO] Register dubbo service com.alibaba.cloud.dubbo.service.DubboMetadataService url dubbo://192.168.31.2:20890/com.alibaba.cloud.dubbo.service.DubboMetadataService?anyhost=true&application=merchant-service&bind.ip=192.168.31.2&bind.port=20890&deprecated=false&dubbo=2.0.2&dynamic=true&generic=false&group=merchant-service&interface=com.alibaba.cloud.dubbo.service.DubboMetadataService&methods=getAllServiceKeys,getServiceRestMetadata,getExportedURLs,getAllExportedURLs&pid=6412&qos.enable=false&qos.port=22240&register=true&release=2.7.3&revision=2.1.0.RELEASE&side=provider&timestamp=1620613443421&version=1.0.0 to registry registry://127.0.0.1:8848/org.apache.dubbo.registry.RegistryService?application=merchant-service&dubbo=2.0.2&pid=6412&qos.enable=false&qos.port=22240&registry=nacos&release=2.7.3&timestamp=1620613443421, dubbo version: 2.7.3, current host: 192.168.31.2
[shanjupay-merchant-service][${env:SERVER_PORT}] 2021-05-10 10:24:03,433 INFO
            [main][AbstractRegistry.java:280] -  [DUBBO] Register: dubbo://192.168.31.2:20890/com.alibaba.cloud.dubbo.service.DubboMetadataService?anyhost=true&application=merchant-service&deprecated=false&dubbo=2.0.2&dynamic=true&generic=false&group=merchant-service&interface=com.alibaba.cloud.dubbo.service.DubboMetadataService&methods=getAllServiceKeys,getServiceRestMetadata,getExportedURLs,getAllExportedURLs&pid=6412&register=true&release=2.7.3&revision=2.1.0.RELEASE&side=provider&timestamp=1620613443421&version=1.0.0, dubbo version: 2.7.3, current host: 192.168.31.2
[shanjupay-merchant-service][${env:SERVER_PORT}] 2021-05-10 10:24:03,438 INFO
            [main][AbstractRegistry.java:305] -  [DUBBO] Subscribe: provider://192.168.31.2:20890/com.alibaba.cloud.dubbo.service.DubboMetadataService?anyhost=true&application=merchant-service&bind.ip=192.168.31.2&bind.port=20890&category=configurators&check=false&deprecated=false&dubbo=2.0.2&dynamic=true&generic=false&group=merchant-service&interface=com.alibaba.cloud.dubbo.service.DubboMetadataService&methods=getAllServiceKeys,getServiceRestMetadata,getExportedURLs,getAllExportedURLs&pid=6412&qos.enable=false&qos.port=22240&register=true&release=2.7.3&revision=2.1.0.RELEASE&side=provider&timestamp=1620613443421&version=1.0.0, dubbo version: 2.7.3, current host: 192.168.31.2
[shanjupay-merchant-service][${env:SERVER_PORT}] 2021-05-10 10:24:03,443 WARN
            [main][AbstractRegistry.java:395] -  [DUBBO] Ignore empty notify urls for subscribe url provider://192.168.31.2:20890/com.alibaba.cloud.dubbo.service.DubboMetadataService?anyhost=true&application=merchant-service&bind.ip=192.168.31.2&bind.port=20890&category=configurators&check=false&deprecated=false&dubbo=2.0.2&dynamic=true&generic=false&group=merchant-service&interface=com.alibaba.cloud.dubbo.service.DubboMetadataService&methods=getAllServiceKeys,getServiceRestMetadata,getExportedURLs,getAllExportedURLs&pid=6412&qos.enable=false&qos.port=22240&register=true&release=2.7.3&revision=2.1.0.RELEASE&side=provider&timestamp=1620613443421&version=1.0.0, dubbo version: 2.7.3, current host: 192.168.31.2
[shanjupay-merchant-service][${env:SERVER_PORT}] 2021-05-10 10:24:03,444 WARN
            [com.alibaba.nacos.naming.client.listener][AbstractRegistry.java:395] -  [DUBBO] Ignore empty notify urls for subscribe url provider://192.168.31.2:20890/com.alibaba.cloud.dubbo.service.DubboMetadataService?anyhost=true&application=merchant-service&bind.ip=192.168.31.2&bind.port=20890&category=configurators&check=false&deprecated=false&dubbo=2.0.2&dynamic=true&generic=false&group=merchant-service&interface=com.alibaba.cloud.dubbo.service.DubboMetadataService&methods=getAllServiceKeys,getServiceRestMetadata,getExportedURLs,getAllExportedURLs&pid=6412&qos.enable=false&qos.port=22240&register=true&release=2.7.3&revision=2.1.0.RELEASE&side=provider&timestamp=1620613443421&version=1.0.0, dubbo version: 2.7.3, current host: 192.168.31.2
[shanjupay-merchant-service][${env:SERVER_PORT}] 2021-05-10 10:24:03,444 INFO
            [main][DubboMetadataServiceExporter.java:86] - The Dubbo service[<dubbo:service path="com.alibaba.cloud.dubbo.service.DubboMetadataService" ref="com.alibaba.cloud.dubbo.service.IntrospectiveDubboMetadataService@5e22ac65" prefix="dubbo.service.com.alibaba.cloud.dubbo.service.DubboMetadataService" generic="false" unexported="false" exported="true" interface="com.alibaba.cloud.dubbo.service.DubboMetadataService" version="1.0.0" dynamic="true" group="merchant-service" deprecated="false" register="true" id="com.alibaba.cloud.dubbo.service.DubboMetadataService" valid="true" />] has been exported.
[shanjupay-merchant-service][${env:SERVER_PORT}] 2021-05-10 10:24:03,471 INFO
            [main][NacosServiceRegistry.java:62] - nacos registry, merchant-service 192.168.31.32:56040 register finished
[shanjupay-merchant-service][${env:SERVER_PORT}] 2021-05-10 10:24:03,476 INFO
            [main][StartupInfoLogger.java:59] - Started MerchantBootstrap in 17.606 seconds (JVM running for 22.549)
[shanjupay-merchant-service][${env:SERVER_PORT}] 2021-05-10 10:24:05,145 INFO
            [RMI TCP Connection(9)-192.168.31.2][DirectJDKLog.java:173] - Initializing Spring DispatcherServlet 'dispatcherServlet'
[shanjupay-merchant-service][${env:SERVER_PORT}] 2021-05-10 10:24:05,145 INFO
            [RMI TCP Connection(9)-192.168.31.2][FrameworkServlet.java:524] - Initializing Servlet 'dispatcherServlet'
[shanjupay-merchant-service][${env:SERVER_PORT}] 2021-05-10 10:24:05,175 INFO
            [RMI TCP Connection(9)-192.168.31.2][FrameworkServlet.java:546] - Completed initialization in 29 ms
[shanjupay-merchant-service][${env:SERVER_PORT}] 2021-05-10 10:24:30,680 WARN
            [ThreadPoolTaskScheduler-1][DubboServiceMetadataRepository.java:216] - Current application will subscribe all services(size:2) in registry, a lot of memory and CPU cycles may be used, thus it's strongly recommend you using the externalized property 'dubbo.cloud.subscribed-services' to specify the services
[shanjupay-merchant-service][${env:SERVER_PORT}] 2021-05-10 10:24:30,694 INFO
            [com.alibaba.nacos.naming.client.listener][DubboServiceDiscoveryAutoConfiguration.java:157] - The event of the service instances[name : merchant-application , size : 1] change is about to be dispatched
[shanjupay-merchant-service][${env:SERVER_PORT}] 2021-05-10 10:24:30,695 INFO
            [com.alibaba.nacos.naming.client.listener][AbstractSpringCloudRegistry.java:213] - The Dubbo Service URL[ID : provider://192.168.31.2:20890/com.shanjupay.merchant.api.MerchantService] is being subscribed for service[name : merchant-application]
[shanjupay-merchant-service][${env:SERVER_PORT}] 2021-05-10 10:24:30,695 INFO
            [com.alibaba.nacos.naming.client.listener][AbstractSpringCloudRegistry.java:223] - The metadata of Dubbo service[key : com.shanjupay.merchant.api.MerchantService] can't be found when the subscribed service[name : merchant-application], and then try to initialize it
[shanjupay-merchant-service][${env:SERVER_PORT}] 2021-05-10 10:24:30,695 INFO
            [com.alibaba.nacos.naming.client.listener][DubboServiceMetadataRepository.java:280] - The metadata of Dubbo service[name : merchant-application] is about to be initialized
[shanjupay-merchant-service][${env:SERVER_PORT}] 2021-05-10 10:24:30,726 WARN
            [com.alibaba.nacos.naming.client.listener][AbstractInterfaceConfig.java:265] -  [DUBBO] There's no valid metadata config found, if you are using the simplified mode of registry url, please make sure you have a metadata address configured properly., dubbo version: 2.7.3, current host: 192.168.31.2
[shanjupay-merchant-service][${env:SERVER_PORT}] 2021-05-10 10:24:30,728 INFO
            [com.alibaba.nacos.naming.client.listener][AbstractInterfaceConfig.java:237] -  [DUBBO] There's no valid monitor config found, if you want to open monitor statistics for Dubbo, please make sure your monitor is configured properly., dubbo version: 2.7.3, current host: 192.168.31.2
[shanjupay-merchant-service][${env:SERVER_PORT}] 2021-05-10 10:24:30,729 INFO
            [com.alibaba.nacos.naming.client.listener][AbstractInterfaceConfig.java:237] -  [DUBBO] There's no valid monitor config found, if you want to open monitor statistics for Dubbo, please make sure your monitor is configured properly., dubbo version: 2.7.3, current host: 192.168.31.2
[shanjupay-merchant-service][${env:SERVER_PORT}] 2021-05-10 10:24:30,741 INFO
            [com.alibaba.nacos.naming.client.listener][AbstractRegistry.java:280] -  [DUBBO] Register: consumer://192.168.31.2/org.apache.dubbo.rpc.service.GenericService?application=merchant-service&category=consumers&check=false&dubbo=2.0.2&generic=true&group=merchant-application&interface=com.alibaba.cloud.dubbo.service.DubboMetadataService&lazy=false&pid=6412&qos.enable=false&qos.port=22240&release=2.7.3&retries=-1&side=consumer&sticky=false&timeout=90000&timestamp=1620613470726&version=1.0.0, dubbo version: 2.7.3, current host: 192.168.31.2
[shanjupay-merchant-service][${env:SERVER_PORT}] 2021-05-10 10:24:30,746 INFO
            [com.alibaba.nacos.naming.client.listener][AbstractRegistry.java:305] -  [DUBBO] Subscribe: consumer://192.168.31.2/org.apache.dubbo.rpc.service.GenericService?application=merchant-service&category=providers,configurators,routers&check=true&dubbo=2.0.2&generic=true&group=merchant-application&interface=com.alibaba.cloud.dubbo.service.DubboMetadataService&lazy=false&pid=6412&qos.enable=false&qos.port=22240&release=2.7.3&retries=-1&side=consumer&sticky=false&timeout=90000&timestamp=1620613470726&version=1.0.0, dubbo version: 2.7.3, current host: 192.168.31.2
[shanjupay-merchant-service][${env:SERVER_PORT}] 2021-05-10 10:24:30,775 INFO
            [com.alibaba.nacos.naming.client.listener][AbstractClient.java:199] -  [DUBBO] Succeed connect to server /192.168.31.2:20891 from NettyClient 192.168.31.2 using dubbo version 2.7.3, channel is NettyChannel [channel=[id: 0xf05d5a59, L:/192.168.31.2:55065 - R:/192.168.31.2:20891]], dubbo version: 2.7.3, current host: 192.168.31.2
[shanjupay-merchant-service][${env:SERVER_PORT}] 2021-05-10 10:24:30,775 INFO
            [com.alibaba.nacos.naming.client.listener][AbstractClient.java:71] -  [DUBBO] Start NettyClient LAPTOP-KIVF0AF2/192.168.31.2 connect to the server /192.168.31.2:20891, dubbo version: 2.7.3, current host: 192.168.31.2
[shanjupay-merchant-service][${env:SERVER_PORT}] 2021-05-10 10:24:30,789 INFO
            [com.alibaba.nacos.naming.client.listener][AbstractRegistry.java:280] -  [DUBBO] Register: consumer://192.168.31.2/org.apache.dubbo.rpc.service.GenericService?application=merchant-service&category=consumers&check=false&dubbo=2.0.2&generic=true&group=merchant-application&interface=com.alibaba.cloud.dubbo.service.DubboMetadataService&lazy=false&pid=6412&qos.enable=false&qos.port=22240&release=2.7.3&retries=-1&side=consumer&sticky=false&timeout=90000&timestamp=1620613470726&version=1.0.0, dubbo version: 2.7.3, current host: 192.168.31.2
[shanjupay-merchant-service][${env:SERVER_PORT}] 2021-05-10 10:24:30,792 INFO
            [com.alibaba.nacos.naming.client.listener][AbstractRegistry.java:305] -  [DUBBO] Subscribe: consumer://192.168.31.2/org.apache.dubbo.rpc.service.GenericService?application=merchant-service&category=providers,configurators,routers&check=true&dubbo=2.0.2&generic=true&group=merchant-application&interface=com.alibaba.cloud.dubbo.service.DubboMetadataService&lazy=false&pid=6412&qos.enable=false&qos.port=22240&release=2.7.3&retries=-1&side=consumer&sticky=false&timeout=90000&timestamp=1620613470726&version=1.0.0, dubbo version: 2.7.3, current host: 192.168.31.2
[shanjupay-merchant-service][${env:SERVER_PORT}] 2021-05-10 10:24:30,795 INFO
            [com.alibaba.nacos.naming.client.listener][AbstractRegistry.java:399] -  [DUBBO] Notify urls for subscribe url consumer://192.168.31.2/org.apache.dubbo.rpc.service.GenericService?application=merchant-service&category=providers,configurators,routers&check=true&dubbo=2.0.2&generic=true&group=merchant-application&interface=com.alibaba.cloud.dubbo.service.DubboMetadataService&lazy=false&pid=6412&qos.enable=false&qos.port=22240&release=2.7.3&retries=-1&side=consumer&sticky=false&timeout=90000&timestamp=1620613470726&version=1.0.0, urls: [dubbo://192.168.31.2:20891/com.alibaba.cloud.dubbo.service.DubboMetadataService?anyhost=true&application=merchant-application&category=providers&deprecated=false&dubbo=2.0.2&dynamic=true&generic=false&group=merchant-application&interface=com.alibaba.cloud.dubbo.service.DubboMetadataService&methods=getAllServiceKeys,getServiceRestMetadata,getExportedURLs,getAllExportedURLs&path=com.alibaba.cloud.dubbo.service.DubboMetadataService&pid=1772&protocol=dubbo&register=true&release=2.7.3&revision=2.1.0.RELEASE&side=provider&timestamp=1620613447418&version=1.0.0], dubbo version: 2.7.3, current host: 192.168.31.2
[shanjupay-merchant-service][${env:SERVER_PORT}] 2021-05-10 10:24:30,797 INFO
            [com.alibaba.nacos.naming.client.listener][AbstractRegistry.java:399] -  [DUBBO] Notify urls for subscribe url consumer://192.168.31.2/org.apache.dubbo.rpc.service.GenericService?application=merchant-service&category=providers,configurators,routers&check=true&dubbo=2.0.2&generic=true&group=merchant-application&interface=com.alibaba.cloud.dubbo.service.DubboMetadataService&lazy=false&pid=6412&qos.enable=false&qos.port=22240&release=2.7.3&retries=-1&side=consumer&sticky=false&timeout=90000&timestamp=1620613470726&version=1.0.0, urls: [dubbo://192.168.31.2:20891/com.alibaba.cloud.dubbo.service.DubboMetadataService?anyhost=true&application=merchant-application&category=providers&deprecated=false&dubbo=2.0.2&dynamic=true&generic=false&group=merchant-application&interface=com.alibaba.cloud.dubbo.service.DubboMetadataService&methods=getAllServiceKeys,getServiceRestMetadata,getExportedURLs,getAllExportedURLs&path=com.alibaba.cloud.dubbo.service.DubboMetadataService&pid=1772&protocol=dubbo&register=true&release=2.7.3&revision=2.1.0.RELEASE&side=provider&timestamp=1620613447418&version=1.0.0], dubbo version: 2.7.3, current host: 192.168.31.2
[shanjupay-merchant-service][${env:SERVER_PORT}] 2021-05-10 10:24:30,800 INFO
            [com.alibaba.nacos.naming.client.listener][ReferenceConfig.java:421] -  [DUBBO] Refer dubbo service org.apache.dubbo.rpc.service.GenericService from url registry://127.0.0.1:8848/org.apache.dubbo.registry.RegistryService?application=merchant-service&check=true&cluster=registryaware&dubbo=2.0.2&generic=true&group=merchant-application&interface=com.alibaba.cloud.dubbo.service.DubboMetadataService&lazy=false&pid=6412&qos.enable=false&qos.port=22240&refer=application%3Dmerchant-service%26check%3Dtrue%26dubbo%3D2.0.2%26generic%3Dtrue%26group%3Dmerchant-application%26interface%3Dcom.alibaba.cloud.dubbo.service.DubboMetadataService%26lazy%3Dfalse%26pid%3D6412%26qos.enable%3Dfalse%26qos.port%3D22240%26register.ip%3D192.168.31.2%26release%3D2.7.3%26retries%3D-1%26side%3Dconsumer%26sticky%3Dfalse%26timeout%3D90000%26timestamp%3D1620613470726%26version%3D1.0.0&register.ip=192.168.31.2&registry=nacos&release=2.7.3&retries=-1&side=consumer&sticky=false&timeout=90000&timestamp=1620613470726&version=1.0.0, dubbo version: 2.7.3, current host: 192.168.31.2
[shanjupay-merchant-service][${env:SERVER_PORT}] 2021-05-10 10:24:30,830 WARN
            [com.alibaba.nacos.naming.client.listener][DubboServiceMetadataRepository.java:484] - The Spring application[name : merchant-application] does not expose The REST metadata in the Dubbo services.
[shanjupay-merchant-service][${env:SERVER_PORT}] 2021-05-10 10:25:00,717 WARN
            [ThreadPoolTaskScheduler-1][DubboServiceMetadataRepository.java:216] - Current application will subscribe all services(size:2) in registry, a lot of memory and CPU cycles may be used, thus it's strongly recommend you using the externalized property 'dubbo.cloud.subscribed-services' to specify the services
[shanjupay-merchant-service][${env:SERVER_PORT}] 2021-05-10 10:25:30,725 WARN
            [ThreadPoolTaskScheduler-1][DubboServiceMetadataRepository.java:216] - Current application will subscribe all services(size:2) in registry, a lot of memory and CPU cycles may be used, thus it's strongly recommend you using the externalized property 'dubbo.cloud.subscribed-services' to specify the services
[shanjupay-merchant-service][${env:SERVER_PORT}] 2021-05-10 10:26:00,742 WARN
            [ThreadPoolTaskScheduler-1][DubboServiceMetadataRepository.java:216] - Current application will subscribe all services(size:2) in registry, a lot of memory and CPU cycles may be used, thus it's strongly recommend you using the externalized property 'dubbo.cloud.subscribed-services' to specify the services
[shanjupay-merchant-service][${env:SERVER_PORT}] 2021-05-10 10:26:30,762 WARN
            [ThreadPoolTaskScheduler-1][DubboServiceMetadataRepository.java:216] - Current application will subscribe all services(size:2) in registry, a lot of memory and CPU cycles may be used, thus it's strongly recommend you using the externalized property 'dubbo.cloud.subscribed-services' to specify the services
[shanjupay-merchant-service][${env:SERVER_PORT}] 2021-05-10 10:27:00,771 WARN
            [ThreadPoolTaskScheduler-1][DubboServiceMetadataRepository.java:216] - Current application will subscribe all services(size:2) in registry, a lot of memory and CPU cycles may be used, thus it's strongly recommend you using the externalized property 'dubbo.cloud.subscribed-services' to specify the services
[shanjupay-merchant-service][${env:SERVER_PORT}] 2021-05-10 10:27:30,785 WARN
            [ThreadPoolTaskScheduler-1][DubboServiceMetadataRepository.java:216] - Current application will subscribe all services(size:2) in registry, a lot of memory and CPU cycles may be used, thus it's strongly recommend you using the externalized property 'dubbo.cloud.subscribed-services' to specify the services
[shanjupay-merchant-service][${env:SERVER_PORT}] 2021-05-10 10:28:00,800 WARN
            [ThreadPoolTaskScheduler-1][DubboServiceMetadataRepository.java:216] - Current application will subscribe all services(size:2) in registry, a lot of memory and CPU cycles may be used, thus it's strongly recommend you using the externalized property 'dubbo.cloud.subscribed-services' to specify the services
[shanjupay-merchant-service][${env:SERVER_PORT}] 2021-05-10 10:28:30,819 WARN
            [ThreadPoolTaskScheduler-1][DubboServiceMetadataRepository.java:216] - Current application will subscribe all services(size:2) in registry, a lot of memory and CPU cycles may be used, thus it's strongly recommend you using the externalized property 'dubbo.cloud.subscribed-services' to specify the services
[shanjupay-merchant-service][${env:SERVER_PORT}] 2021-05-10 10:29:00,834 WARN
            [ThreadPoolTaskScheduler-1][DubboServiceMetadataRepository.java:216] - Current application will subscribe all services(size:2) in registry, a lot of memory and CPU cycles may be used, thus it's strongly recommend you using the externalized property 'dubbo.cloud.subscribed-services' to specify the services
[shanjupay-merchant-service][${env:SERVER_PORT}] 2021-05-10 10:29:30,849 WARN
            [ThreadPoolTaskScheduler-1][DubboServiceMetadataRepository.java:216] - Current application will subscribe all services(size:2) in registry, a lot of memory and CPU cycles may be used, thus it's strongly recommend you using the externalized property 'dubbo.cloud.subscribed-services' to specify the services
[shanjupay-merchant-service][${env:SERVER_PORT}] 2021-05-10 10:30:00,862 WARN
            [ThreadPoolTaskScheduler-1][DubboServiceMetadataRepository.java:216] - Current application will subscribe all services(size:2) in registry, a lot of memory and CPU cycles may be used, thus it's strongly recommend you using the externalized property 'dubbo.cloud.subscribed-services' to specify the services
[shanjupay-merchant-service][${env:SERVER_PORT}] 2021-05-10 10:30:30,870 WARN
            [ThreadPoolTaskScheduler-1][DubboServiceMetadataRepository.java:216] - Current application will subscribe all services(size:2) in registry, a lot of memory and CPU cycles may be used, thus it's strongly recommend you using the externalized property 'dubbo.cloud.subscribed-services' to specify the services
[shanjupay-merchant-service][${env:SERVER_PORT}] 2021-05-10 10:31:00,880 WARN
            [ThreadPoolTaskScheduler-1][DubboServiceMetadataRepository.java:216] - Current application will subscribe all services(size:2) in registry, a lot of memory and CPU cycles may be used, thus it's strongly recommend you using the externalized property 'dubbo.cloud.subscribed-services' to specify the services
[shanjupay-merchant-service][${env:SERVER_PORT}] 2021-05-10 10:31:30,889 WARN
            [ThreadPoolTaskScheduler-1][DubboServiceMetadataRepository.java:216] - Current application will subscribe all services(size:2) in registry, a lot of memory and CPU cycles may be used, thus it's strongly recommend you using the externalized property 'dubbo.cloud.subscribed-services' to specify the services
[shanjupay-merchant-service][${env:SERVER_PORT}] 2021-05-10 10:32:00,898 WARN
            [ThreadPoolTaskScheduler-1][DubboServiceMetadataRepository.java:216] - Current application will subscribe all services(size:2) in registry, a lot of memory and CPU cycles may be used, thus it's strongly recommend you using the externalized property 'dubbo.cloud.subscribed-services' to specify the services
[shanjupay-merchant-service][${env:SERVER_PORT}] 2021-05-10 10:32:30,912 WARN
            [ThreadPoolTaskScheduler-1][DubboServiceMetadataRepository.java:216] - Current application will subscribe all services(size:2) in registry, a lot of memory and CPU cycles may be used, thus it's strongly recommend you using the externalized property 'dubbo.cloud.subscribed-services' to specify the services
[shanjupay-merchant-service][${env:SERVER_PORT}] 2021-05-10 10:33:00,927 WARN
            [ThreadPoolTaskScheduler-1][DubboServiceMetadataRepository.java:216] - Current application will subscribe all services(size:2) in registry, a lot of memory and CPU cycles may be used, thus it's strongly recommend you using the externalized property 'dubbo.cloud.subscribed-services' to specify the services
[shanjupay-merchant-service][${env:SERVER_PORT}] 2021-05-10 10:33:30,933 WARN
            [ThreadPoolTaskScheduler-1][DubboServiceMetadataRepository.java:216] - Current application will subscribe all services(size:2) in registry, a lot of memory and CPU cycles may be used, thus it's strongly recommend you using the externalized property 'dubbo.cloud.subscribed-services' to specify the services
[shanjupay-merchant-service][${env:SERVER_PORT}] 2021-05-10 10:34:00,948 WARN
            [ThreadPoolTaskScheduler-1][DubboServiceMetadataRepository.java:216] - Current application will subscribe all services(size:2) in registry, a lot of memory and CPU cycles may be used, thus it's strongly recommend you using the externalized property 'dubbo.cloud.subscribed-services' to specify the services
[shanjupay-merchant-service][${env:SERVER_PORT}] 2021-05-10 10:34:30,964 WARN
            [ThreadPoolTaskScheduler-1][DubboServiceMetadataRepository.java:216] - Current application will subscribe all services(size:2) in registry, a lot of memory and CPU cycles may be used, thus it's strongly recommend you using the externalized property 'dubbo.cloud.subscribed-services' to specify the services
[shanjupay-merchant-service][${env:SERVER_PORT}] 2021-05-10 10:35:00,973 WARN
            [ThreadPoolTaskScheduler-1][DubboServiceMetadataRepository.java:216] - Current application will subscribe all services(size:2) in registry, a lot of memory and CPU cycles may be used, thus it's strongly recommend you using the externalized property 'dubbo.cloud.subscribed-services' to specify the services
[shanjupay-merchant-service][${env:SERVER_PORT}] 2021-05-10 10:35:30,978 WARN
            [ThreadPoolTaskScheduler-1][DubboServiceMetadataRepository.java:216] - Current application will subscribe all services(size:2) in registry, a lot of memory and CPU cycles may be used, thus it's strongly recommend you using the externalized property 'dubbo.cloud.subscribed-services' to specify the services
[shanjupay-merchant-service][${env:SERVER_PORT}] 2021-05-10 10:36:00,996 WARN
            [ThreadPoolTaskScheduler-1][DubboServiceMetadataRepository.java:216] - Current application will subscribe all services(size:2) in registry, a lot of memory and CPU cycles may be used, thus it's strongly recommend you using the externalized property 'dubbo.cloud.subscribed-services' to specify the services
[shanjupay-merchant-service][${env:SERVER_PORT}] 2021-05-10 10:36:31,010 WARN
            [ThreadPoolTaskScheduler-1][DubboServiceMetadataRepository.java:216] - Current application will subscribe all services(size:2) in registry, a lot of memory and CPU cycles may be used, thus it's strongly recommend you using the externalized property 'dubbo.cloud.subscribed-services' to specify the services
[shanjupay-merchant-service][${env:SERVER_PORT}] 2021-05-10 10:37:01,020 WARN
            [ThreadPoolTaskScheduler-1][DubboServiceMetadataRepository.java:216] - Current application will subscribe all services(size:2) in registry, a lot of memory and CPU cycles may be used, thus it's strongly recommend you using the externalized property 'dubbo.cloud.subscribed-services' to specify the services
[shanjupay-merchant-service][${env:SERVER_PORT}] 2021-05-10 10:37:31,037 WARN
            [ThreadPoolTaskScheduler-1][DubboServiceMetadataRepository.java:216] - Current application will subscribe all services(size:2) in registry, a lot of memory and CPU cycles may be used, thus it's strongly recommend you using the externalized property 'dubbo.cloud.subscribed-services' to specify the services
[shanjupay-merchant-service][${env:SERVER_PORT}] 2021-05-10 10:38:01,051 WARN
            [ThreadPoolTaskScheduler-1][DubboServiceMetadataRepository.java:216] - Current application will subscribe all services(size:2) in registry, a lot of memory and CPU cycles may be used, thus it's strongly recommend you using the externalized property 'dubbo.cloud.subscribed-services' to specify the services
[shanjupay-merchant-service][${env:SERVER_PORT}] 2021-05-10 10:38:31,068 WARN
            [ThreadPoolTaskScheduler-1][DubboServiceMetadataRepository.java:216] - Current application will subscribe all services(size:2) in registry, a lot of memory and CPU cycles may be used, thus it's strongly recommend you using the externalized property 'dubbo.cloud.subscribed-services' to specify the services
[shanjupay-merchant-service][${env:SERVER_PORT}] 2021-05-10 10:39:01,080 WARN
            [ThreadPoolTaskScheduler-1][DubboServiceMetadataRepository.java:216] - Current application will subscribe all services(size:2) in registry, a lot of memory and CPU cycles may be used, thus it's strongly recommend you using the externalized property 'dubbo.cloud.subscribed-services' to specify the services
[shanjupay-merchant-service][${env:SERVER_PORT}] 2021-05-10 10:39:31,088 WARN
            [ThreadPoolTaskScheduler-1][DubboServiceMetadataRepository.java:216] - Current application will subscribe all services(size:2) in registry, a lot of memory and CPU cycles may be used, thus it's strongly recommend you using the externalized property 'dubbo.cloud.subscribed-services' to specify the services
[shanjupay-merchant-service][${env:SERVER_PORT}] 2021-05-10 10:40:01,096 WARN
            [ThreadPoolTaskScheduler-1][DubboServiceMetadataRepository.java:216] - Current application will subscribe all services(size:2) in registry, a lot of memory and CPU cycles may be used, thus it's strongly recommend you using the externalized property 'dubbo.cloud.subscribed-services' to specify the services
[shanjupay-merchant-service][${env:SERVER_PORT}] 2021-05-10 10:40:31,100 WARN
            [ThreadPoolTaskScheduler-1][DubboServiceMetadataRepository.java:216] - Current application will subscribe all services(size:2) in registry, a lot of memory and CPU cycles may be used, thus it's strongly recommend you using the externalized property 'dubbo.cloud.subscribed-services' to specify the services
[shanjupay-merchant-service][${env:SERVER_PORT}] 2021-05-10 10:41:01,114 WARN
            [ThreadPoolTaskScheduler-1][DubboServiceMetadataRepository.java:216] - Current application will subscribe all services(size:2) in registry, a lot of memory and CPU cycles may be used, thus it's strongly recommend you using the externalized property 'dubbo.cloud.subscribed-services' to specify the services
[shanjupay-merchant-service][${env:SERVER_PORT}] 2021-05-10 10:41:31,131 WARN
            [ThreadPoolTaskScheduler-1][DubboServiceMetadataRepository.java:216] - Current application will subscribe all services(size:2) in registry, a lot of memory and CPU cycles may be used, thus it's strongly recommend you using the externalized property 'dubbo.cloud.subscribed-services' to specify the services
[shanjupay-merchant-service][${env:SERVER_PORT}] 2021-05-10 10:42:01,142 WARN
            [ThreadPoolTaskScheduler-1][DubboServiceMetadataRepository.java:216] - Current application will subscribe all services(size:2) in registry, a lot of memory and CPU cycles may be used, thus it's strongly recommend you using the externalized property 'dubbo.cloud.subscribed-services' to specify the services
[shanjupay-merchant-service][${env:SERVER_PORT}] 2021-05-10 10:42:31,151 WARN
            [ThreadPoolTaskScheduler-1][DubboServiceMetadataRepository.java:216] - Current application will subscribe all services(size:2) in registry, a lot of memory and CPU cycles may be used, thus it's strongly recommend you using the externalized property 'dubbo.cloud.subscribed-services' to specify the services
[shanjupay-merchant-service][${env:SERVER_PORT}] 2021-05-10 10:43:01,170 WARN
            [ThreadPoolTaskScheduler-1][DubboServiceMetadataRepository.java:216] - Current application will subscribe all services(size:2) in registry, a lot of memory and CPU cycles may be used, thus it's strongly recommend you using the externalized property 'dubbo.cloud.subscribed-services' to specify the services
[shanjupay-merchant-service][${env:SERVER_PORT}] 2021-05-10 10:43:31,178 WARN
            [ThreadPoolTaskScheduler-1][DubboServiceMetadataRepository.java:216] - Current application will subscribe all services(size:2) in registry, a lot of memory and CPU cycles may be used, thus it's strongly recommend you using the externalized property 'dubbo.cloud.subscribed-services' to specify the services
[shanjupay-merchant-service][${env:SERVER_PORT}] 2021-05-10 10:44:01,188 WARN
            [ThreadPoolTaskScheduler-1][DubboServiceMetadataRepository.java:216] - Current application will subscribe all services(size:2) in registry, a lot of memory and CPU cycles may be used, thus it's strongly recommend you using the externalized property 'dubbo.cloud.subscribed-services' to specify the services
[shanjupay-merchant-service][${env:SERVER_PORT}] 2021-05-10 10:44:31,195 WARN
            [ThreadPoolTaskScheduler-1][DubboServiceMetadataRepository.java:216] - Current application will subscribe all services(size:2) in registry, a lot of memory and CPU cycles may be used, thus it's strongly recommend you using the externalized property 'dubbo.cloud.subscribed-services' to specify the services
[shanjupay-merchant-service][${env:SERVER_PORT}] 2021-05-10 10:45:01,202 WARN
            [ThreadPoolTaskScheduler-1][DubboServiceMetadataRepository.java:216] - Current application will subscribe all services(size:2) in registry, a lot of memory and CPU cycles may be used, thus it's strongly recommend you using the externalized property 'dubbo.cloud.subscribed-services' to specify the services
[shanjupay-merchant-service][${env:SERVER_PORT}] 2021-05-10 10:45:31,205 WARN
            [ThreadPoolTaskScheduler-1][DubboServiceMetadataRepository.java:216] - Current application will subscribe all services(size:2) in registry, a lot of memory and CPU cycles may be used, thus it's strongly recommend you using the externalized property 'dubbo.cloud.subscribed-services' to specify the services
[shanjupay-merchant-service][${env:SERVER_PORT}] 2021-05-10 10:46:01,221 WARN
            [ThreadPoolTaskScheduler-1][DubboServiceMetadataRepository.java:216] - Current application will subscribe all services(size:2) in registry, a lot of memory and CPU cycles may be used, thus it's strongly recommend you using the externalized property 'dubbo.cloud.subscribed-services' to specify the services
[shanjupay-merchant-service][${env:SERVER_PORT}] 2021-05-10 10:46:31,239 WARN
            [ThreadPoolTaskScheduler-1][DubboServiceMetadataRepository.java:216] - Current application will subscribe all services(size:2) in registry, a lot of memory and CPU cycles may be used, thus it's strongly recommend you using the externalized property 'dubbo.cloud.subscribed-services' to specify the services
[shanjupay-merchant-service][${env:SERVER_PORT}] 2021-05-10 10:47:01,255 WARN
            [ThreadPoolTaskScheduler-1][DubboServiceMetadataRepository.java:216] - Current application will subscribe all services(size:2) in registry, a lot of memory and CPU cycles may be used, thus it's strongly recommend you using the externalized property 'dubbo.cloud.subscribed-services' to specify the services
[shanjupay-merchant-service][${env:SERVER_PORT}] 2021-05-10 10:47:31,262 WARN
            [ThreadPoolTaskScheduler-1][DubboServiceMetadataRepository.java:216] - Current application will subscribe all services(size:2) in registry, a lot of memory and CPU cycles may be used, thus it's strongly recommend you using the externalized property 'dubbo.cloud.subscribed-services' to specify the services
[shanjupay-merchant-service][${env:SERVER_PORT}] 2021-05-10 10:48:01,280 WARN
            [ThreadPoolTaskScheduler-1][DubboServiceMetadataRepository.java:216] - Current application will subscribe all services(size:2) in registry, a lot of memory and CPU cycles may be used, thus it's strongly recommend you using the externalized property 'dubbo.cloud.subscribed-services' to specify the services
[shanjupay-merchant-service][${env:SERVER_PORT}] 2021-05-10 10:48:31,295 WARN
            [ThreadPoolTaskScheduler-1][DubboServiceMetadataRepository.java:216] - Current application will subscribe all services(size:2) in registry, a lot of memory and CPU cycles may be used, thus it's strongly recommend you using the externalized property 'dubbo.cloud.subscribed-services' to specify the services
[shanjupay-merchant-service][${env:SERVER_PORT}] 2021-05-10 10:49:01,301 WARN
            [ThreadPoolTaskScheduler-1][DubboServiceMetadataRepository.java:216] - Current application will subscribe all services(size:2) in registry, a lot of memory and CPU cycles may be used, thus it's strongly recommend you using the externalized property 'dubbo.cloud.subscribed-services' to specify the services
[shanjupay-merchant-service][${env:SERVER_PORT}] 2021-05-10 10:49:31,316 WARN
            [ThreadPoolTaskScheduler-1][DubboServiceMetadataRepository.java:216] - Current application will subscribe all services(size:2) in registry, a lot of memory and CPU cycles may be used, thus it's strongly recommend you using the externalized property 'dubbo.cloud.subscribed-services' to specify the services
[shanjupay-merchant-service][${env:SERVER_PORT}] 2021-05-10 10:50:01,322 WARN
            [ThreadPoolTaskScheduler-1][DubboServiceMetadataRepository.java:216] - Current application will subscribe all services(size:2) in registry, a lot of memory and CPU cycles may be used, thus it's strongly recommend you using the externalized property 'dubbo.cloud.subscribed-services' to specify the services
[shanjupay-merchant-service][${env:SERVER_PORT}] 2021-05-10 10:50:31,335 WARN
            [ThreadPoolTaskScheduler-1][DubboServiceMetadataRepository.java:216] - Current application will subscribe all services(size:2) in registry, a lot of memory and CPU cycles may be used, thus it's strongly recommend you using the externalized property 'dubbo.cloud.subscribed-services' to specify the services
[shanjupay-merchant-service][${env:SERVER_PORT}] 2021-05-10 10:51:01,338 WARN
            [ThreadPoolTaskScheduler-1][DubboServiceMetadataRepository.java:216] - Current application will subscribe all services(size:2) in registry, a lot of memory and CPU cycles may be used, thus it's strongly recommend you using the externalized property 'dubbo.cloud.subscribed-services' to specify the services
[shanjupay-merchant-service][${env:SERVER_PORT}] 2021-05-10 10:51:31,348 WARN
            [ThreadPoolTaskScheduler-1][DubboServiceMetadataRepository.java:216] - Current application will subscribe all services(size:2) in registry, a lot of memory and CPU cycles may be used, thus it's strongly recommend you using the externalized property 'dubbo.cloud.subscribed-services' to specify the services
[shanjupay-merchant-service][${env:SERVER_PORT}] 2021-05-10 10:52:01,356 WARN
            [ThreadPoolTaskScheduler-1][DubboServiceMetadataRepository.java:216] - Current application will subscribe all services(size:2) in registry, a lot of memory and CPU cycles may be used, thus it's strongly recommend you using the externalized property 'dubbo.cloud.subscribed-services' to specify the services
[shanjupay-merchant-service][${env:SERVER_PORT}] 2021-05-10 10:52:31,368 WARN
            [ThreadPoolTaskScheduler-1][DubboServiceMetadataRepository.java:216] - Current application will subscribe all services(size:2) in registry, a lot of memory and CPU cycles may be used, thus it's strongly recommend you using the externalized property 'dubbo.cloud.subscribed-services' to specify the services
[shanjupay-merchant-service][${env:SERVER_PORT}] 2021-05-10 10:53:01,381 WARN
            [ThreadPoolTaskScheduler-1][DubboServiceMetadataRepository.java:216] - Current application will subscribe all services(size:2) in registry, a lot of memory and CPU cycles may be used, thus it's strongly recommend you using the externalized property 'dubbo.cloud.subscribed-services' to specify the services
[shanjupay-merchant-service][${env:SERVER_PORT}] 2021-05-10 10:53:31,400 WARN
            [ThreadPoolTaskScheduler-1][DubboServiceMetadataRepository.java:216] - Current application will subscribe all services(size:2) in registry, a lot of memory and CPU cycles may be used, thus it's strongly recommend you using the externalized property 'dubbo.cloud.subscribed-services' to specify the services
[shanjupay-merchant-service][${env:SERVER_PORT}] 2021-05-10 10:54:01,412 WARN
            [ThreadPoolTaskScheduler-1][DubboServiceMetadataRepository.java:216] - Current application will subscribe all services(size:2) in registry, a lot of memory and CPU cycles may be used, thus it's strongly recommend you using the externalized property 'dubbo.cloud.subscribed-services' to specify the services
[shanjupay-merchant-service][${env:SERVER_PORT}] 2021-05-10 10:54:31,428 WARN
            [ThreadPoolTaskScheduler-1][DubboServiceMetadataRepository.java:216] - Current application will subscribe all services(size:2) in registry, a lot of memory and CPU cycles may be used, thus it's strongly recommend you using the externalized property 'dubbo.cloud.subscribed-services' to specify the services
[shanjupay-merchant-service][${env:SERVER_PORT}] 2021-05-10 10:55:01,432 WARN
            [ThreadPoolTaskScheduler-1][DubboServiceMetadataRepository.java:216] - Current application will subscribe all services(size:2) in registry, a lot of memory and CPU cycles may be used, thus it's strongly recommend you using the externalized property 'dubbo.cloud.subscribed-services' to specify the services
[shanjupay-merchant-service][${env:SERVER_PORT}] 2021-05-10 10:55:31,435 WARN
            [ThreadPoolTaskScheduler-1][DubboServiceMetadataRepository.java:216] - Current application will subscribe all services(size:2) in registry, a lot of memory and CPU cycles may be used, thus it's strongly recommend you using the externalized property 'dubbo.cloud.subscribed-services' to specify the services
[shanjupay-merchant-service][${env:SERVER_PORT}] 2021-05-10 10:56:01,443 WARN
            [ThreadPoolTaskScheduler-1][DubboServiceMetadataRepository.java:216] - Current application will subscribe all services(size:2) in registry, a lot of memory and CPU cycles may be used, thus it's strongly recommend you using the externalized property 'dubbo.cloud.subscribed-services' to specify the services
[shanjupay-merchant-service][${env:SERVER_PORT}] 2021-05-10 10:56:31,450 WARN
            [ThreadPoolTaskScheduler-1][DubboServiceMetadataRepository.java:216] - Current application will subscribe all services(size:2) in registry, a lot of memory and CPU cycles may be used, thus it's strongly recommend you using the externalized property 'dubbo.cloud.subscribed-services' to specify the services
[shanjupay-merchant-service][${env:SERVER_PORT}] 2021-05-10 10:57:01,459 WARN
            [ThreadPoolTaskScheduler-1][DubboServiceMetadataRepository.java:216] - Current application will subscribe all services(size:2) in registry, a lot of memory and CPU cycles may be used, thus it's strongly recommend you using the externalized property 'dubbo.cloud.subscribed-services' to specify the services
[shanjupay-merchant-service][${env:SERVER_PORT}] 2021-05-10 10:57:31,465 WARN
            [ThreadPoolTaskScheduler-1][DubboServiceMetadataRepository.java:216] - Current application will subscribe all services(size:2) in registry, a lot of memory and CPU cycles may be used, thus it's strongly recommend you using the externalized property 'dubbo.cloud.subscribed-services' to specify the services
[shanjupay-merchant-service][${env:SERVER_PORT}] 2021-05-10 10:58:01,476 WARN
            [ThreadPoolTaskScheduler-1][DubboServiceMetadataRepository.java:216] - Current application will subscribe all services(size:2) in registry, a lot of memory and CPU cycles may be used, thus it's strongly recommend you using the externalized property 'dubbo.cloud.subscribed-services' to specify the services
[shanjupay-merchant-service][${env:SERVER_PORT}] 2021-05-10 10:58:31,486 WARN
            [ThreadPoolTaskScheduler-1][DubboServiceMetadataRepository.java:216] - Current application will subscribe all services(size:2) in registry, a lot of memory and CPU cycles may be used, thus it's strongly recommend you using the externalized property 'dubbo.cloud.subscribed-services' to specify the services
[shanjupay-merchant-service][${env:SERVER_PORT}] 2021-05-10 10:59:01,500 WARN
            [ThreadPoolTaskScheduler-1][DubboServiceMetadataRepository.java:216] - Current application will subscribe all services(size:2) in registry, a lot of memory and CPU cycles may be used, thus it's strongly recommend you using the externalized property 'dubbo.cloud.subscribed-services' to specify the services
[shanjupay-merchant-service][${env:SERVER_PORT}] 2021-05-10 10:59:31,504 WARN
            [ThreadPoolTaskScheduler-1][DubboServiceMetadataRepository.java:216] - Current application will subscribe all services(size:2) in registry, a lot of memory and CPU cycles may be used, thus it's strongly recommend you using the externalized property 'dubbo.cloud.subscribed-services' to specify the services
