[shanjupay-merchant-service][${env:SERVER_PORT}] 2021-05-10 18:00:03,984 WARN
            [ThreadPoolTaskScheduler-1][DubboServiceMetadataRepository.java:216] - Current application will subscribe all services(size:2) in registry, a lot of memory and CPU cycles may be used, thus it's strongly recommend you using the externalized property 'dubbo.cloud.subscribed-services' to specify the services
[shanjupay-merchant-service][${env:SERVER_PORT}] 2021-05-10 18:00:33,987 WARN
            [ThreadPoolTaskScheduler-1][DubboServiceMetadataRepository.java:216] - Current application will subscribe all services(size:2) in registry, a lot of memory and CPU cycles may be used, thus it's strongly recommend you using the externalized property 'dubbo.cloud.subscribed-services' to specify the services
[shanjupay-merchant-service][${env:SERVER_PORT}] 2021-05-10 18:01:03,996 WARN
            [ThreadPoolTaskScheduler-1][DubboServiceMetadataRepository.java:216] - Current application will subscribe all services(size:2) in registry, a lot of memory and CPU cycles may be used, thus it's strongly recommend you using the externalized property 'dubbo.cloud.subscribed-services' to specify the services
[shanjupay-merchant-service][${env:SERVER_PORT}] 2021-05-10 18:01:34,007 WARN
            [ThreadPoolTaskScheduler-1][DubboServiceMetadataRepository.java:216] - Current application will subscribe all services(size:2) in registry, a lot of memory and CPU cycles may be used, thus it's strongly recommend you using the externalized property 'dubbo.cloud.subscribed-services' to specify the services
[shanjupay-merchant-service][${env:SERVER_PORT}] 2021-05-10 18:02:04,016 WARN
            [ThreadPoolTaskScheduler-1][DubboServiceMetadataRepository.java:216] - Current application will subscribe all services(size:2) in registry, a lot of memory and CPU cycles may be used, thus it's strongly recommend you using the externalized property 'dubbo.cloud.subscribed-services' to specify the services
[shanjupay-merchant-service][${env:SERVER_PORT}] 2021-05-10 18:02:34,020 WARN
            [ThreadPoolTaskScheduler-1][DubboServiceMetadataRepository.java:216] - Current application will subscribe all services(size:2) in registry, a lot of memory and CPU cycles may be used, thus it's strongly recommend you using the externalized property 'dubbo.cloud.subscribed-services' to specify the services
[shanjupay-merchant-service][${env:SERVER_PORT}] 2021-05-10 18:03:04,028 WARN
            [ThreadPoolTaskScheduler-1][DubboServiceMetadataRepository.java:216] - Current application will subscribe all services(size:2) in registry, a lot of memory and CPU cycles may be used, thus it's strongly recommend you using the externalized property 'dubbo.cloud.subscribed-services' to specify the services
[shanjupay-merchant-service][${env:SERVER_PORT}] 2021-05-10 18:03:34,039 WARN
            [ThreadPoolTaskScheduler-1][DubboServiceMetadataRepository.java:216] - Current application will subscribe all services(size:2) in registry, a lot of memory and CPU cycles may be used, thus it's strongly recommend you using the externalized property 'dubbo.cloud.subscribed-services' to specify the services
[shanjupay-merchant-service][${env:SERVER_PORT}] 2021-05-10 18:04:04,052 WARN
            [ThreadPoolTaskScheduler-1][DubboServiceMetadataRepository.java:216] - Current application will subscribe all services(size:2) in registry, a lot of memory and CPU cycles may be used, thus it's strongly recommend you using the externalized property 'dubbo.cloud.subscribed-services' to specify the services
[shanjupay-merchant-service][${env:SERVER_PORT}] 2021-05-10 18:04:34,067 WARN
            [ThreadPoolTaskScheduler-1][DubboServiceMetadataRepository.java:216] - Current application will subscribe all services(size:2) in registry, a lot of memory and CPU cycles may be used, thus it's strongly recommend you using the externalized property 'dubbo.cloud.subscribed-services' to specify the services
[shanjupay-merchant-service][${env:SERVER_PORT}] 2021-05-10 18:05:04,083 WARN
            [ThreadPoolTaskScheduler-1][DubboServiceMetadataRepository.java:216] - Current application will subscribe all services(size:2) in registry, a lot of memory and CPU cycles may be used, thus it's strongly recommend you using the externalized property 'dubbo.cloud.subscribed-services' to specify the services
[shanjupay-merchant-service][${env:SERVER_PORT}] 2021-05-10 18:05:34,090 WARN
            [ThreadPoolTaskScheduler-1][DubboServiceMetadataRepository.java:216] - Current application will subscribe all services(size:2) in registry, a lot of memory and CPU cycles may be used, thus it's strongly recommend you using the externalized property 'dubbo.cloud.subscribed-services' to specify the services
[shanjupay-merchant-service][${env:SERVER_PORT}] 2021-05-10 18:06:04,094 WARN
            [ThreadPoolTaskScheduler-1][DubboServiceMetadataRepository.java:216] - Current application will subscribe all services(size:2) in registry, a lot of memory and CPU cycles may be used, thus it's strongly recommend you using the externalized property 'dubbo.cloud.subscribed-services' to specify the services
[shanjupay-merchant-service][${env:SERVER_PORT}] 2021-05-10 18:06:34,099 WARN
            [ThreadPoolTaskScheduler-1][DubboServiceMetadataRepository.java:216] - Current application will subscribe all services(size:2) in registry, a lot of memory and CPU cycles may be used, thus it's strongly recommend you using the externalized property 'dubbo.cloud.subscribed-services' to specify the services
[shanjupay-merchant-service][${env:SERVER_PORT}] 2021-05-10 18:07:04,101 WARN
            [ThreadPoolTaskScheduler-1][DubboServiceMetadataRepository.java:216] - Current application will subscribe all services(size:2) in registry, a lot of memory and CPU cycles may be used, thus it's strongly recommend you using the externalized property 'dubbo.cloud.subscribed-services' to specify the services
[shanjupay-merchant-service][${env:SERVER_PORT}] 2021-05-10 18:07:34,117 WARN
            [ThreadPoolTaskScheduler-1][DubboServiceMetadataRepository.java:216] - Current application will subscribe all services(size:2) in registry, a lot of memory and CPU cycles may be used, thus it's strongly recommend you using the externalized property 'dubbo.cloud.subscribed-services' to specify the services
[shanjupay-merchant-service][${env:SERVER_PORT}] 2021-05-10 18:08:04,122 WARN
            [ThreadPoolTaskScheduler-1][DubboServiceMetadataRepository.java:216] - Current application will subscribe all services(size:2) in registry, a lot of memory and CPU cycles may be used, thus it's strongly recommend you using the externalized property 'dubbo.cloud.subscribed-services' to specify the services
[shanjupay-merchant-service][${env:SERVER_PORT}] 2021-05-10 18:08:34,134 WARN
            [ThreadPoolTaskScheduler-1][DubboServiceMetadataRepository.java:216] - Current application will subscribe all services(size:2) in registry, a lot of memory and CPU cycles may be used, thus it's strongly recommend you using the externalized property 'dubbo.cloud.subscribed-services' to specify the services
[shanjupay-merchant-service][${env:SERVER_PORT}] 2021-05-10 18:09:04,140 WARN
            [ThreadPoolTaskScheduler-1][DubboServiceMetadataRepository.java:216] - Current application will subscribe all services(size:2) in registry, a lot of memory and CPU cycles may be used, thus it's strongly recommend you using the externalized property 'dubbo.cloud.subscribed-services' to specify the services
[shanjupay-merchant-service][${env:SERVER_PORT}] 2021-05-10 18:09:34,157 WARN
            [ThreadPoolTaskScheduler-1][DubboServiceMetadataRepository.java:216] - Current application will subscribe all services(size:2) in registry, a lot of memory and CPU cycles may be used, thus it's strongly recommend you using the externalized property 'dubbo.cloud.subscribed-services' to specify the services
[shanjupay-merchant-service][${env:SERVER_PORT}] 2021-05-10 18:10:04,172 WARN
            [ThreadPoolTaskScheduler-1][DubboServiceMetadataRepository.java:216] - Current application will subscribe all services(size:2) in registry, a lot of memory and CPU cycles may be used, thus it's strongly recommend you using the externalized property 'dubbo.cloud.subscribed-services' to specify the services
[shanjupay-merchant-service][${env:SERVER_PORT}] 2021-05-10 18:10:34,188 WARN
            [ThreadPoolTaskScheduler-1][DubboServiceMetadataRepository.java:216] - Current application will subscribe all services(size:2) in registry, a lot of memory and CPU cycles may be used, thus it's strongly recommend you using the externalized property 'dubbo.cloud.subscribed-services' to specify the services
[shanjupay-merchant-service][${env:SERVER_PORT}] 2021-05-10 18:11:04,196 WARN
            [ThreadPoolTaskScheduler-1][DubboServiceMetadataRepository.java:216] - Current application will subscribe all services(size:2) in registry, a lot of memory and CPU cycles may be used, thus it's strongly recommend you using the externalized property 'dubbo.cloud.subscribed-services' to specify the services
[shanjupay-merchant-service][${env:SERVER_PORT}] 2021-05-10 18:11:34,213 WARN
            [ThreadPoolTaskScheduler-1][DubboServiceMetadataRepository.java:216] - Current application will subscribe all services(size:2) in registry, a lot of memory and CPU cycles may be used, thus it's strongly recommend you using the externalized property 'dubbo.cloud.subscribed-services' to specify the services
[shanjupay-merchant-service][${env:SERVER_PORT}] 2021-05-10 18:12:04,231 WARN
            [ThreadPoolTaskScheduler-1][DubboServiceMetadataRepository.java:216] - Current application will subscribe all services(size:2) in registry, a lot of memory and CPU cycles may be used, thus it's strongly recommend you using the externalized property 'dubbo.cloud.subscribed-services' to specify the services
[shanjupay-merchant-service][${env:SERVER_PORT}] 2021-05-10 18:12:34,244 WARN
            [ThreadPoolTaskScheduler-1][DubboServiceMetadataRepository.java:216] - Current application will subscribe all services(size:2) in registry, a lot of memory and CPU cycles may be used, thus it's strongly recommend you using the externalized property 'dubbo.cloud.subscribed-services' to specify the services
[shanjupay-merchant-service][${env:SERVER_PORT}] 2021-05-10 18:13:04,252 WARN
            [ThreadPoolTaskScheduler-1][DubboServiceMetadataRepository.java:216] - Current application will subscribe all services(size:2) in registry, a lot of memory and CPU cycles may be used, thus it's strongly recommend you using the externalized property 'dubbo.cloud.subscribed-services' to specify the services
[shanjupay-merchant-service][${env:SERVER_PORT}] 2021-05-10 18:13:34,256 WARN
            [ThreadPoolTaskScheduler-1][DubboServiceMetadataRepository.java:216] - Current application will subscribe all services(size:2) in registry, a lot of memory and CPU cycles may be used, thus it's strongly recommend you using the externalized property 'dubbo.cloud.subscribed-services' to specify the services
[shanjupay-merchant-service][${env:SERVER_PORT}] 2021-05-10 18:14:04,258 WARN
            [ThreadPoolTaskScheduler-1][DubboServiceMetadataRepository.java:216] - Current application will subscribe all services(size:2) in registry, a lot of memory and CPU cycles may be used, thus it's strongly recommend you using the externalized property 'dubbo.cloud.subscribed-services' to specify the services
[shanjupay-merchant-service][${env:SERVER_PORT}] 2021-05-10 18:14:34,262 WARN
            [ThreadPoolTaskScheduler-1][DubboServiceMetadataRepository.java:216] - Current application will subscribe all services(size:2) in registry, a lot of memory and CPU cycles may be used, thus it's strongly recommend you using the externalized property 'dubbo.cloud.subscribed-services' to specify the services
[shanjupay-merchant-service][${env:SERVER_PORT}] 2021-05-10 18:15:04,277 WARN
            [ThreadPoolTaskScheduler-1][DubboServiceMetadataRepository.java:216] - Current application will subscribe all services(size:2) in registry, a lot of memory and CPU cycles may be used, thus it's strongly recommend you using the externalized property 'dubbo.cloud.subscribed-services' to specify the services
[shanjupay-merchant-service][${env:SERVER_PORT}] 2021-05-10 18:15:34,283 WARN
            [ThreadPoolTaskScheduler-1][DubboServiceMetadataRepository.java:216] - Current application will subscribe all services(size:2) in registry, a lot of memory and CPU cycles may be used, thus it's strongly recommend you using the externalized property 'dubbo.cloud.subscribed-services' to specify the services
[shanjupay-merchant-service][${env:SERVER_PORT}] 2021-05-10 18:16:04,293 WARN
            [ThreadPoolTaskScheduler-1][DubboServiceMetadataRepository.java:216] - Current application will subscribe all services(size:2) in registry, a lot of memory and CPU cycles may be used, thus it's strongly recommend you using the externalized property 'dubbo.cloud.subscribed-services' to specify the services
[shanjupay-merchant-service][${env:SERVER_PORT}] 2021-05-10 18:16:34,296 WARN
            [ThreadPoolTaskScheduler-1][DubboServiceMetadataRepository.java:216] - Current application will subscribe all services(size:2) in registry, a lot of memory and CPU cycles may be used, thus it's strongly recommend you using the externalized property 'dubbo.cloud.subscribed-services' to specify the services
[shanjupay-merchant-service][${env:SERVER_PORT}] 2021-05-10 18:17:04,309 WARN
            [ThreadPoolTaskScheduler-1][DubboServiceMetadataRepository.java:216] - Current application will subscribe all services(size:2) in registry, a lot of memory and CPU cycles may be used, thus it's strongly recommend you using the externalized property 'dubbo.cloud.subscribed-services' to specify the services
[shanjupay-merchant-service][${env:SERVER_PORT}] 2021-05-10 18:17:34,312 WARN
            [ThreadPoolTaskScheduler-1][DubboServiceMetadataRepository.java:216] - Current application will subscribe all services(size:2) in registry, a lot of memory and CPU cycles may be used, thus it's strongly recommend you using the externalized property 'dubbo.cloud.subscribed-services' to specify the services
[shanjupay-merchant-service][${env:SERVER_PORT}] 2021-05-10 18:18:04,326 WARN
            [ThreadPoolTaskScheduler-1][DubboServiceMetadataRepository.java:216] - Current application will subscribe all services(size:2) in registry, a lot of memory and CPU cycles may be used, thus it's strongly recommend you using the externalized property 'dubbo.cloud.subscribed-services' to specify the services
[shanjupay-merchant-service][${env:SERVER_PORT}] 2021-05-10 18:18:34,333 WARN
            [ThreadPoolTaskScheduler-1][DubboServiceMetadataRepository.java:216] - Current application will subscribe all services(size:2) in registry, a lot of memory and CPU cycles may be used, thus it's strongly recommend you using the externalized property 'dubbo.cloud.subscribed-services' to specify the services
[shanjupay-merchant-service][${env:SERVER_PORT}] 2021-05-10 18:19:04,339 WARN
            [ThreadPoolTaskScheduler-1][DubboServiceMetadataRepository.java:216] - Current application will subscribe all services(size:2) in registry, a lot of memory and CPU cycles may be used, thus it's strongly recommend you using the externalized property 'dubbo.cloud.subscribed-services' to specify the services
[shanjupay-merchant-service][${env:SERVER_PORT}] 2021-05-10 18:19:34,354 WARN
            [ThreadPoolTaskScheduler-1][DubboServiceMetadataRepository.java:216] - Current application will subscribe all services(size:2) in registry, a lot of memory and CPU cycles may be used, thus it's strongly recommend you using the externalized property 'dubbo.cloud.subscribed-services' to specify the services
[shanjupay-merchant-service][${env:SERVER_PORT}] 2021-05-10 18:20:04,357 WARN
            [ThreadPoolTaskScheduler-1][DubboServiceMetadataRepository.java:216] - Current application will subscribe all services(size:2) in registry, a lot of memory and CPU cycles may be used, thus it's strongly recommend you using the externalized property 'dubbo.cloud.subscribed-services' to specify the services
[shanjupay-merchant-service][${env:SERVER_PORT}] 2021-05-10 18:20:34,372 WARN
            [ThreadPoolTaskScheduler-1][DubboServiceMetadataRepository.java:216] - Current application will subscribe all services(size:2) in registry, a lot of memory and CPU cycles may be used, thus it's strongly recommend you using the externalized property 'dubbo.cloud.subscribed-services' to specify the services
[shanjupay-merchant-service][${env:SERVER_PORT}] 2021-05-10 18:21:04,389 WARN
            [ThreadPoolTaskScheduler-1][DubboServiceMetadataRepository.java:216] - Current application will subscribe all services(size:2) in registry, a lot of memory and CPU cycles may be used, thus it's strongly recommend you using the externalized property 'dubbo.cloud.subscribed-services' to specify the services
[shanjupay-merchant-service][${env:SERVER_PORT}] 2021-05-10 18:21:34,392 WARN
            [ThreadPoolTaskScheduler-1][DubboServiceMetadataRepository.java:216] - Current application will subscribe all services(size:2) in registry, a lot of memory and CPU cycles may be used, thus it's strongly recommend you using the externalized property 'dubbo.cloud.subscribed-services' to specify the services
[shanjupay-merchant-service][${env:SERVER_PORT}] 2021-05-10 18:22:04,408 WARN
            [ThreadPoolTaskScheduler-1][DubboServiceMetadataRepository.java:216] - Current application will subscribe all services(size:2) in registry, a lot of memory and CPU cycles may be used, thus it's strongly recommend you using the externalized property 'dubbo.cloud.subscribed-services' to specify the services
[shanjupay-merchant-service][${env:SERVER_PORT}] 2021-05-10 18:22:34,418 WARN
            [ThreadPoolTaskScheduler-1][DubboServiceMetadataRepository.java:216] - Current application will subscribe all services(size:2) in registry, a lot of memory and CPU cycles may be used, thus it's strongly recommend you using the externalized property 'dubbo.cloud.subscribed-services' to specify the services
[shanjupay-merchant-service][${env:SERVER_PORT}] 2021-05-10 18:23:04,426 WARN
            [ThreadPoolTaskScheduler-1][DubboServiceMetadataRepository.java:216] - Current application will subscribe all services(size:2) in registry, a lot of memory and CPU cycles may be used, thus it's strongly recommend you using the externalized property 'dubbo.cloud.subscribed-services' to specify the services
[shanjupay-merchant-service][${env:SERVER_PORT}] 2021-05-10 18:23:34,434 WARN
            [ThreadPoolTaskScheduler-1][DubboServiceMetadataRepository.java:216] - Current application will subscribe all services(size:2) in registry, a lot of memory and CPU cycles may be used, thus it's strongly recommend you using the externalized property 'dubbo.cloud.subscribed-services' to specify the services
[shanjupay-merchant-service][${env:SERVER_PORT}] 2021-05-10 18:24:04,446 WARN
            [ThreadPoolTaskScheduler-1][DubboServiceMetadataRepository.java:216] - Current application will subscribe all services(size:2) in registry, a lot of memory and CPU cycles may be used, thus it's strongly recommend you using the externalized property 'dubbo.cloud.subscribed-services' to specify the services
[shanjupay-merchant-service][${env:SERVER_PORT}] 2021-05-10 18:24:34,457 WARN
            [ThreadPoolTaskScheduler-1][DubboServiceMetadataRepository.java:216] - Current application will subscribe all services(size:2) in registry, a lot of memory and CPU cycles may be used, thus it's strongly recommend you using the externalized property 'dubbo.cloud.subscribed-services' to specify the services
[shanjupay-merchant-service][${env:SERVER_PORT}] 2021-05-10 18:25:04,475 WARN
            [ThreadPoolTaskScheduler-1][DubboServiceMetadataRepository.java:216] - Current application will subscribe all services(size:2) in registry, a lot of memory and CPU cycles may be used, thus it's strongly recommend you using the externalized property 'dubbo.cloud.subscribed-services' to specify the services
[shanjupay-merchant-service][${env:SERVER_PORT}] 2021-05-10 18:25:34,486 WARN
            [ThreadPoolTaskScheduler-1][DubboServiceMetadataRepository.java:216] - Current application will subscribe all services(size:2) in registry, a lot of memory and CPU cycles may be used, thus it's strongly recommend you using the externalized property 'dubbo.cloud.subscribed-services' to specify the services
[shanjupay-merchant-service][${env:SERVER_PORT}] 2021-05-10 18:26:04,499 WARN
            [ThreadPoolTaskScheduler-1][DubboServiceMetadataRepository.java:216] - Current application will subscribe all services(size:2) in registry, a lot of memory and CPU cycles may be used, thus it's strongly recommend you using the externalized property 'dubbo.cloud.subscribed-services' to specify the services
[shanjupay-merchant-service][${env:SERVER_PORT}] 2021-05-10 18:26:34,504 WARN
            [ThreadPoolTaskScheduler-1][DubboServiceMetadataRepository.java:216] - Current application will subscribe all services(size:2) in registry, a lot of memory and CPU cycles may be used, thus it's strongly recommend you using the externalized property 'dubbo.cloud.subscribed-services' to specify the services
[shanjupay-merchant-service][${env:SERVER_PORT}] 2021-05-10 18:27:04,508 WARN
            [ThreadPoolTaskScheduler-1][DubboServiceMetadataRepository.java:216] - Current application will subscribe all services(size:2) in registry, a lot of memory and CPU cycles may be used, thus it's strongly recommend you using the externalized property 'dubbo.cloud.subscribed-services' to specify the services
[shanjupay-merchant-service][${env:SERVER_PORT}] 2021-05-10 18:27:34,524 WARN
            [ThreadPoolTaskScheduler-1][DubboServiceMetadataRepository.java:216] - Current application will subscribe all services(size:2) in registry, a lot of memory and CPU cycles may be used, thus it's strongly recommend you using the externalized property 'dubbo.cloud.subscribed-services' to specify the services
[shanjupay-merchant-service][${env:SERVER_PORT}] 2021-05-10 18:28:04,542 WARN
            [ThreadPoolTaskScheduler-1][DubboServiceMetadataRepository.java:216] - Current application will subscribe all services(size:2) in registry, a lot of memory and CPU cycles may be used, thus it's strongly recommend you using the externalized property 'dubbo.cloud.subscribed-services' to specify the services
[shanjupay-merchant-service][${env:SERVER_PORT}] 2021-05-10 18:28:34,553 WARN
            [ThreadPoolTaskScheduler-1][DubboServiceMetadataRepository.java:216] - Current application will subscribe all services(size:2) in registry, a lot of memory and CPU cycles may be used, thus it's strongly recommend you using the externalized property 'dubbo.cloud.subscribed-services' to specify the services
[shanjupay-merchant-service][${env:SERVER_PORT}] 2021-05-10 18:29:04,560 WARN
            [ThreadPoolTaskScheduler-1][DubboServiceMetadataRepository.java:216] - Current application will subscribe all services(size:2) in registry, a lot of memory and CPU cycles may be used, thus it's strongly recommend you using the externalized property 'dubbo.cloud.subscribed-services' to specify the services
[shanjupay-merchant-service][${env:SERVER_PORT}] 2021-05-10 18:29:34,574 WARN
            [ThreadPoolTaskScheduler-1][DubboServiceMetadataRepository.java:216] - Current application will subscribe all services(size:2) in registry, a lot of memory and CPU cycles may be used, thus it's strongly recommend you using the externalized property 'dubbo.cloud.subscribed-services' to specify the services
[shanjupay-merchant-service][${env:SERVER_PORT}] 2021-05-10 18:30:04,576 WARN
            [ThreadPoolTaskScheduler-1][DubboServiceMetadataRepository.java:216] - Current application will subscribe all services(size:2) in registry, a lot of memory and CPU cycles may be used, thus it's strongly recommend you using the externalized property 'dubbo.cloud.subscribed-services' to specify the services
[shanjupay-merchant-service][${env:SERVER_PORT}] 2021-05-10 18:30:34,586 WARN
            [ThreadPoolTaskScheduler-1][DubboServiceMetadataRepository.java:216] - Current application will subscribe all services(size:2) in registry, a lot of memory and CPU cycles may be used, thus it's strongly recommend you using the externalized property 'dubbo.cloud.subscribed-services' to specify the services
[shanjupay-merchant-service][${env:SERVER_PORT}] 2021-05-10 18:31:04,598 WARN
            [ThreadPoolTaskScheduler-1][DubboServiceMetadataRepository.java:216] - Current application will subscribe all services(size:2) in registry, a lot of memory and CPU cycles may be used, thus it's strongly recommend you using the externalized property 'dubbo.cloud.subscribed-services' to specify the services
[shanjupay-merchant-service][${env:SERVER_PORT}] 2021-05-10 18:31:34,610 WARN
            [ThreadPoolTaskScheduler-1][DubboServiceMetadataRepository.java:216] - Current application will subscribe all services(size:2) in registry, a lot of memory and CPU cycles may be used, thus it's strongly recommend you using the externalized property 'dubbo.cloud.subscribed-services' to specify the services
[shanjupay-merchant-service][${env:SERVER_PORT}] 2021-05-10 18:32:04,624 WARN
            [ThreadPoolTaskScheduler-1][DubboServiceMetadataRepository.java:216] - Current application will subscribe all services(size:2) in registry, a lot of memory and CPU cycles may be used, thus it's strongly recommend you using the externalized property 'dubbo.cloud.subscribed-services' to specify the services
[shanjupay-merchant-service][${env:SERVER_PORT}] 2021-05-10 18:32:34,638 WARN
            [ThreadPoolTaskScheduler-1][DubboServiceMetadataRepository.java:216] - Current application will subscribe all services(size:2) in registry, a lot of memory and CPU cycles may be used, thus it's strongly recommend you using the externalized property 'dubbo.cloud.subscribed-services' to specify the services
[shanjupay-merchant-service][${env:SERVER_PORT}] 2021-05-10 18:33:04,652 WARN
            [ThreadPoolTaskScheduler-1][DubboServiceMetadataRepository.java:216] - Current application will subscribe all services(size:2) in registry, a lot of memory and CPU cycles may be used, thus it's strongly recommend you using the externalized property 'dubbo.cloud.subscribed-services' to specify the services
[shanjupay-merchant-service][${env:SERVER_PORT}] 2021-05-10 18:33:34,664 WARN
            [ThreadPoolTaskScheduler-1][DubboServiceMetadataRepository.java:216] - Current application will subscribe all services(size:2) in registry, a lot of memory and CPU cycles may be used, thus it's strongly recommend you using the externalized property 'dubbo.cloud.subscribed-services' to specify the services
[shanjupay-merchant-service][${env:SERVER_PORT}] 2021-05-10 18:34:04,682 WARN
            [ThreadPoolTaskScheduler-1][DubboServiceMetadataRepository.java:216] - Current application will subscribe all services(size:2) in registry, a lot of memory and CPU cycles may be used, thus it's strongly recommend you using the externalized property 'dubbo.cloud.subscribed-services' to specify the services
[shanjupay-merchant-service][${env:SERVER_PORT}] 2021-05-10 18:34:34,700 WARN
            [ThreadPoolTaskScheduler-1][DubboServiceMetadataRepository.java:216] - Current application will subscribe all services(size:2) in registry, a lot of memory and CPU cycles may be used, thus it's strongly recommend you using the externalized property 'dubbo.cloud.subscribed-services' to specify the services
[shanjupay-merchant-service][${env:SERVER_PORT}] 2021-05-10 18:35:04,718 WARN
            [ThreadPoolTaskScheduler-1][DubboServiceMetadataRepository.java:216] - Current application will subscribe all services(size:2) in registry, a lot of memory and CPU cycles may be used, thus it's strongly recommend you using the externalized property 'dubbo.cloud.subscribed-services' to specify the services
[shanjupay-merchant-service][${env:SERVER_PORT}] 2021-05-10 18:35:34,734 WARN
            [ThreadPoolTaskScheduler-1][DubboServiceMetadataRepository.java:216] - Current application will subscribe all services(size:2) in registry, a lot of memory and CPU cycles may be used, thus it's strongly recommend you using the externalized property 'dubbo.cloud.subscribed-services' to specify the services
[shanjupay-merchant-service][${env:SERVER_PORT}] 2021-05-10 18:36:04,742 WARN
            [ThreadPoolTaskScheduler-1][DubboServiceMetadataRepository.java:216] - Current application will subscribe all services(size:2) in registry, a lot of memory and CPU cycles may be used, thus it's strongly recommend you using the externalized property 'dubbo.cloud.subscribed-services' to specify the services
[shanjupay-merchant-service][${env:SERVER_PORT}] 2021-05-10 18:36:34,751 WARN
            [ThreadPoolTaskScheduler-1][DubboServiceMetadataRepository.java:216] - Current application will subscribe all services(size:2) in registry, a lot of memory and CPU cycles may be used, thus it's strongly recommend you using the externalized property 'dubbo.cloud.subscribed-services' to specify the services
[shanjupay-merchant-service][${env:SERVER_PORT}] 2021-05-10 18:37:04,761 WARN
            [ThreadPoolTaskScheduler-1][DubboServiceMetadataRepository.java:216] - Current application will subscribe all services(size:2) in registry, a lot of memory and CPU cycles may be used, thus it's strongly recommend you using the externalized property 'dubbo.cloud.subscribed-services' to specify the services
[shanjupay-merchant-service][${env:SERVER_PORT}] 2021-05-10 18:37:34,765 WARN
            [ThreadPoolTaskScheduler-1][DubboServiceMetadataRepository.java:216] - Current application will subscribe all services(size:2) in registry, a lot of memory and CPU cycles may be used, thus it's strongly recommend you using the externalized property 'dubbo.cloud.subscribed-services' to specify the services
[shanjupay-merchant-service][${env:SERVER_PORT}] 2021-05-10 18:38:04,779 WARN
            [ThreadPoolTaskScheduler-1][DubboServiceMetadataRepository.java:216] - Current application will subscribe all services(size:2) in registry, a lot of memory and CPU cycles may be used, thus it's strongly recommend you using the externalized property 'dubbo.cloud.subscribed-services' to specify the services
[shanjupay-merchant-service][${env:SERVER_PORT}] 2021-05-10 18:38:34,791 WARN
            [ThreadPoolTaskScheduler-1][DubboServiceMetadataRepository.java:216] - Current application will subscribe all services(size:2) in registry, a lot of memory and CPU cycles may be used, thus it's strongly recommend you using the externalized property 'dubbo.cloud.subscribed-services' to specify the services
[shanjupay-merchant-service][${env:SERVER_PORT}] 2021-05-10 18:39:04,807 WARN
            [ThreadPoolTaskScheduler-1][DubboServiceMetadataRepository.java:216] - Current application will subscribe all services(size:2) in registry, a lot of memory and CPU cycles may be used, thus it's strongly recommend you using the externalized property 'dubbo.cloud.subscribed-services' to specify the services
[shanjupay-merchant-service][${env:SERVER_PORT}] 2021-05-10 18:39:34,824 WARN
            [ThreadPoolTaskScheduler-1][DubboServiceMetadataRepository.java:216] - Current application will subscribe all services(size:2) in registry, a lot of memory and CPU cycles may be used, thus it's strongly recommend you using the externalized property 'dubbo.cloud.subscribed-services' to specify the services
[shanjupay-merchant-service][${env:SERVER_PORT}] 2021-05-10 18:40:04,827 WARN
            [ThreadPoolTaskScheduler-1][DubboServiceMetadataRepository.java:216] - Current application will subscribe all services(size:2) in registry, a lot of memory and CPU cycles may be used, thus it's strongly recommend you using the externalized property 'dubbo.cloud.subscribed-services' to specify the services
[shanjupay-merchant-service][${env:SERVER_PORT}] 2021-05-10 18:40:34,844 WARN
            [ThreadPoolTaskScheduler-1][DubboServiceMetadataRepository.java:216] - Current application will subscribe all services(size:2) in registry, a lot of memory and CPU cycles may be used, thus it's strongly recommend you using the externalized property 'dubbo.cloud.subscribed-services' to specify the services
[shanjupay-merchant-service][${env:SERVER_PORT}] 2021-05-10 18:41:04,854 WARN
            [ThreadPoolTaskScheduler-1][DubboServiceMetadataRepository.java:216] - Current application will subscribe all services(size:2) in registry, a lot of memory and CPU cycles may be used, thus it's strongly recommend you using the externalized property 'dubbo.cloud.subscribed-services' to specify the services
[shanjupay-merchant-service][${env:SERVER_PORT}] 2021-05-10 18:41:34,865 WARN
            [ThreadPoolTaskScheduler-1][DubboServiceMetadataRepository.java:216] - Current application will subscribe all services(size:2) in registry, a lot of memory and CPU cycles may be used, thus it's strongly recommend you using the externalized property 'dubbo.cloud.subscribed-services' to specify the services
[shanjupay-merchant-service][${env:SERVER_PORT}] 2021-05-10 18:42:04,882 WARN
            [ThreadPoolTaskScheduler-1][DubboServiceMetadataRepository.java:216] - Current application will subscribe all services(size:2) in registry, a lot of memory and CPU cycles may be used, thus it's strongly recommend you using the externalized property 'dubbo.cloud.subscribed-services' to specify the services
[shanjupay-merchant-service][${env:SERVER_PORT}] 2021-05-10 18:42:34,893 WARN
            [ThreadPoolTaskScheduler-1][DubboServiceMetadataRepository.java:216] - Current application will subscribe all services(size:2) in registry, a lot of memory and CPU cycles may be used, thus it's strongly recommend you using the externalized property 'dubbo.cloud.subscribed-services' to specify the services
[shanjupay-merchant-service][${env:SERVER_PORT}] 2021-05-10 18:43:04,897 WARN
            [ThreadPoolTaskScheduler-1][DubboServiceMetadataRepository.java:216] - Current application will subscribe all services(size:2) in registry, a lot of memory and CPU cycles may be used, thus it's strongly recommend you using the externalized property 'dubbo.cloud.subscribed-services' to specify the services
[shanjupay-merchant-service][${env:SERVER_PORT}] 2021-05-10 18:43:34,911 WARN
            [ThreadPoolTaskScheduler-1][DubboServiceMetadataRepository.java:216] - Current application will subscribe all services(size:2) in registry, a lot of memory and CPU cycles may be used, thus it's strongly recommend you using the externalized property 'dubbo.cloud.subscribed-services' to specify the services
[shanjupay-merchant-service][${env:SERVER_PORT}] 2021-05-10 18:44:04,925 WARN
            [ThreadPoolTaskScheduler-1][DubboServiceMetadataRepository.java:216] - Current application will subscribe all services(size:2) in registry, a lot of memory and CPU cycles may be used, thus it's strongly recommend you using the externalized property 'dubbo.cloud.subscribed-services' to specify the services
[shanjupay-merchant-service][${env:SERVER_PORT}] 2021-05-10 18:44:34,941 WARN
            [ThreadPoolTaskScheduler-1][DubboServiceMetadataRepository.java:216] - Current application will subscribe all services(size:2) in registry, a lot of memory and CPU cycles may be used, thus it's strongly recommend you using the externalized property 'dubbo.cloud.subscribed-services' to specify the services
[shanjupay-merchant-service][${env:SERVER_PORT}] 2021-05-10 18:45:04,956 WARN
            [ThreadPoolTaskScheduler-1][DubboServiceMetadataRepository.java:216] - Current application will subscribe all services(size:2) in registry, a lot of memory and CPU cycles may be used, thus it's strongly recommend you using the externalized property 'dubbo.cloud.subscribed-services' to specify the services
[shanjupay-merchant-service][${env:SERVER_PORT}] 2021-05-10 18:45:34,968 WARN
            [ThreadPoolTaskScheduler-1][DubboServiceMetadataRepository.java:216] - Current application will subscribe all services(size:2) in registry, a lot of memory and CPU cycles may be used, thus it's strongly recommend you using the externalized property 'dubbo.cloud.subscribed-services' to specify the services
[shanjupay-merchant-service][${env:SERVER_PORT}] 2021-05-10 18:46:04,971 WARN
            [ThreadPoolTaskScheduler-1][DubboServiceMetadataRepository.java:216] - Current application will subscribe all services(size:2) in registry, a lot of memory and CPU cycles may be used, thus it's strongly recommend you using the externalized property 'dubbo.cloud.subscribed-services' to specify the services
[shanjupay-merchant-service][${env:SERVER_PORT}] 2021-05-10 18:46:34,975 WARN
            [ThreadPoolTaskScheduler-1][DubboServiceMetadataRepository.java:216] - Current application will subscribe all services(size:2) in registry, a lot of memory and CPU cycles may be used, thus it's strongly recommend you using the externalized property 'dubbo.cloud.subscribed-services' to specify the services
[shanjupay-merchant-service][${env:SERVER_PORT}] 2021-05-10 18:46:46,028 WARN
            [com.alibaba.nacos.naming.client.listener][AbstractRegistry.java:395] -  [DUBBO] Ignore empty notify urls for subscribe url consumer://192.168.31.2/org.apache.dubbo.rpc.service.GenericService?application=merchant-service&category=providers,configurators,routers&check=true&dubbo=2.0.2&generic=true&group=merchant-application&interface=com.alibaba.cloud.dubbo.service.DubboMetadataService&lazy=false&pid=6412&qos.enable=false&qos.port=22240&release=2.7.3&retries=-1&side=consumer&sticky=false&timeout=90000&timestamp=1620613470726&version=1.0.0, dubbo version: 2.7.3, current host: 192.168.31.2
[shanjupay-merchant-service][${env:SERVER_PORT}] 2021-05-10 18:46:55,058 WARN
            [NettyServerWorker-3-3][AbstractServer.java:213] -  [DUBBO] All clients has disconnected from /192.168.31.2:20890. You can graceful shutdown now., dubbo version: 2.7.3, current host: 192.168.31.2
[shanjupay-merchant-service][${env:SERVER_PORT}] 2021-05-10 18:46:56,080 INFO
            [com.alibaba.nacos.naming.client.listener][DubboServiceDiscoveryAutoConfiguration.java:157] - The event of the service instances[name : merchant-application , size : 0] change is about to be dispatched
[shanjupay-merchant-service][${env:SERVER_PORT}] 2021-05-10 18:46:56,080 INFO
            [com.alibaba.nacos.naming.client.listener][AbstractSpringCloudRegistry.java:213] - The Dubbo Service URL[ID : provider://192.168.31.2:20890/com.shanjupay.merchant.api.MerchantService] is being subscribed for service[name : merchant-application]
[shanjupay-merchant-service][${env:SERVER_PORT}] 2021-05-10 18:46:56,080 WARN
            [com.alibaba.nacos.naming.client.listener][AbstractSpringCloudRegistry.java:249] - There is no instance from service[name : merchant-application], and then Dubbo Service[key : com.shanjupay.merchant.api.MerchantService] will not be available , please make sure the further impact
[shanjupay-merchant-service][${env:SERVER_PORT}] 2021-05-10 18:47:04,991 WARN
            [ThreadPoolTaskScheduler-1][DubboServiceMetadataRepository.java:216] - Current application will subscribe all services(size:2) in registry, a lot of memory and CPU cycles may be used, thus it's strongly recommend you using the externalized property 'dubbo.cloud.subscribed-services' to specify the services
[shanjupay-merchant-service][${env:SERVER_PORT}] 2021-05-10 18:47:05,778 INFO
            [dubbo-client-idleCheck-thread-1][ReconnectTimerTask.java:48] -  [DUBBO] Initial connection to HeaderExchangeClient [channel=org.apache.dubbo.remoting.transport.netty4.NettyClient [192.168.31.2:0 -> /192.168.31.2:20891]], dubbo version: 2.7.3, current host: 192.168.31.2
[shanjupay-merchant-service][${env:SERVER_PORT}] 2021-05-10 18:47:07,824 ERROR
            [dubbo-client-idleCheck-thread-1][ReconnectTimerTask.java:51] -  [DUBBO] Fail to connect to HeaderExchangeClient [channel=org.apache.dubbo.remoting.transport.netty4.NettyClient [192.168.31.2:0 -> /192.168.31.2:20891]], dubbo version: 2.7.3, current host: 192.168.31.2
org.apache.dubbo.remoting.RemotingException: client(url: dubbo://192.168.31.2:20891/com.alibaba.cloud.dubbo.service.DubboMetadataService?anyhost=true&application=merchant-service&bind.ip=192.168.31.2&bind.port=20891&check=false&codec=dubbo&deprecated=false&dubbo=2.0.2&dynamic=true&generic=true&group=merchant-application&heartbeat=60000&interface=com.alibaba.cloud.dubbo.service.DubboMetadataService&lazy=false&methods=getAllServiceKeys,getServiceRestMetadata,getExportedURLs,getAllExportedURLs&pid=6412&qos.enable=false&qos.port=22240&register=true&register.ip=192.168.31.2&release=2.7.3&remote.application=merchant-application&retries=-1&revision=2.1.0.RELEASE&side=consumer&sticky=false&timeout=90000&timestamp=1620613447418&version=1.0.0) failed to connect to server /192.168.31.2:20891, error message is:Connection refused: no further information: /192.168.31.2:20891
	at org.apache.dubbo.remoting.transport.netty4.NettyClient.doConnect(NettyClient.java:166)
	at org.apache.dubbo.remoting.transport.AbstractClient.connect(AbstractClient.java:190)
	at org.apache.dubbo.remoting.transport.AbstractClient.reconnect(AbstractClient.java:246)
	at org.apache.dubbo.remoting.exchange.support.header.HeaderExchangeClient.reconnect(HeaderExchangeClient.java:155)
	at org.apache.dubbo.remoting.exchange.support.header.ReconnectTimerTask.doTask(ReconnectTimerTask.java:49)
	at org.apache.dubbo.remoting.exchange.support.header.AbstractTimerTask.run(AbstractTimerTask.java:87)
	at org.apache.dubbo.common.timer.HashedWheelTimer$HashedWheelTimeout.expire(HashedWheelTimer.java:648)
	at org.apache.dubbo.common.timer.HashedWheelTimer$HashedWheelBucket.expireTimeouts(HashedWheelTimer.java:727)
	at org.apache.dubbo.common.timer.HashedWheelTimer$Worker.run(HashedWheelTimer.java:449)
	at java.lang.Thread.run(Thread.java:748)
Caused by: io.netty.channel.AbstractChannel$AnnotatedConnectException: Connection refused: no further information: /192.168.31.2:20891
	at sun.nio.ch.SocketChannelImpl.checkConnect(Native Method)
	at sun.nio.ch.SocketChannelImpl.finishConnect(SocketChannelImpl.java:717)
	at io.netty.channel.socket.nio.NioSocketChannel.doFinishConnect(NioSocketChannel.java:327)
	at io.netty.channel.nio.AbstractNioChannel$AbstractNioUnsafe.finishConnect(AbstractNioChannel.java:340)
	at io.netty.channel.nio.NioEventLoop.processSelectedKey(NioEventLoop.java:665)
	at io.netty.channel.nio.NioEventLoop.processSelectedKeysOptimized(NioEventLoop.java:612)
	at io.netty.channel.nio.NioEventLoop.processSelectedKeys(NioEventLoop.java:529)
	at io.netty.channel.nio.NioEventLoop.run(NioEventLoop.java:491)
	at io.netty.util.concurrent.SingleThreadEventExecutor$5.run(SingleThreadEventExecutor.java:905)
	at io.netty.util.concurrent.FastThreadLocalRunnable.run(FastThreadLocalRunnable.java:30)
	... 1 more
Caused by: java.net.ConnectException: Connection refused: no further information
	... 11 more
[shanjupay-merchant-service][${env:SERVER_PORT}] 2021-05-10 18:47:22,511 INFO
            [com.alibaba.nacos.naming.client.listener][AbstractRegistry.java:399] -  [DUBBO] Notify urls for subscribe url consumer://192.168.31.2/org.apache.dubbo.rpc.service.GenericService?application=merchant-service&category=providers,configurators,routers&check=true&dubbo=2.0.2&generic=true&group=merchant-application&interface=com.alibaba.cloud.dubbo.service.DubboMetadataService&lazy=false&pid=6412&qos.enable=false&qos.port=22240&release=2.7.3&retries=-1&side=consumer&sticky=false&timeout=90000&timestamp=1620613470726&version=1.0.0, urls: [dubbo://192.168.31.2:20891/com.alibaba.cloud.dubbo.service.DubboMetadataService?anyhost=true&application=merchant-application&category=providers&deprecated=false&dubbo=2.0.2&dynamic=true&generic=false&group=merchant-application&interface=com.alibaba.cloud.dubbo.service.DubboMetadataService&methods=getAllServiceKeys,getServiceRestMetadata,getExportedURLs,getAllExportedURLs&path=com.alibaba.cloud.dubbo.service.DubboMetadataService&pid=26364&protocol=dubbo&register=true&release=2.7.3&revision=2.1.0.RELEASE&side=provider&timestamp=1620643642188&version=1.0.0], dubbo version: 2.7.3, current host: 192.168.31.2
