[shanjupay-merchant-service][${env:SERVER_PORT}] 2021-05-08 09:54:50,592 INFO
            [main][:] - using logger: org.apache.dubbo.common.logger.slf4j.Slf4jLoggerAdapter
[shanjupay-merchant-service][${env:SERVER_PORT}] 2021-05-08 09:54:50,605 INFO
            [main][WelcomeLogoApplicationListener.java:63] - 

 :: Dubbo Spring Boot (v2.7.1) : https://github.com/apache/incubator-dubbo-spring-boot-project
 :: Dubbo (v2.7.3) : https://github.com/apache/incubator-dubbo
 :: Discuss group : dev@dubbo.apache.org

[shanjupay-merchant-service][${env:SERVER_PORT}] 2021-05-08 09:54:50,611 INFO
            [main][OverrideDubboConfigApplicationListener.java:68] - Dubbo Config was overridden by externalized configuration {dubbo.application.name=merchant-service, dubbo.application.qos-enable=false, dubbo.application.qos-port=22240, dubbo.config.multiple=true, dubbo.consumer.check=true, dubbo.consumer.retries=-1, dubbo.consumer.timeout=90000, dubbo.protocol.name=dubbo, dubbo.protocol.port=20890, dubbo.registry.address=nacos://127.0.0.1:8848, dubbo.scan.base-packages=com.shanjupay}
[shanjupay-merchant-service][${env:SERVER_PORT}] 2021-05-08 09:54:51,097 INFO
            [main][PostProcessorRegistrationDelegate.java:330] - Bean 'org.springframework.cloud.autoconfigure.ConfigurationPropertiesRebinderAutoConfiguration' of type [org.springframework.cloud.autoconfigure.ConfigurationPropertiesRebinderAutoConfiguration$$EnhancerBySpringCGLIB$$1] is not eligible for getting processed by all BeanPostProcessors (for example: not eligible for auto-proxying)
[shanjupay-merchant-service][${env:SERVER_PORT}] 2021-05-08 09:54:51,204 INFO
            [pool-6-thread-1][AwaitingNonWebApplicationListener.java:140] -  [Dubbo] Current Spring Boot Application is await...
[shanjupay-merchant-service][${env:SERVER_PORT}] 2021-05-08 09:54:52,953 INFO
            [main][OverrideDubboConfigApplicationListener.java:68] - Dubbo Config was overridden by externalized configuration {dubbo.application.name=merchant-service, dubbo.application.qos-enable=false, dubbo.application.qos-port=22240, dubbo.config.multiple=true, dubbo.consumer.check=true, dubbo.consumer.retries=-1, dubbo.consumer.timeout=90000, dubbo.protocol.name=dubbo, dubbo.protocol.port=20890, dubbo.registry.address=nacos://127.0.0.1:8848, dubbo.scan.base-packages=com.shanjupay}
[shanjupay-merchant-service][${env:SERVER_PORT}] 2021-05-08 09:54:53,133 INFO
            [main][NacosPropertySourceBuilder.java:87] - Loading nacos data, dataId: 'spring-boot-http.yaml', group: 'COMMON_GROUP'
[shanjupay-merchant-service][${env:SERVER_PORT}] 2021-05-08 09:54:53,145 INFO
            [main][NacosPropertySourceBuilder.java:87] - Loading nacos data, dataId: 'spring-boot-starter-druid.yaml', group: 'COMMON_GROUP'
[shanjupay-merchant-service][${env:SERVER_PORT}] 2021-05-08 09:54:53,153 INFO
            [main][NacosPropertySourceBuilder.java:87] - Loading nacos data, dataId: 'spring-boot-mybatis-plus.yaml', group: 'COMMON_GROUP'
[shanjupay-merchant-service][${env:SERVER_PORT}] 2021-05-08 09:54:53,160 INFO
            [main][NacosPropertySourceBuilder.java:87] - Loading nacos data, dataId: 'merchant-service.yaml', group: 'SHANJUPAY_GROUP'
[shanjupay-merchant-service][${env:SERVER_PORT}] 2021-05-08 09:54:53,161 INFO
            [main][PropertySourceBootstrapConfiguration.java:98] - Located property source: CompositePropertySource {name='NACOS', propertySources=[NacosPropertySource {name='merchant-service.yaml'}, NacosPropertySource {name='spring-boot-mybatis-plus.yaml'}, NacosPropertySource {name='spring-boot-starter-druid.yaml'}, NacosPropertySource {name='spring-boot-http.yaml'}]}
[shanjupay-merchant-service][${env:SERVER_PORT}] 2021-05-08 09:54:53,192 INFO
            [main][SpringApplication.java:675] - No active profile set, falling back to default profiles: default
[shanjupay-merchant-service][${env:SERVER_PORT}] 2021-05-08 09:54:53,981 WARN
            [main][EndpointId.java:135] - Endpoint ID 'nacos-config' contains invalid characters, please migrate to a valid format.
[shanjupay-merchant-service][${env:SERVER_PORT}] 2021-05-08 09:54:53,984 WARN
            [main][EndpointId.java:135] - Endpoint ID 'nacos-discovery' contains invalid characters, please migrate to a valid format.
[shanjupay-merchant-service][${env:SERVER_PORT}] 2021-05-08 09:54:54,024 INFO
            [main][DubboConfigBindingRegistrar.java:127] - The dubbo config bean definition [name : org.apache.dubbo.config.ApplicationConfig#0, class : org.apache.dubbo.config.ApplicationConfig] has been registered.
[shanjupay-merchant-service][${env:SERVER_PORT}] 2021-05-08 09:54:54,025 INFO
            [main][DubboConfigBindingRegistrar.java:151] - The BeanPostProcessor bean definition [org.apache.dubbo.config.spring.beans.factory.annotation.DubboConfigBindingBeanPostProcessor] for dubbo config bean [name : org.apache.dubbo.config.ApplicationConfig#0] has been registered.
[shanjupay-merchant-service][${env:SERVER_PORT}] 2021-05-08 09:54:54,026 INFO
            [main][DubboConfigBindingRegistrar.java:127] - The dubbo config bean definition [name : org.apache.dubbo.config.RegistryConfig#0, class : org.apache.dubbo.config.RegistryConfig] has been registered.
[shanjupay-merchant-service][${env:SERVER_PORT}] 2021-05-08 09:54:54,026 INFO
            [main][DubboConfigBindingRegistrar.java:151] - The BeanPostProcessor bean definition [org.apache.dubbo.config.spring.beans.factory.annotation.DubboConfigBindingBeanPostProcessor] for dubbo config bean [name : org.apache.dubbo.config.RegistryConfig#0] has been registered.
[shanjupay-merchant-service][${env:SERVER_PORT}] 2021-05-08 09:54:54,027 INFO
            [main][DubboConfigBindingRegistrar.java:127] - The dubbo config bean definition [name : org.apache.dubbo.config.ProtocolConfig#0, class : org.apache.dubbo.config.ProtocolConfig] has been registered.
[shanjupay-merchant-service][${env:SERVER_PORT}] 2021-05-08 09:54:54,027 INFO
            [main][DubboConfigBindingRegistrar.java:151] - The BeanPostProcessor bean definition [org.apache.dubbo.config.spring.beans.factory.annotation.DubboConfigBindingBeanPostProcessor] for dubbo config bean [name : org.apache.dubbo.config.ProtocolConfig#0] has been registered.
[shanjupay-merchant-service][${env:SERVER_PORT}] 2021-05-08 09:54:54,027 INFO
            [main][DubboConfigBindingRegistrar.java:127] - The dubbo config bean definition [name : org.apache.dubbo.config.ConsumerConfig#0, class : org.apache.dubbo.config.ConsumerConfig] has been registered.
[shanjupay-merchant-service][${env:SERVER_PORT}] 2021-05-08 09:54:54,028 INFO
            [main][DubboConfigBindingRegistrar.java:151] - The BeanPostProcessor bean definition [org.apache.dubbo.config.spring.beans.factory.annotation.DubboConfigBindingBeanPostProcessor] for dubbo config bean [name : org.apache.dubbo.config.ConsumerConfig#0] has been registered.
[shanjupay-merchant-service][${env:SERVER_PORT}] 2021-05-08 09:54:54,314 WARN
            [main][EndpointId.java:135] - Endpoint ID 'service-registry' contains invalid characters, please migrate to a valid format.
[shanjupay-merchant-service][${env:SERVER_PORT}] 2021-05-08 09:54:54,404 INFO
            [main][ServiceAnnotationBeanPostProcessor.java:204] -  [DUBBO] BeanNameGenerator bean can't be found in BeanFactory with name [org.springframework.context.annotation.internalConfigurationBeanNameGenerator], dubbo version: 2.7.3, current host: 192.168.31.2
[shanjupay-merchant-service][${env:SERVER_PORT}] 2021-05-08 09:54:54,404 INFO
            [main][ServiceAnnotationBeanPostProcessor.java:206] -  [DUBBO] BeanNameGenerator will be a instance of org.springframework.context.annotation.AnnotationBeanNameGenerator , it maybe a potential problem on bean name generation., dubbo version: 2.7.3, current host: 192.168.31.2
[shanjupay-merchant-service][${env:SERVER_PORT}] 2021-05-08 09:54:54,441 INFO
            [main][ServiceAnnotationBeanPostProcessor.java:284] -  [DUBBO] The BeanDefinition[Root bean: class [org.apache.dubbo.config.spring.ServiceBean]; scope=; abstract=false; lazyInit=false; autowireMode=0; dependencyCheck=0; autowireCandidate=true; primary=false; factoryBeanName=null; factoryMethodName=null; initMethodName=null; destroyMethodName=null] of ServiceBean has been registered with name : ServiceBean:com.shanjupay.merchant.api.MerchantService, dubbo version: 2.7.3, current host: 192.168.31.2
[shanjupay-merchant-service][${env:SERVER_PORT}] 2021-05-08 09:54:54,442 INFO
            [main][ServiceAnnotationBeanPostProcessor.java:161] -  [DUBBO] 1 annotated Dubbo's @Service Components { [Bean definition with name 'merchantServiceImpl': Generic bean: class [com.shanjupay.merchant.service.MerchantServiceImpl]; scope=; abstract=false; lazyInit=false; autowireMode=0; dependencyCheck=0; autowireCandidate=true; primary=false; factoryBeanName=null; factoryMethodName=null; initMethodName=null; destroyMethodName=null; defined in file [D:\workplace\idea\learn\shanjupay\shanjupay-merchant\shanjupay-merchant-service\target\classes\com\shanjupay\merchant\service\MerchantServiceImpl.class]] } were scanned under package[com.shanjupay], dubbo version: 2.7.3, current host: 192.168.31.2
[shanjupay-merchant-service][${env:SERVER_PORT}] 2021-05-08 09:54:54,444 INFO
            [main][ConfigurationClassPostProcessor.java:380] - Cannot enhance @Configuration bean definition 'org.apache.dubbo.spring.boot.autoconfigure.DubboRelaxedBinding2AutoConfiguration' since its singleton instance has been created too early. The typical cause is a non-static @Bean method with a BeanDefinitionRegistryPostProcessor return type: Consider declaring such methods as 'static'.
[shanjupay-merchant-service][${env:SERVER_PORT}] 2021-05-08 09:54:54,444 INFO
            [main][ConfigurationClassPostProcessor.java:380] - Cannot enhance @Configuration bean definition 'org.apache.dubbo.spring.boot.autoconfigure.DubboAutoConfiguration' since its singleton instance has been created too early. The typical cause is a non-static @Bean method with a BeanDefinitionRegistryPostProcessor return type: Consider declaring such methods as 'static'.
[shanjupay-merchant-service][${env:SERVER_PORT}] 2021-05-08 09:54:54,760 INFO
            [main][GenericScope.java:294] - BeanFactory id=000efb24-c3f3-3bec-b674-bf8f9b9377b7
[shanjupay-merchant-service][${env:SERVER_PORT}] 2021-05-08 09:54:54,802 INFO
            [main][PostProcessorRegistrationDelegate.java:330] - Bean 'com.alibaba.druid.spring.boot.autoconfigure.stat.DruidSpringAopConfiguration' of type [com.alibaba.druid.spring.boot.autoconfigure.stat.DruidSpringAopConfiguration] is not eligible for getting processed by all BeanPostProcessors (for example: not eligible for auto-proxying)
[shanjupay-merchant-service][${env:SERVER_PORT}] 2021-05-08 09:54:54,940 INFO
            [main][PostProcessorRegistrationDelegate.java:330] - Bean 'org.springframework.transaction.annotation.ProxyTransactionManagementConfiguration' of type [org.springframework.transaction.annotation.ProxyTransactionManagementConfiguration$$EnhancerBySpringCGLIB$$1] is not eligible for getting processed by all BeanPostProcessors (for example: not eligible for auto-proxying)
[shanjupay-merchant-service][${env:SERVER_PORT}] 2021-05-08 09:54:55,053 INFO
            [main][PostProcessorRegistrationDelegate.java:330] - Bean 'spring.datasource.druid-com.alibaba.druid.spring.boot.autoconfigure.properties.DruidStatProperties' of type [com.alibaba.druid.spring.boot.autoconfigure.properties.DruidStatProperties] is not eligible for getting processed by all BeanPostProcessors (for example: not eligible for auto-proxying)
[shanjupay-merchant-service][${env:SERVER_PORT}] 2021-05-08 09:54:55,067 INFO
            [main][PostProcessorRegistrationDelegate.java:330] - Bean 'advisor' of type [org.springframework.aop.support.RegexpMethodPointcutAdvisor] is not eligible for getting processed by all BeanPostProcessors (for example: not eligible for auto-proxying)
[shanjupay-merchant-service][${env:SERVER_PORT}] 2021-05-08 09:54:55,071 INFO
            [main][PostProcessorRegistrationDelegate.java:330] - Bean 'com.alibaba.cloud.dubbo.autoconfigure.DubboOpenFeignAutoConfiguration' of type [com.alibaba.cloud.dubbo.autoconfigure.DubboOpenFeignAutoConfiguration$$EnhancerBySpringCGLIB$$1] is not eligible for getting processed by all BeanPostProcessors (for example: not eligible for auto-proxying)
[shanjupay-merchant-service][${env:SERVER_PORT}] 2021-05-08 09:54:55,089 INFO
            [main][PostProcessorRegistrationDelegate.java:330] - Bean 'dubbo.cloud-com.alibaba.cloud.dubbo.env.DubboCloudProperties' of type [com.alibaba.cloud.dubbo.env.DubboCloudProperties] is not eligible for getting processed by all BeanPostProcessors (for example: not eligible for auto-proxying)
[shanjupay-merchant-service][${env:SERVER_PORT}] 2021-05-08 09:54:55,107 INFO
            [main][PostProcessorRegistrationDelegate.java:330] - Bean 'metadataJsonResolver' of type [com.alibaba.cloud.dubbo.metadata.resolver.DubboServiceBeanMetadataResolver] is not eligible for getting processed by all BeanPostProcessors (for example: not eligible for auto-proxying)
[shanjupay-merchant-service][${env:SERVER_PORT}] 2021-05-08 09:54:55,120 INFO
            [main][PostProcessorRegistrationDelegate.java:330] - Bean 'org.apache.dubbo.config.ApplicationConfig#0' of type [org.apache.dubbo.config.ApplicationConfig] is not eligible for getting processed by all BeanPostProcessors (for example: not eligible for auto-proxying)
[shanjupay-merchant-service][${env:SERVER_PORT}] 2021-05-08 09:54:55,126 INFO
            [main][PostProcessorRegistrationDelegate.java:330] - Bean 'dubboProtocolConfigSupplier' of type [com.alibaba.cloud.dubbo.metadata.DubboProtocolConfigSupplier] is not eligible for getting processed by all BeanPostProcessors (for example: not eligible for auto-proxying)
[shanjupay-merchant-service][${env:SERVER_PORT}] 2021-05-08 09:54:55,128 INFO
            [main][PostProcessorRegistrationDelegate.java:330] - Bean 'com.alibaba.cloud.dubbo.service.DubboMetadataServiceExporter' of type [com.alibaba.cloud.dubbo.service.DubboMetadataServiceExporter] is not eligible for getting processed by all BeanPostProcessors (for example: not eligible for auto-proxying)
[shanjupay-merchant-service][${env:SERVER_PORT}] 2021-05-08 09:54:55,129 INFO
            [main][PostProcessorRegistrationDelegate.java:330] - Bean 'com.alibaba.cloud.dubbo.autoconfigure.DubboMetadataAutoConfiguration' of type [com.alibaba.cloud.dubbo.autoconfigure.DubboMetadataAutoConfiguration$$EnhancerBySpringCGLIB$$1] is not eligible for getting processed by all BeanPostProcessors (for example: not eligible for auto-proxying)
[shanjupay-merchant-service][${env:SERVER_PORT}] 2021-05-08 09:54:55,135 INFO
            [main][PostProcessorRegistrationDelegate.java:330] - Bean 'com.alibaba.cloud.dubbo.autoconfigure.DubboServiceAutoConfiguration' of type [com.alibaba.cloud.dubbo.autoconfigure.DubboServiceAutoConfiguration$$EnhancerBySpringCGLIB$$1] is not eligible for getting processed by all BeanPostProcessors (for example: not eligible for auto-proxying)
[shanjupay-merchant-service][${env:SERVER_PORT}] 2021-05-08 09:54:55,144 INFO
            [main][PostProcessorRegistrationDelegate.java:330] - Bean 'dubboGenericServiceFactory' of type [com.alibaba.cloud.dubbo.service.DubboGenericServiceFactory] is not eligible for getting processed by all BeanPostProcessors (for example: not eligible for auto-proxying)
[shanjupay-merchant-service][${env:SERVER_PORT}] 2021-05-08 09:54:55,148 INFO
            [main][PostProcessorRegistrationDelegate.java:330] - Bean 'dubboMetadataConfigServiceProxy' of type [com.alibaba.cloud.dubbo.service.DubboMetadataServiceProxy] is not eligible for getting processed by all BeanPostProcessors (for example: not eligible for auto-proxying)
[shanjupay-merchant-service][${env:SERVER_PORT}] 2021-05-08 09:54:55,154 INFO
            [main][PostProcessorRegistrationDelegate.java:330] - Bean 'org.springframework.cloud.client.discovery.composite.CompositeDiscoveryClientAutoConfiguration' of type [org.springframework.cloud.client.discovery.composite.CompositeDiscoveryClientAutoConfiguration$$EnhancerBySpringCGLIB$$1] is not eligible for getting processed by all BeanPostProcessors (for example: not eligible for auto-proxying)
[shanjupay-merchant-service][${env:SERVER_PORT}] 2021-05-08 09:54:55,159 INFO
            [main][PostProcessorRegistrationDelegate.java:330] - Bean 'com.alibaba.cloud.nacos.discovery.NacosDiscoveryClientAutoConfiguration' of type [com.alibaba.cloud.nacos.discovery.NacosDiscoveryClientAutoConfiguration$$EnhancerBySpringCGLIB$$1] is not eligible for getting processed by all BeanPostProcessors (for example: not eligible for auto-proxying)
[shanjupay-merchant-service][${env:SERVER_PORT}] 2021-05-08 09:54:55,171 INFO
            [main][PostProcessorRegistrationDelegate.java:330] - Bean 'org.springframework.cloud.commons.util.UtilAutoConfiguration' of type [org.springframework.cloud.commons.util.UtilAutoConfiguration$$EnhancerBySpringCGLIB$$1] is not eligible for getting processed by all BeanPostProcessors (for example: not eligible for auto-proxying)
[shanjupay-merchant-service][${env:SERVER_PORT}] 2021-05-08 09:54:55,181 INFO
            [main][PostProcessorRegistrationDelegate.java:330] - Bean 'inetUtilsProperties' of type [org.springframework.cloud.commons.util.InetUtilsProperties] is not eligible for getting processed by all BeanPostProcessors (for example: not eligible for auto-proxying)
[shanjupay-merchant-service][${env:SERVER_PORT}] 2021-05-08 09:54:55,183 INFO
            [main][PostProcessorRegistrationDelegate.java:330] - Bean 'inetUtils' of type [org.springframework.cloud.commons.util.InetUtils] is not eligible for getting processed by all BeanPostProcessors (for example: not eligible for auto-proxying)
[shanjupay-merchant-service][${env:SERVER_PORT}] 2021-05-08 09:54:57,024 INFO
            [main][InetUtils.java:170] - Cannot determine local hostname
[shanjupay-merchant-service][${env:SERVER_PORT}] 2021-05-08 09:54:57,025 INFO
            [main][PostProcessorRegistrationDelegate.java:330] - Bean 'nacosProperties' of type [com.alibaba.cloud.nacos.NacosDiscoveryProperties] is not eligible for getting processed by all BeanPostProcessors (for example: not eligible for auto-proxying)
[shanjupay-merchant-service][${env:SERVER_PORT}] 2021-05-08 09:54:57,036 INFO
            [main][PostProcessorRegistrationDelegate.java:330] - Bean 'nacosDiscoveryClient' of type [com.alibaba.cloud.nacos.discovery.NacosDiscoveryClient] is not eligible for getting processed by all BeanPostProcessors (for example: not eligible for auto-proxying)
[shanjupay-merchant-service][${env:SERVER_PORT}] 2021-05-08 09:54:57,060 INFO
            [main][PostProcessorRegistrationDelegate.java:330] - Bean 'server-org.springframework.boot.autoconfigure.web.ServerProperties' of type [org.springframework.boot.autoconfigure.web.ServerProperties] is not eligible for getting processed by all BeanPostProcessors (for example: not eligible for auto-proxying)
[shanjupay-merchant-service][${env:SERVER_PORT}] 2021-05-08 09:54:57,066 INFO
            [main][PostProcessorRegistrationDelegate.java:330] - Bean 'org.springframework.cloud.client.discovery.simple.SimpleDiscoveryClientAutoConfiguration' of type [org.springframework.cloud.client.discovery.simple.SimpleDiscoveryClientAutoConfiguration$$EnhancerBySpringCGLIB$$1] is not eligible for getting processed by all BeanPostProcessors (for example: not eligible for auto-proxying)
[shanjupay-merchant-service][${env:SERVER_PORT}] 2021-05-08 09:54:58,740 INFO
            [main][InetUtils.java:170] - Cannot determine local hostname
[shanjupay-merchant-service][${env:SERVER_PORT}] 2021-05-08 09:54:58,744 INFO
            [main][PostProcessorRegistrationDelegate.java:330] - Bean 'simpleDiscoveryProperties' of type [org.springframework.cloud.client.discovery.simple.SimpleDiscoveryProperties] is not eligible for getting processed by all BeanPostProcessors (for example: not eligible for auto-proxying)
[shanjupay-merchant-service][${env:SERVER_PORT}] 2021-05-08 09:54:58,749 INFO
            [main][PostProcessorRegistrationDelegate.java:330] - Bean 'simpleDiscoveryClient' of type [org.springframework.cloud.client.discovery.simple.SimpleDiscoveryClient] is not eligible for getting processed by all BeanPostProcessors (for example: not eligible for auto-proxying)
[shanjupay-merchant-service][${env:SERVER_PORT}] 2021-05-08 09:54:58,757 INFO
            [main][PostProcessorRegistrationDelegate.java:330] - Bean 'compositeDiscoveryClient' of type [org.springframework.cloud.client.discovery.composite.CompositeDiscoveryClient] is not eligible for getting processed by all BeanPostProcessors (for example: not eligible for auto-proxying)
[shanjupay-merchant-service][${env:SERVER_PORT}] 2021-05-08 09:54:58,761 INFO
            [main][PostProcessorRegistrationDelegate.java:330] - Bean 'com.alibaba.cloud.dubbo.util.JSONUtils' of type [com.alibaba.cloud.dubbo.util.JSONUtils] is not eligible for getting processed by all BeanPostProcessors (for example: not eligible for auto-proxying)
[shanjupay-merchant-service][${env:SERVER_PORT}] 2021-05-08 09:54:58,902 WARN
            [main][DubboServiceMetadataRepository.java:216] - Current application will subscribe all services(size:0) in registry, a lot of memory and CPU cycles may be used, thus it's strongly recommend you using the externalized property 'dubbo.cloud.subscribed-services' to specify the services
[shanjupay-merchant-service][${env:SERVER_PORT}] 2021-05-08 09:54:58,902 INFO
            [main][PostProcessorRegistrationDelegate.java:330] - Bean 'com.alibaba.cloud.dubbo.metadata.repository.DubboServiceMetadataRepository' of type [com.alibaba.cloud.dubbo.metadata.repository.DubboServiceMetadataRepository] is not eligible for getting processed by all BeanPostProcessors (for example: not eligible for auto-proxying)
[shanjupay-merchant-service][${env:SERVER_PORT}] 2021-05-08 09:54:58,948 INFO
            [main][PostProcessorRegistrationDelegate.java:330] - Bean 'com.alibaba.cloud.dubbo.service.parameter.RequestParamServiceParameterResolver' of type [com.alibaba.cloud.dubbo.service.parameter.RequestParamServiceParameterResolver] is not eligible for getting processed by all BeanPostProcessors (for example: not eligible for auto-proxying)
[shanjupay-merchant-service][${env:SERVER_PORT}] 2021-05-08 09:54:58,971 INFO
            [main][PostProcessorRegistrationDelegate.java:330] - Bean 'spring.http-org.springframework.boot.autoconfigure.http.HttpProperties' of type [org.springframework.boot.autoconfigure.http.HttpProperties] is not eligible for getting processed by all BeanPostProcessors (for example: not eligible for auto-proxying)
[shanjupay-merchant-service][${env:SERVER_PORT}] 2021-05-08 09:54:58,976 INFO
            [main][PostProcessorRegistrationDelegate.java:330] - Bean 'org.springframework.boot.autoconfigure.http.HttpMessageConvertersAutoConfiguration$StringHttpMessageConverterConfiguration' of type [org.springframework.boot.autoconfigure.http.HttpMessageConvertersAutoConfiguration$StringHttpMessageConverterConfiguration$$EnhancerBySpringCGLIB$$1] is not eligible for getting processed by all BeanPostProcessors (for example: not eligible for auto-proxying)
[shanjupay-merchant-service][${env:SERVER_PORT}] 2021-05-08 09:54:58,991 INFO
            [main][PostProcessorRegistrationDelegate.java:330] - Bean 'stringHttpMessageConverter' of type [org.springframework.http.converter.StringHttpMessageConverter] is not eligible for getting processed by all BeanPostProcessors (for example: not eligible for auto-proxying)
[shanjupay-merchant-service][${env:SERVER_PORT}] 2021-05-08 09:54:58,997 INFO
            [main][PostProcessorRegistrationDelegate.java:330] - Bean 'org.springframework.boot.autoconfigure.http.JacksonHttpMessageConvertersConfiguration$MappingJackson2HttpMessageConverterConfiguration' of type [org.springframework.boot.autoconfigure.http.JacksonHttpMessageConvertersConfiguration$MappingJackson2HttpMessageConverterConfiguration$$EnhancerBySpringCGLIB$$1] is not eligible for getting processed by all BeanPostProcessors (for example: not eligible for auto-proxying)
[shanjupay-merchant-service][${env:SERVER_PORT}] 2021-05-08 09:54:59,004 INFO
            [main][PostProcessorRegistrationDelegate.java:330] - Bean 'org.springframework.boot.autoconfigure.jackson.JacksonAutoConfiguration$JacksonObjectMapperConfiguration' of type [org.springframework.boot.autoconfigure.jackson.JacksonAutoConfiguration$JacksonObjectMapperConfiguration$$EnhancerBySpringCGLIB$$1] is not eligible for getting processed by all BeanPostProcessors (for example: not eligible for auto-proxying)
[shanjupay-merchant-service][${env:SERVER_PORT}] 2021-05-08 09:54:59,011 INFO
            [main][PostProcessorRegistrationDelegate.java:330] - Bean 'org.springframework.boot.autoconfigure.jackson.JacksonAutoConfiguration$JacksonObjectMapperBuilderConfiguration' of type [org.springframework.boot.autoconfigure.jackson.JacksonAutoConfiguration$JacksonObjectMapperBuilderConfiguration$$EnhancerBySpringCGLIB$$1] is not eligible for getting processed by all BeanPostProcessors (for example: not eligible for auto-proxying)
[shanjupay-merchant-service][${env:SERVER_PORT}] 2021-05-08 09:54:59,019 INFO
            [main][PostProcessorRegistrationDelegate.java:330] - Bean 'org.springframework.boot.autoconfigure.jackson.JacksonAutoConfiguration$Jackson2ObjectMapperBuilderCustomizerConfiguration' of type [org.springframework.boot.autoconfigure.jackson.JacksonAutoConfiguration$Jackson2ObjectMapperBuilderCustomizerConfiguration$$EnhancerBySpringCGLIB$$1] is not eligible for getting processed by all BeanPostProcessors (for example: not eligible for auto-proxying)
[shanjupay-merchant-service][${env:SERVER_PORT}] 2021-05-08 09:54:59,026 INFO
            [main][PostProcessorRegistrationDelegate.java:330] - Bean 'spring.jackson-org.springframework.boot.autoconfigure.jackson.JacksonProperties' of type [org.springframework.boot.autoconfigure.jackson.JacksonProperties] is not eligible for getting processed by all BeanPostProcessors (for example: not eligible for auto-proxying)
[shanjupay-merchant-service][${env:SERVER_PORT}] 2021-05-08 09:54:59,032 INFO
            [main][PostProcessorRegistrationDelegate.java:330] - Bean 'standardJacksonObjectMapperBuilderCustomizer' of type [org.springframework.boot.autoconfigure.jackson.JacksonAutoConfiguration$Jackson2ObjectMapperBuilderCustomizerConfiguration$StandardJackson2ObjectMapperBuilderCustomizer] is not eligible for getting processed by all BeanPostProcessors (for example: not eligible for auto-proxying)
[shanjupay-merchant-service][${env:SERVER_PORT}] 2021-05-08 09:54:59,042 INFO
            [main][PostProcessorRegistrationDelegate.java:330] - Bean 'org.springframework.boot.autoconfigure.jackson.JacksonAutoConfiguration$ParameterNamesModuleConfiguration' of type [org.springframework.boot.autoconfigure.jackson.JacksonAutoConfiguration$ParameterNamesModuleConfiguration$$EnhancerBySpringCGLIB$$1] is not eligible for getting processed by all BeanPostProcessors (for example: not eligible for auto-proxying)
[shanjupay-merchant-service][${env:SERVER_PORT}] 2021-05-08 09:54:59,062 INFO
            [main][PostProcessorRegistrationDelegate.java:330] - Bean 'parameterNamesModule' of type [com.fasterxml.jackson.module.paramnames.ParameterNamesModule] is not eligible for getting processed by all BeanPostProcessors (for example: not eligible for auto-proxying)
[shanjupay-merchant-service][${env:SERVER_PORT}] 2021-05-08 09:54:59,067 INFO
            [main][PostProcessorRegistrationDelegate.java:330] - Bean 'org.springframework.boot.autoconfigure.jackson.JacksonAutoConfiguration' of type [org.springframework.boot.autoconfigure.jackson.JacksonAutoConfiguration$$EnhancerBySpringCGLIB$$1] is not eligible for getting processed by all BeanPostProcessors (for example: not eligible for auto-proxying)
[shanjupay-merchant-service][${env:SERVER_PORT}] 2021-05-08 09:54:59,086 INFO
            [main][PostProcessorRegistrationDelegate.java:330] - Bean 'jsonComponentModule' of type [org.springframework.boot.jackson.JsonComponentModule] is not eligible for getting processed by all BeanPostProcessors (for example: not eligible for auto-proxying)
[shanjupay-merchant-service][${env:SERVER_PORT}] 2021-05-08 09:54:59,093 INFO
            [main][PostProcessorRegistrationDelegate.java:330] - Bean 'jacksonObjectMapperBuilder' of type [org.springframework.http.converter.json.Jackson2ObjectMapperBuilder] is not eligible for getting processed by all BeanPostProcessors (for example: not eligible for auto-proxying)
[shanjupay-merchant-service][${env:SERVER_PORT}] 2021-05-08 09:54:59,140 INFO
            [main][PostProcessorRegistrationDelegate.java:330] - Bean 'jacksonObjectMapper' of type [com.fasterxml.jackson.databind.ObjectMapper] is not eligible for getting processed by all BeanPostProcessors (for example: not eligible for auto-proxying)
[shanjupay-merchant-service][${env:SERVER_PORT}] 2021-05-08 09:54:59,158 INFO
            [main][PostProcessorRegistrationDelegate.java:330] - Bean 'mappingJackson2HttpMessageConverter' of type [org.springframework.http.converter.json.MappingJackson2HttpMessageConverter] is not eligible for getting processed by all BeanPostProcessors (for example: not eligible for auto-proxying)
[shanjupay-merchant-service][${env:SERVER_PORT}] 2021-05-08 09:54:59,165 INFO
            [main][PostProcessorRegistrationDelegate.java:330] - Bean 'org.springframework.boot.autoconfigure.http.HttpMessageConvertersAutoConfiguration' of type [org.springframework.boot.autoconfigure.http.HttpMessageConvertersAutoConfiguration$$EnhancerBySpringCGLIB$$1] is not eligible for getting processed by all BeanPostProcessors (for example: not eligible for auto-proxying)
[shanjupay-merchant-service][${env:SERVER_PORT}] 2021-05-08 09:54:59,177 INFO
            [main][PostProcessorRegistrationDelegate.java:330] - Bean 'messageConverters' of type [org.springframework.boot.autoconfigure.http.HttpMessageConverters] is not eligible for getting processed by all BeanPostProcessors (for example: not eligible for auto-proxying)
[shanjupay-merchant-service][${env:SERVER_PORT}] 2021-05-08 09:54:59,181 INFO
            [main][PostProcessorRegistrationDelegate.java:330] - Bean 'com.alibaba.cloud.dubbo.service.parameter.RequestBodyServiceParameterResolver' of type [com.alibaba.cloud.dubbo.service.parameter.RequestBodyServiceParameterResolver] is not eligible for getting processed by all BeanPostProcessors (for example: not eligible for auto-proxying)
[shanjupay-merchant-service][${env:SERVER_PORT}] 2021-05-08 09:54:59,189 INFO
            [main][PostProcessorRegistrationDelegate.java:330] - Bean 'com.alibaba.cloud.dubbo.service.parameter.RequestHeaderServiceParameterResolver' of type [com.alibaba.cloud.dubbo.service.parameter.RequestHeaderServiceParameterResolver] is not eligible for getting processed by all BeanPostProcessors (for example: not eligible for auto-proxying)
[shanjupay-merchant-service][${env:SERVER_PORT}] 2021-05-08 09:54:59,197 INFO
            [main][PostProcessorRegistrationDelegate.java:330] - Bean 'com.alibaba.cloud.dubbo.service.parameter.PathVariableServiceParameterResolver' of type [com.alibaba.cloud.dubbo.service.parameter.PathVariableServiceParameterResolver] is not eligible for getting processed by all BeanPostProcessors (for example: not eligible for auto-proxying)
[shanjupay-merchant-service][${env:SERVER_PORT}] 2021-05-08 09:54:59,198 INFO
            [main][PostProcessorRegistrationDelegate.java:330] - Bean 'com.alibaba.cloud.dubbo.service.DubboGenericServiceExecutionContextFactory' of type [com.alibaba.cloud.dubbo.service.DubboGenericServiceExecutionContextFactory] is not eligible for getting processed by all BeanPostProcessors (for example: not eligible for auto-proxying)
[shanjupay-merchant-service][${env:SERVER_PORT}] 2021-05-08 09:54:59,213 INFO
            [main][PostProcessorRegistrationDelegate.java:330] - Bean 'relaxedDubboConfigBinder' of type [org.apache.dubbo.spring.boot.autoconfigure.BinderDubboConfigBinder] is not eligible for getting processed by all BeanPostProcessors (for example: not eligible for auto-proxying)
[shanjupay-merchant-service][${env:SERVER_PORT}] 2021-05-08 09:54:59,220 INFO
            [main][PostProcessorRegistrationDelegate.java:330] - Bean 'relaxedDubboConfigBinder' of type [org.apache.dubbo.spring.boot.autoconfigure.BinderDubboConfigBinder] is not eligible for getting processed by all BeanPostProcessors (for example: not eligible for auto-proxying)
[shanjupay-merchant-service][${env:SERVER_PORT}] 2021-05-08 09:54:59,223 INFO
            [main][PostProcessorRegistrationDelegate.java:330] - Bean 'relaxedDubboConfigBinder' of type [org.apache.dubbo.spring.boot.autoconfigure.BinderDubboConfigBinder] is not eligible for getting processed by all BeanPostProcessors (for example: not eligible for auto-proxying)
[shanjupay-merchant-service][${env:SERVER_PORT}] 2021-05-08 09:54:59,225 INFO
            [main][PostProcessorRegistrationDelegate.java:330] - Bean 'relaxedDubboConfigBinder' of type [org.apache.dubbo.spring.boot.autoconfigure.BinderDubboConfigBinder] is not eligible for getting processed by all BeanPostProcessors (for example: not eligible for auto-proxying)
[shanjupay-merchant-service][${env:SERVER_PORT}] 2021-05-08 09:54:59,236 INFO
            [main][PostProcessorRegistrationDelegate.java:330] - Bean 'org.springframework.cloud.autoconfigure.ConfigurationPropertiesRebinderAutoConfiguration' of type [org.springframework.cloud.autoconfigure.ConfigurationPropertiesRebinderAutoConfiguration$$EnhancerBySpringCGLIB$$1] is not eligible for getting processed by all BeanPostProcessors (for example: not eligible for auto-proxying)
[shanjupay-merchant-service][${env:SERVER_PORT}] 2021-05-08 09:54:59,831 INFO
            [main][TomcatWebServer.java:90] - Tomcat initialized with port(s): 56040 (http)
[shanjupay-merchant-service][${env:SERVER_PORT}] 2021-05-08 09:54:59,865 INFO
            [main][DirectJDKLog.java:173] - Initializing ProtocolHandler ["http-nio-56040"]
[shanjupay-merchant-service][${env:SERVER_PORT}] 2021-05-08 09:54:59,877 INFO
            [main][DirectJDKLog.java:173] - Starting service [Tomcat]
[shanjupay-merchant-service][${env:SERVER_PORT}] 2021-05-08 09:54:59,878 INFO
            [main][DirectJDKLog.java:173] - Starting Servlet engine: [Apache Tomcat/9.0.16]
[shanjupay-merchant-service][${env:SERVER_PORT}] 2021-05-08 09:54:59,889 INFO
            [main][DirectJDKLog.java:173] - The APR based Apache Tomcat Native library which allows optimal performance in production environments was not found on the java.library.path: [D:\usr\local\jdk\jdk1.8.0_152\bin;C:\WINDOWS\Sun\Java\bin;C:\WINDOWS\system32;C:\WINDOWS;C:\ProgramData\Oracle\Java\javapath;C:\Windows\system32;C:\Windows;C:\Windows\System32\Wbem;C:\Windows\System32\WindowsPowerShell\v1.0\;C:\Windows\System32\OpenSSH\;C:\Program Files (x86)\NVIDIA Corporation\PhysX\Common;C:\Program Files\NVIDIA Corporation\NVIDIA NvDLISR;D:\usr\local\jdk\jdk1.8.0_152\bin;D:\usr\local\mysql\mysql-5.7.29-winx64\bin;D:\usr\local\maven\apache-maven-3.6.3\bin;D:\Program Files\Git\cmd;D:\usr\local\nodejs\;D:\usr\local\Redis\;D:\PostgreSQL\11\bin;D:\usr\local\wkhtmltox-0.12.5-1.mxe-cross-win64\wkhtmltox\bin;C:\Program Files\dotnet\;C:\Program Files\Microsoft SQL Server\130\Tools\Binn\;C:\Program Files\Microsoft SQL Server\Client SDK\ODBC\170\Tools\Binn\;D:\usr\local\hadoop2.7.5\bin;;C:\WINDOWS\system32;C:\WINDOWS;C:\WINDOWS\System32\Wbem;C:\WINDOWS\System32\WindowsPowerShell\v1.0\;C:\WINDOWS\System32\OpenSSH\;C:\Users\chase\AppData\Local\Programs\Python\Python37\Scripts\;C:\Users\chase\AppData\Local\Programs\Python\Python37\;C:\Users\chase\AppData\Local\Microsoft\WindowsApps;;D:\Microsoft VS Code\bin;C:\Users\chase\AppData\Roaming\npm;C:\Users\chase\.dotnet\tools;D:\heroku\bin;.]
[shanjupay-merchant-service][${env:SERVER_PORT}] 2021-05-08 09:55:00,071 INFO
            [main][DirectJDKLog.java:173] - Initializing Spring embedded WebApplicationContext
[shanjupay-merchant-service][${env:SERVER_PORT}] 2021-05-08 09:55:00,071 INFO
            [main][ServletWebServerApplicationContext.java:296] - Root WebApplicationContext: initialization completed in 6866 ms
[shanjupay-merchant-service][${env:SERVER_PORT}] 2021-05-08 09:55:00,673 INFO
            [main][DruidDataSourceAutoConfigure.java:56] - Init DruidDataSource
[shanjupay-merchant-service][${env:SERVER_PORT}] 2021-05-08 09:55:01,002 INFO
            [main][DruidDataSource.java:1002] - {dataSource-1} inited
[shanjupay-merchant-service][${env:SERVER_PORT}] 2021-05-08 09:55:02,431 WARN
            [main][URLConfigurationSource.java:121] - No URLs will be polled as dynamic configuration sources.
[shanjupay-merchant-service][${env:SERVER_PORT}] 2021-05-08 09:55:02,431 INFO
            [main][URLConfigurationSource.java:122] - To enable URLs as dynamic configuration sources, define System property archaius.configurationSource.additionalUrls or make config.properties available on classpath.
[shanjupay-merchant-service][${env:SERVER_PORT}] 2021-05-08 09:55:02,438 WARN
            [main][URLConfigurationSource.java:121] - No URLs will be polled as dynamic configuration sources.
[shanjupay-merchant-service][${env:SERVER_PORT}] 2021-05-08 09:55:02,438 INFO
            [main][URLConfigurationSource.java:122] - To enable URLs as dynamic configuration sources, define System property archaius.configurationSource.additionalUrls or make config.properties available on classpath.
[shanjupay-merchant-service][${env:SERVER_PORT}] 2021-05-08 09:55:02,679 INFO
            [main][ExecutorConfigurationSupport.java:171] - Initializing ExecutorService 'applicationTaskExecutor'
[shanjupay-merchant-service][${env:SERVER_PORT}] 2021-05-08 09:55:03,142 INFO
            [main][ExecutorConfigurationSupport.java:171] - Initializing ExecutorService
[shanjupay-merchant-service][${env:SERVER_PORT}] 2021-05-08 09:55:03,201 INFO
            [main][DubboConfigBindingBeanPostProcessor.java:109] - The properties of bean [name : org.apache.dubbo.config.RegistryConfig#0] have been binding by prefix of configuration properties : dubbo.registry
[shanjupay-merchant-service][${env:SERVER_PORT}] 2021-05-08 09:55:03,212 INFO
            [main][DubboConfigBindingBeanPostProcessor.java:109] - The properties of bean [name : org.apache.dubbo.config.ProtocolConfig#0] have been binding by prefix of configuration properties : dubbo.protocol
[shanjupay-merchant-service][${env:SERVER_PORT}] 2021-05-08 09:55:03,240 INFO
            [main][DubboConfigBindingBeanPostProcessor.java:109] - The properties of bean [name : org.apache.dubbo.config.ConsumerConfig#0] have been binding by prefix of configuration properties : dubbo.consumer
[shanjupay-merchant-service][${env:SERVER_PORT}] 2021-05-08 09:55:04,433 INFO
            [main][EndpointLinksResolver.java:59] - Exposing 4 endpoint(s) beneath base path '/actuator'
[shanjupay-merchant-service][${env:SERVER_PORT}] 2021-05-08 09:55:04,793 INFO
            [main][DubboServiceMetadataRepository.java:262] - The metadata of Dubbo services has been initialized
[shanjupay-merchant-service][${env:SERVER_PORT}] 2021-05-08 09:55:04,890 WARN
            [ThreadPoolTaskScheduler-1][DubboServiceMetadataRepository.java:216] - Current application will subscribe all services(size:0) in registry, a lot of memory and CPU cycles may be used, thus it's strongly recommend you using the externalized property 'dubbo.cloud.subscribed-services' to specify the services
[shanjupay-merchant-service][${env:SERVER_PORT}] 2021-05-08 09:55:04,899 INFO
            [main][ServiceBean.java:112] -  [DUBBO] The service ready on spring started. service: com.shanjupay.merchant.api.MerchantService, dubbo version: 2.7.3, current host: 192.168.31.2
[shanjupay-merchant-service][${env:SERVER_PORT}] 2021-05-08 09:55:04,915 WARN
            [main][AbstractInterfaceConfig.java:265] -  [DUBBO] There's no valid metadata config found, if you are using the simplified mode of registry url, please make sure you have a metadata address configured properly., dubbo version: 2.7.3, current host: 192.168.31.2
[shanjupay-merchant-service][${env:SERVER_PORT}] 2021-05-08 09:55:05,027 INFO
            [main][ServiceConfig.java:643] -  [DUBBO] Export dubbo service com.shanjupay.merchant.api.MerchantService to local registry url : injvm://127.0.0.1/com.shanjupay.merchant.api.MerchantService?anyhost=true&application=merchant-service&bean.name=ServiceBean:com.shanjupay.merchant.api.MerchantService&bind.ip=192.168.31.2&bind.port=20890&deprecated=false&dubbo=2.0.2&dynamic=true&generic=false&interface=com.shanjupay.merchant.api.MerchantService&methods=queryMerchantById,createMerchant&pid=19436&qos.enable=false&qos.port=22240&register=true&release=2.7.3&side=provider&timestamp=1620438904921, dubbo version: 2.7.3, current host: 192.168.31.2
[shanjupay-merchant-service][${env:SERVER_PORT}] 2021-05-08 09:55:05,027 INFO
            [main][ServiceConfig.java:581] -  [DUBBO] Export dubbo service com.shanjupay.merchant.api.MerchantService to url dubbo://192.168.31.2:20890/com.shanjupay.merchant.api.MerchantService?anyhost=true&application=merchant-service&bean.name=ServiceBean:com.shanjupay.merchant.api.MerchantService&bind.ip=192.168.31.2&bind.port=20890&deprecated=false&dubbo=2.0.2&dynamic=true&generic=false&interface=com.shanjupay.merchant.api.MerchantService&methods=queryMerchantById,createMerchant&pid=19436&qos.enable=false&qos.port=22240&register=true&release=2.7.3&side=provider&timestamp=1620438904921, dubbo version: 2.7.3, current host: 192.168.31.2
[shanjupay-merchant-service][${env:SERVER_PORT}] 2021-05-08 09:55:05,028 INFO
            [main][AbstractInterfaceConfig.java:237] -  [DUBBO] There's no valid monitor config found, if you want to open monitor statistics for Dubbo, please make sure your monitor is configured properly., dubbo version: 2.7.3, current host: 192.168.31.2
[shanjupay-merchant-service][${env:SERVER_PORT}] 2021-05-08 09:55:05,028 INFO
            [main][ServiceConfig.java:595] -  [DUBBO] Register dubbo service com.shanjupay.merchant.api.MerchantService url dubbo://192.168.31.2:20890/com.shanjupay.merchant.api.MerchantService?anyhost=true&application=merchant-service&bean.name=ServiceBean:com.shanjupay.merchant.api.MerchantService&bind.ip=192.168.31.2&bind.port=20890&deprecated=false&dubbo=2.0.2&dynamic=true&generic=false&interface=com.shanjupay.merchant.api.MerchantService&methods=queryMerchantById,createMerchant&pid=19436&qos.enable=false&qos.port=22240&register=true&release=2.7.3&side=provider&timestamp=1620438904921 to registry registry://localhost:9090/org.apache.dubbo.registry.RegistryService?application=merchant-service&dubbo=2.0.2&pid=19436&qos.enable=false&qos.port=22240&registry=spring-cloud&release=2.7.3&timestamp=1620438904916, dubbo version: 2.7.3, current host: 192.168.31.2
[shanjupay-merchant-service][${env:SERVER_PORT}] 2021-05-08 09:55:05,082 INFO
            [main][QosProtocolWrapper.java:89] -  [DUBBO] qos won't be started because it is disabled. Please check dubbo.application.qos.enable is configured either in system property, dubbo.properties or XML/spring-boot configuration., dubbo version: 2.7.3, current host: 192.168.31.2
[shanjupay-merchant-service][${env:SERVER_PORT}] 2021-05-08 09:55:06,142 INFO
            [main][AbstractServer.java:73] -  [DUBBO] Start NettyServer bind /0.0.0.0:20890, export /192.168.31.2:20890, dubbo version: 2.7.3, current host: 192.168.31.2
[shanjupay-merchant-service][${env:SERVER_PORT}] 2021-05-08 09:55:06,143 WARN
            [main][SpringExtensionFactory.java:86] -  [DUBBO] No spring extension (bean) named:applicationContext, try to find an extension (bean) of type org.springframework.context.ConfigurableApplicationContext, dubbo version: 2.7.3, current host: 192.168.31.2
[shanjupay-merchant-service][${env:SERVER_PORT}] 2021-05-08 09:55:06,144 WARN
            [main][SpringExtensionFactory.java:104] -  [DUBBO] No spring extension (bean) named:applicationContext, type:org.springframework.context.ConfigurableApplicationContext found, stop get bean., dubbo version: 2.7.3, current host: 192.168.31.2
[shanjupay-merchant-service][${env:SERVER_PORT}] 2021-05-08 09:55:06,157 INFO
            [main][AbstractRegistry.java:280] -  [DUBBO] Register: dubbo://192.168.31.2:20890/com.shanjupay.merchant.api.MerchantService?anyhost=true&application=merchant-service&bean.name=ServiceBean:com.shanjupay.merchant.api.MerchantService&deprecated=false&dubbo=2.0.2&dynamic=true&generic=false&interface=com.shanjupay.merchant.api.MerchantService&methods=queryMerchantById,createMerchant&pid=19436&register=true&release=2.7.3&side=provider&timestamp=1620438904921, dubbo version: 2.7.3, current host: 192.168.31.2
[shanjupay-merchant-service][${env:SERVER_PORT}] 2021-05-08 09:55:07,791 INFO
            [main][InetUtils.java:170] - Cannot determine local hostname
[shanjupay-merchant-service][${env:SERVER_PORT}] 2021-05-08 09:55:07,791 INFO
            [main][AbstractRegistry.java:305] -  [DUBBO] Subscribe: provider://192.168.31.2:20890/com.shanjupay.merchant.api.MerchantService?anyhost=true&application=merchant-service&bean.name=ServiceBean:com.shanjupay.merchant.api.MerchantService&bind.ip=192.168.31.2&bind.port=20890&category=configurators&check=false&deprecated=false&dubbo=2.0.2&dynamic=true&generic=false&interface=com.shanjupay.merchant.api.MerchantService&methods=queryMerchantById,createMerchant&pid=19436&qos.enable=false&qos.port=22240&register=true&release=2.7.3&side=provider&timestamp=1620438904921, dubbo version: 2.7.3, current host: 192.168.31.2
[shanjupay-merchant-service][${env:SERVER_PORT}] 2021-05-08 09:55:07,794 INFO
            [main][AbstractInterfaceConfig.java:237] -  [DUBBO] There's no valid monitor config found, if you want to open monitor statistics for Dubbo, please make sure your monitor is configured properly., dubbo version: 2.7.3, current host: 192.168.31.2
[shanjupay-merchant-service][${env:SERVER_PORT}] 2021-05-08 09:55:07,794 INFO
            [main][ServiceConfig.java:595] -  [DUBBO] Register dubbo service com.shanjupay.merchant.api.MerchantService url dubbo://192.168.31.2:20890/com.shanjupay.merchant.api.MerchantService?anyhost=true&application=merchant-service&bean.name=ServiceBean:com.shanjupay.merchant.api.MerchantService&bind.ip=192.168.31.2&bind.port=20890&deprecated=false&dubbo=2.0.2&dynamic=true&generic=false&interface=com.shanjupay.merchant.api.MerchantService&methods=queryMerchantById,createMerchant&pid=19436&qos.enable=false&qos.port=22240&register=true&release=2.7.3&side=provider&timestamp=1620438904921 to registry registry://127.0.0.1:8848/org.apache.dubbo.registry.RegistryService?application=merchant-service&dubbo=2.0.2&pid=19436&qos.enable=false&qos.port=22240&registry=nacos&release=2.7.3&timestamp=1620438904920, dubbo version: 2.7.3, current host: 192.168.31.2
[shanjupay-merchant-service][${env:SERVER_PORT}] 2021-05-08 09:55:07,811 INFO
            [main][AbstractRegistry.java:212] -  [DUBBO] Load registry cache file C:\Users\chase\.dubbo\dubbo-registry-merchant-service-127.0.0.1:8848.cache, data: {merchant--application/com.alibaba.cloud.dubbo.service.DubboMetadataService:1.0.0=dubbo://192.168.31.2:20891/com.alibaba.cloud.dubbo.service.DubboMetadataService?anyhost=true&application=merchant--application&category=providers&deprecated=false&dubbo=2.0.2&dynamic=true&generic=false&group=merchant--application&interface=com.alibaba.cloud.dubbo.service.DubboMetadataService&methods=getAllServiceKeys,getServiceRestMetadata,getExportedURLs,getAllExportedURLs&path=com.alibaba.cloud.dubbo.service.DubboMetadataService&pid=11592&protocol=dubbo&register=true&release=2.7.3&revision=2.1.0.RELEASE&side=provider&timestamp=1619764942708&version=1.0.0, merchant-application/com.alibaba.cloud.dubbo.service.DubboMetadataService:1.0.0=dubbo://192.168.31.2:20891/com.alibaba.cloud.dubbo.service.DubboMetadataService?anyhost=true&application=merchant-application&category=providers&deprecated=false&dubbo=2.0.2&dynamic=true&generic=false&group=merchant-application&interface=com.alibaba.cloud.dubbo.service.DubboMetadataService&methods=getAllServiceKeys,getServiceRestMetadata,getExportedURLs,getAllExportedURLs&path=com.alibaba.cloud.dubbo.service.DubboMetadataService&pid=9448&protocol=dubbo&register=true&release=2.7.3&revision=2.1.0.RELEASE&side=provider&timestamp=1620354303368&version=1.0.0}, dubbo version: 2.7.3, current host: 192.168.31.2
[shanjupay-merchant-service][${env:SERVER_PORT}] 2021-05-08 09:55:07,811 INFO
            [main][AbstractRegistry.java:280] -  [DUBBO] Register: dubbo://192.168.31.2:20890/com.shanjupay.merchant.api.MerchantService?anyhost=true&application=merchant-service&bean.name=ServiceBean:com.shanjupay.merchant.api.MerchantService&deprecated=false&dubbo=2.0.2&dynamic=true&generic=false&interface=com.shanjupay.merchant.api.MerchantService&methods=queryMerchantById,createMerchant&pid=19436&register=true&release=2.7.3&side=provider&timestamp=1620438904921, dubbo version: 2.7.3, current host: 192.168.31.2
[shanjupay-merchant-service][${env:SERVER_PORT}] 2021-05-08 09:55:07,828 INFO
            [main][AbstractRegistry.java:305] -  [DUBBO] Subscribe: provider://192.168.31.2:20890/com.shanjupay.merchant.api.MerchantService?anyhost=true&application=merchant-service&bean.name=ServiceBean:com.shanjupay.merchant.api.MerchantService&bind.ip=192.168.31.2&bind.port=20890&category=configurators&check=false&deprecated=false&dubbo=2.0.2&dynamic=true&generic=false&interface=com.shanjupay.merchant.api.MerchantService&methods=queryMerchantById,createMerchant&pid=19436&qos.enable=false&qos.port=22240&register=true&release=2.7.3&side=provider&timestamp=1620438904921, dubbo version: 2.7.3, current host: 192.168.31.2
[shanjupay-merchant-service][${env:SERVER_PORT}] 2021-05-08 09:55:07,861 WARN
            [main][AbstractRegistry.java:395] -  [DUBBO] Ignore empty notify urls for subscribe url provider://192.168.31.2:20890/com.shanjupay.merchant.api.MerchantService?anyhost=true&application=merchant-service&bean.name=ServiceBean:com.shanjupay.merchant.api.MerchantService&bind.ip=192.168.31.2&bind.port=20890&category=configurators&check=false&deprecated=false&dubbo=2.0.2&dynamic=true&generic=false&interface=com.shanjupay.merchant.api.MerchantService&methods=queryMerchantById,createMerchant&pid=19436&qos.enable=false&qos.port=22240&register=true&release=2.7.3&side=provider&timestamp=1620438904921, dubbo version: 2.7.3, current host: 192.168.31.2
[shanjupay-merchant-service][${env:SERVER_PORT}] 2021-05-08 09:55:07,862 WARN
            [com.alibaba.nacos.naming.client.listener][AbstractRegistry.java:395] -  [DUBBO] Ignore empty notify urls for subscribe url provider://192.168.31.2:20890/com.shanjupay.merchant.api.MerchantService?anyhost=true&application=merchant-service&bean.name=ServiceBean:com.shanjupay.merchant.api.MerchantService&bind.ip=192.168.31.2&bind.port=20890&category=configurators&check=false&deprecated=false&dubbo=2.0.2&dynamic=true&generic=false&interface=com.shanjupay.merchant.api.MerchantService&methods=queryMerchantById,createMerchant&pid=19436&qos.enable=false&qos.port=22240&register=true&release=2.7.3&side=provider&timestamp=1620438904921, dubbo version: 2.7.3, current host: 192.168.31.2
[shanjupay-merchant-service][${env:SERVER_PORT}] 2021-05-08 09:55:07,868 INFO
            [main][DirectJDKLog.java:173] - Starting ProtocolHandler ["http-nio-56040"]
[shanjupay-merchant-service][${env:SERVER_PORT}] 2021-05-08 09:55:07,887 INFO
            [main][TomcatWebServer.java:204] - Tomcat started on port(s): 56040 (http) with context path '/merchantservice'
[shanjupay-merchant-service][${env:SERVER_PORT}] 2021-05-08 09:55:07,905 WARN
            [main][AbstractInterfaceConfig.java:265] -  [DUBBO] There's no valid metadata config found, if you are using the simplified mode of registry url, please make sure you have a metadata address configured properly., dubbo version: 2.7.3, current host: 192.168.31.2
[shanjupay-merchant-service][${env:SERVER_PORT}] 2021-05-08 09:55:07,916 INFO
            [main][ServiceConfig.java:643] -  [DUBBO] Export dubbo service com.alibaba.cloud.dubbo.service.DubboMetadataService to local registry url : injvm://127.0.0.1/com.alibaba.cloud.dubbo.service.DubboMetadataService?anyhost=true&application=merchant-service&bind.ip=192.168.31.2&bind.port=20890&deprecated=false&dubbo=2.0.2&dynamic=true&generic=false&group=merchant-service&interface=com.alibaba.cloud.dubbo.service.DubboMetadataService&methods=getAllServiceKeys,getServiceRestMetadata,getExportedURLs,getAllExportedURLs&pid=19436&qos.enable=false&qos.port=22240&register=true&release=2.7.3&revision=2.1.0.RELEASE&side=provider&timestamp=1620438907906&version=1.0.0, dubbo version: 2.7.3, current host: 192.168.31.2
[shanjupay-merchant-service][${env:SERVER_PORT}] 2021-05-08 09:55:07,917 INFO
            [main][ServiceConfig.java:581] -  [DUBBO] Export dubbo service com.alibaba.cloud.dubbo.service.DubboMetadataService to url dubbo://192.168.31.2:20890/com.alibaba.cloud.dubbo.service.DubboMetadataService?anyhost=true&application=merchant-service&bind.ip=192.168.31.2&bind.port=20890&deprecated=false&dubbo=2.0.2&dynamic=true&generic=false&group=merchant-service&interface=com.alibaba.cloud.dubbo.service.DubboMetadataService&methods=getAllServiceKeys,getServiceRestMetadata,getExportedURLs,getAllExportedURLs&pid=19436&qos.enable=false&qos.port=22240&register=true&release=2.7.3&revision=2.1.0.RELEASE&side=provider&timestamp=1620438907906&version=1.0.0, dubbo version: 2.7.3, current host: 192.168.31.2
[shanjupay-merchant-service][${env:SERVER_PORT}] 2021-05-08 09:55:07,917 INFO
            [main][AbstractInterfaceConfig.java:237] -  [DUBBO] There's no valid monitor config found, if you want to open monitor statistics for Dubbo, please make sure your monitor is configured properly., dubbo version: 2.7.3, current host: 192.168.31.2
[shanjupay-merchant-service][${env:SERVER_PORT}] 2021-05-08 09:55:07,917 INFO
            [main][ServiceConfig.java:595] -  [DUBBO] Register dubbo service com.alibaba.cloud.dubbo.service.DubboMetadataService url dubbo://192.168.31.2:20890/com.alibaba.cloud.dubbo.service.DubboMetadataService?anyhost=true&application=merchant-service&bind.ip=192.168.31.2&bind.port=20890&deprecated=false&dubbo=2.0.2&dynamic=true&generic=false&group=merchant-service&interface=com.alibaba.cloud.dubbo.service.DubboMetadataService&methods=getAllServiceKeys,getServiceRestMetadata,getExportedURLs,getAllExportedURLs&pid=19436&qos.enable=false&qos.port=22240&register=true&release=2.7.3&revision=2.1.0.RELEASE&side=provider&timestamp=1620438907906&version=1.0.0 to registry registry://127.0.0.1:8848/org.apache.dubbo.registry.RegistryService?application=merchant-service&dubbo=2.0.2&pid=19436&qos.enable=false&qos.port=22240&registry=nacos&release=2.7.3&timestamp=1620438907906, dubbo version: 2.7.3, current host: 192.168.31.2
[shanjupay-merchant-service][${env:SERVER_PORT}] 2021-05-08 09:55:07,919 INFO
            [main][AbstractRegistry.java:280] -  [DUBBO] Register: dubbo://192.168.31.2:20890/com.alibaba.cloud.dubbo.service.DubboMetadataService?anyhost=true&application=merchant-service&deprecated=false&dubbo=2.0.2&dynamic=true&generic=false&group=merchant-service&interface=com.alibaba.cloud.dubbo.service.DubboMetadataService&methods=getAllServiceKeys,getServiceRestMetadata,getExportedURLs,getAllExportedURLs&pid=19436&register=true&release=2.7.3&revision=2.1.0.RELEASE&side=provider&timestamp=1620438907906&version=1.0.0, dubbo version: 2.7.3, current host: 192.168.31.2
[shanjupay-merchant-service][${env:SERVER_PORT}] 2021-05-08 09:55:07,929 INFO
            [main][AbstractRegistry.java:305] -  [DUBBO] Subscribe: provider://192.168.31.2:20890/com.alibaba.cloud.dubbo.service.DubboMetadataService?anyhost=true&application=merchant-service&bind.ip=192.168.31.2&bind.port=20890&category=configurators&check=false&deprecated=false&dubbo=2.0.2&dynamic=true&generic=false&group=merchant-service&interface=com.alibaba.cloud.dubbo.service.DubboMetadataService&methods=getAllServiceKeys,getServiceRestMetadata,getExportedURLs,getAllExportedURLs&pid=19436&qos.enable=false&qos.port=22240&register=true&release=2.7.3&revision=2.1.0.RELEASE&side=provider&timestamp=1620438907906&version=1.0.0, dubbo version: 2.7.3, current host: 192.168.31.2
[shanjupay-merchant-service][${env:SERVER_PORT}] 2021-05-08 09:55:07,936 WARN
            [main][AbstractRegistry.java:395] -  [DUBBO] Ignore empty notify urls for subscribe url provider://192.168.31.2:20890/com.alibaba.cloud.dubbo.service.DubboMetadataService?anyhost=true&application=merchant-service&bind.ip=192.168.31.2&bind.port=20890&category=configurators&check=false&deprecated=false&dubbo=2.0.2&dynamic=true&generic=false&group=merchant-service&interface=com.alibaba.cloud.dubbo.service.DubboMetadataService&methods=getAllServiceKeys,getServiceRestMetadata,getExportedURLs,getAllExportedURLs&pid=19436&qos.enable=false&qos.port=22240&register=true&release=2.7.3&revision=2.1.0.RELEASE&side=provider&timestamp=1620438907906&version=1.0.0, dubbo version: 2.7.3, current host: 192.168.31.2
[shanjupay-merchant-service][${env:SERVER_PORT}] 2021-05-08 09:55:07,936 WARN
            [com.alibaba.nacos.naming.client.listener][AbstractRegistry.java:395] -  [DUBBO] Ignore empty notify urls for subscribe url provider://192.168.31.2:20890/com.alibaba.cloud.dubbo.service.DubboMetadataService?anyhost=true&application=merchant-service&bind.ip=192.168.31.2&bind.port=20890&category=configurators&check=false&deprecated=false&dubbo=2.0.2&dynamic=true&generic=false&group=merchant-service&interface=com.alibaba.cloud.dubbo.service.DubboMetadataService&methods=getAllServiceKeys,getServiceRestMetadata,getExportedURLs,getAllExportedURLs&pid=19436&qos.enable=false&qos.port=22240&register=true&release=2.7.3&revision=2.1.0.RELEASE&side=provider&timestamp=1620438907906&version=1.0.0, dubbo version: 2.7.3, current host: 192.168.31.2
[shanjupay-merchant-service][${env:SERVER_PORT}] 2021-05-08 09:55:07,936 INFO
            [main][DubboMetadataServiceExporter.java:86] - The Dubbo service[<dubbo:service path="com.alibaba.cloud.dubbo.service.DubboMetadataService" ref="com.alibaba.cloud.dubbo.service.IntrospectiveDubboMetadataService@219acda9" prefix="dubbo.service.com.alibaba.cloud.dubbo.service.DubboMetadataService" generic="false" exported="true" unexported="false" interface="com.alibaba.cloud.dubbo.service.DubboMetadataService" version="1.0.0" dynamic="true" group="merchant-service" register="true" deprecated="false" id="com.alibaba.cloud.dubbo.service.DubboMetadataService" valid="true" />] has been exported.
[shanjupay-merchant-service][${env:SERVER_PORT}] 2021-05-08 09:55:07,968 INFO
            [main][NacosServiceRegistry.java:62] - nacos registry, merchant-service 192.168.31.32:56040 register finished
[shanjupay-merchant-service][${env:SERVER_PORT}] 2021-05-08 09:55:07,975 INFO
            [main][StartupInfoLogger.java:59] - Started MerchantBootstrap in 19.55 seconds (JVM running for 24.576)
[shanjupay-merchant-service][${env:SERVER_PORT}] 2021-05-08 09:55:08,086 INFO
            [RMI TCP Connection(1)-192.168.31.2][DirectJDKLog.java:173] - Initializing Spring DispatcherServlet 'dispatcherServlet'
[shanjupay-merchant-service][${env:SERVER_PORT}] 2021-05-08 09:55:08,086 INFO
            [RMI TCP Connection(1)-192.168.31.2][FrameworkServlet.java:524] - Initializing Servlet 'dispatcherServlet'
[shanjupay-merchant-service][${env:SERVER_PORT}] 2021-05-08 09:55:08,107 INFO
            [RMI TCP Connection(1)-192.168.31.2][FrameworkServlet.java:546] - Completed initialization in 21 ms
[shanjupay-merchant-service][${env:SERVER_PORT}] 2021-05-08 09:55:34,901 WARN
            [ThreadPoolTaskScheduler-1][DubboServiceMetadataRepository.java:216] - Current application will subscribe all services(size:2) in registry, a lot of memory and CPU cycles may be used, thus it's strongly recommend you using the externalized property 'dubbo.cloud.subscribed-services' to specify the services
[shanjupay-merchant-service][${env:SERVER_PORT}] 2021-05-08 09:55:34,916 INFO
            [com.alibaba.nacos.naming.client.listener][DubboServiceDiscoveryAutoConfiguration.java:157] - The event of the service instances[name : merchant-application , size : 1] change is about to be dispatched
[shanjupay-merchant-service][${env:SERVER_PORT}] 2021-05-08 09:55:34,917 INFO
            [com.alibaba.nacos.naming.client.listener][AbstractSpringCloudRegistry.java:213] - The Dubbo Service URL[ID : provider://192.168.31.2:20890/com.shanjupay.merchant.api.MerchantService] is being subscribed for service[name : merchant-application]
[shanjupay-merchant-service][${env:SERVER_PORT}] 2021-05-08 09:55:34,917 INFO
            [com.alibaba.nacos.naming.client.listener][AbstractSpringCloudRegistry.java:223] - The metadata of Dubbo service[key : com.shanjupay.merchant.api.MerchantService] can't be found when the subscribed service[name : merchant-application], and then try to initialize it
[shanjupay-merchant-service][${env:SERVER_PORT}] 2021-05-08 09:55:34,917 INFO
            [com.alibaba.nacos.naming.client.listener][DubboServiceMetadataRepository.java:280] - The metadata of Dubbo service[name : merchant-application] is about to be initialized
[shanjupay-merchant-service][${env:SERVER_PORT}] 2021-05-08 09:55:34,952 WARN
            [com.alibaba.nacos.naming.client.listener][AbstractInterfaceConfig.java:265] -  [DUBBO] There's no valid metadata config found, if you are using the simplified mode of registry url, please make sure you have a metadata address configured properly., dubbo version: 2.7.3, current host: 192.168.31.2
[shanjupay-merchant-service][${env:SERVER_PORT}] 2021-05-08 09:55:34,954 INFO
            [com.alibaba.nacos.naming.client.listener][AbstractInterfaceConfig.java:237] -  [DUBBO] There's no valid monitor config found, if you want to open monitor statistics for Dubbo, please make sure your monitor is configured properly., dubbo version: 2.7.3, current host: 192.168.31.2
[shanjupay-merchant-service][${env:SERVER_PORT}] 2021-05-08 09:55:34,955 INFO
            [com.alibaba.nacos.naming.client.listener][AbstractInterfaceConfig.java:237] -  [DUBBO] There's no valid monitor config found, if you want to open monitor statistics for Dubbo, please make sure your monitor is configured properly., dubbo version: 2.7.3, current host: 192.168.31.2
[shanjupay-merchant-service][${env:SERVER_PORT}] 2021-05-08 09:55:34,968 INFO
            [com.alibaba.nacos.naming.client.listener][AbstractRegistry.java:280] -  [DUBBO] Register: consumer://192.168.31.2/org.apache.dubbo.rpc.service.GenericService?application=merchant-service&category=consumers&check=false&dubbo=2.0.2&generic=true&group=merchant-application&interface=com.alibaba.cloud.dubbo.service.DubboMetadataService&lazy=false&pid=19436&qos.enable=false&qos.port=22240&release=2.7.3&retries=-1&side=consumer&sticky=false&timeout=90000&timestamp=1620438934952&version=1.0.0, dubbo version: 2.7.3, current host: 192.168.31.2
[shanjupay-merchant-service][${env:SERVER_PORT}] 2021-05-08 09:55:34,974 INFO
            [com.alibaba.nacos.naming.client.listener][AbstractRegistry.java:305] -  [DUBBO] Subscribe: consumer://192.168.31.2/org.apache.dubbo.rpc.service.GenericService?application=merchant-service&category=providers,configurators,routers&check=true&dubbo=2.0.2&generic=true&group=merchant-application&interface=com.alibaba.cloud.dubbo.service.DubboMetadataService&lazy=false&pid=19436&qos.enable=false&qos.port=22240&release=2.7.3&retries=-1&side=consumer&sticky=false&timeout=90000&timestamp=1620438934952&version=1.0.0, dubbo version: 2.7.3, current host: 192.168.31.2
[shanjupay-merchant-service][${env:SERVER_PORT}] 2021-05-08 09:55:35,004 INFO
            [com.alibaba.nacos.naming.client.listener][AbstractClient.java:199] -  [DUBBO] Succeed connect to server /192.168.31.2:20891 from NettyClient 192.168.31.2 using dubbo version 2.7.3, channel is NettyChannel [channel=[id: 0x6a37deb2, L:/192.168.31.2:53200 - R:/192.168.31.2:20891]], dubbo version: 2.7.3, current host: 192.168.31.2
[shanjupay-merchant-service][${env:SERVER_PORT}] 2021-05-08 09:55:35,005 INFO
            [com.alibaba.nacos.naming.client.listener][AbstractClient.java:71] -  [DUBBO] Start NettyClient LAPTOP-KIVF0AF2/192.168.31.2 connect to the server /192.168.31.2:20891, dubbo version: 2.7.3, current host: 192.168.31.2
[shanjupay-merchant-service][${env:SERVER_PORT}] 2021-05-08 09:55:35,019 INFO
            [com.alibaba.nacos.naming.client.listener][AbstractRegistry.java:280] -  [DUBBO] Register: consumer://192.168.31.2/org.apache.dubbo.rpc.service.GenericService?application=merchant-service&category=consumers&check=false&dubbo=2.0.2&generic=true&group=merchant-application&interface=com.alibaba.cloud.dubbo.service.DubboMetadataService&lazy=false&pid=19436&qos.enable=false&qos.port=22240&release=2.7.3&retries=-1&side=consumer&sticky=false&timeout=90000&timestamp=1620438934952&version=1.0.0, dubbo version: 2.7.3, current host: 192.168.31.2
[shanjupay-merchant-service][${env:SERVER_PORT}] 2021-05-08 09:55:35,023 INFO
            [com.alibaba.nacos.naming.client.listener][AbstractRegistry.java:305] -  [DUBBO] Subscribe: consumer://192.168.31.2/org.apache.dubbo.rpc.service.GenericService?application=merchant-service&category=providers,configurators,routers&check=true&dubbo=2.0.2&generic=true&group=merchant-application&interface=com.alibaba.cloud.dubbo.service.DubboMetadataService&lazy=false&pid=19436&qos.enable=false&qos.port=22240&release=2.7.3&retries=-1&side=consumer&sticky=false&timeout=90000&timestamp=1620438934952&version=1.0.0, dubbo version: 2.7.3, current host: 192.168.31.2
[shanjupay-merchant-service][${env:SERVER_PORT}] 2021-05-08 09:55:35,027 INFO
            [com.alibaba.nacos.naming.client.listener][AbstractRegistry.java:399] -  [DUBBO] Notify urls for subscribe url consumer://192.168.31.2/org.apache.dubbo.rpc.service.GenericService?application=merchant-service&category=providers,configurators,routers&check=true&dubbo=2.0.2&generic=true&group=merchant-application&interface=com.alibaba.cloud.dubbo.service.DubboMetadataService&lazy=false&pid=19436&qos.enable=false&qos.port=22240&release=2.7.3&retries=-1&side=consumer&sticky=false&timeout=90000&timestamp=1620438934952&version=1.0.0, urls: [dubbo://192.168.31.2:20891/com.alibaba.cloud.dubbo.service.DubboMetadataService?anyhost=true&application=merchant-application&category=providers&deprecated=false&dubbo=2.0.2&dynamic=true&generic=false&group=merchant-application&interface=com.alibaba.cloud.dubbo.service.DubboMetadataService&methods=getAllServiceKeys,getServiceRestMetadata,getExportedURLs,getAllExportedURLs&path=com.alibaba.cloud.dubbo.service.DubboMetadataService&pid=10276&protocol=dubbo&register=true&release=2.7.3&revision=2.1.0.RELEASE&side=provider&timestamp=1620438911774&version=1.0.0], dubbo version: 2.7.3, current host: 192.168.31.2
[shanjupay-merchant-service][${env:SERVER_PORT}] 2021-05-08 09:55:35,029 INFO
            [com.alibaba.nacos.naming.client.listener][AbstractRegistry.java:399] -  [DUBBO] Notify urls for subscribe url consumer://192.168.31.2/org.apache.dubbo.rpc.service.GenericService?application=merchant-service&category=providers,configurators,routers&check=true&dubbo=2.0.2&generic=true&group=merchant-application&interface=com.alibaba.cloud.dubbo.service.DubboMetadataService&lazy=false&pid=19436&qos.enable=false&qos.port=22240&release=2.7.3&retries=-1&side=consumer&sticky=false&timeout=90000&timestamp=1620438934952&version=1.0.0, urls: [dubbo://192.168.31.2:20891/com.alibaba.cloud.dubbo.service.DubboMetadataService?anyhost=true&application=merchant-application&category=providers&deprecated=false&dubbo=2.0.2&dynamic=true&generic=false&group=merchant-application&interface=com.alibaba.cloud.dubbo.service.DubboMetadataService&methods=getAllServiceKeys,getServiceRestMetadata,getExportedURLs,getAllExportedURLs&path=com.alibaba.cloud.dubbo.service.DubboMetadataService&pid=10276&protocol=dubbo&register=true&release=2.7.3&revision=2.1.0.RELEASE&side=provider&timestamp=1620438911774&version=1.0.0], dubbo version: 2.7.3, current host: 192.168.31.2
[shanjupay-merchant-service][${env:SERVER_PORT}] 2021-05-08 09:55:35,032 INFO
            [com.alibaba.nacos.naming.client.listener][ReferenceConfig.java:421] -  [DUBBO] Refer dubbo service org.apache.dubbo.rpc.service.GenericService from url registry://127.0.0.1:8848/org.apache.dubbo.registry.RegistryService?application=merchant-service&check=true&cluster=registryaware&dubbo=2.0.2&generic=true&group=merchant-application&interface=com.alibaba.cloud.dubbo.service.DubboMetadataService&lazy=false&pid=19436&qos.enable=false&qos.port=22240&refer=application%3Dmerchant-service%26check%3Dtrue%26dubbo%3D2.0.2%26generic%3Dtrue%26group%3Dmerchant-application%26interface%3Dcom.alibaba.cloud.dubbo.service.DubboMetadataService%26lazy%3Dfalse%26pid%3D19436%26qos.enable%3Dfalse%26qos.port%3D22240%26register.ip%3D192.168.31.2%26release%3D2.7.3%26retries%3D-1%26side%3Dconsumer%26sticky%3Dfalse%26timeout%3D90000%26timestamp%3D1620438934952%26version%3D1.0.0&register.ip=192.168.31.2&registry=nacos&release=2.7.3&retries=-1&side=consumer&sticky=false&timeout=90000&timestamp=1620438934952&version=1.0.0, dubbo version: 2.7.3, current host: 192.168.31.2
[shanjupay-merchant-service][${env:SERVER_PORT}] 2021-05-08 09:55:35,067 WARN
            [com.alibaba.nacos.naming.client.listener][DubboServiceMetadataRepository.java:484] - The Spring application[name : merchant-application] does not expose The REST metadata in the Dubbo services.
[shanjupay-merchant-service][${env:SERVER_PORT}] 2021-05-08 09:56:04,922 WARN
            [ThreadPoolTaskScheduler-1][DubboServiceMetadataRepository.java:216] - Current application will subscribe all services(size:2) in registry, a lot of memory and CPU cycles may be used, thus it's strongly recommend you using the externalized property 'dubbo.cloud.subscribed-services' to specify the services
[shanjupay-merchant-service][${env:SERVER_PORT}] 2021-05-08 09:56:34,941 WARN
            [ThreadPoolTaskScheduler-1][DubboServiceMetadataRepository.java:216] - Current application will subscribe all services(size:2) in registry, a lot of memory and CPU cycles may be used, thus it's strongly recommend you using the externalized property 'dubbo.cloud.subscribed-services' to specify the services
[shanjupay-merchant-service][${env:SERVER_PORT}] 2021-05-08 09:57:04,963 WARN
            [ThreadPoolTaskScheduler-1][DubboServiceMetadataRepository.java:216] - Current application will subscribe all services(size:2) in registry, a lot of memory and CPU cycles may be used, thus it's strongly recommend you using the externalized property 'dubbo.cloud.subscribed-services' to specify the services
[shanjupay-merchant-service][${env:SERVER_PORT}] 2021-05-08 09:57:34,984 WARN
            [ThreadPoolTaskScheduler-1][DubboServiceMetadataRepository.java:216] - Current application will subscribe all services(size:2) in registry, a lot of memory and CPU cycles may be used, thus it's strongly recommend you using the externalized property 'dubbo.cloud.subscribed-services' to specify the services
[shanjupay-merchant-service][${env:SERVER_PORT}] 2021-05-08 09:58:05,000 WARN
            [ThreadPoolTaskScheduler-1][DubboServiceMetadataRepository.java:216] - Current application will subscribe all services(size:2) in registry, a lot of memory and CPU cycles may be used, thus it's strongly recommend you using the externalized property 'dubbo.cloud.subscribed-services' to specify the services
[shanjupay-merchant-service][${env:SERVER_PORT}] 2021-05-08 09:58:35,018 WARN
            [ThreadPoolTaskScheduler-1][DubboServiceMetadataRepository.java:216] - Current application will subscribe all services(size:2) in registry, a lot of memory and CPU cycles may be used, thus it's strongly recommend you using the externalized property 'dubbo.cloud.subscribed-services' to specify the services
[shanjupay-merchant-service][${env:SERVER_PORT}] 2021-05-08 09:59:05,029 WARN
            [ThreadPoolTaskScheduler-1][DubboServiceMetadataRepository.java:216] - Current application will subscribe all services(size:2) in registry, a lot of memory and CPU cycles may be used, thus it's strongly recommend you using the externalized property 'dubbo.cloud.subscribed-services' to specify the services
[shanjupay-merchant-service][${env:SERVER_PORT}] 2021-05-08 09:59:35,047 WARN
            [ThreadPoolTaskScheduler-1][DubboServiceMetadataRepository.java:216] - Current application will subscribe all services(size:2) in registry, a lot of memory and CPU cycles may be used, thus it's strongly recommend you using the externalized property 'dubbo.cloud.subscribed-services' to specify the services
