[${project.name}][${env:SERVER_PORT}] 2021-05-18 16:00:28,873 WARN
            [ThreadPoolTaskScheduler-1][DubboServiceMetadataRepository.java:216] - Current application will subscribe all services(size:2) in registry, a lot of memory and CPU cycles may be used, thus it's strongly recommend you using the externalized property 'dubbo.cloud.subscribed-services' to specify the services
[${project.name}][${env:SERVER_PORT}] 2021-05-18 16:00:37,559 WARN [ThreadPoolTaskScheduler-1][DubboServiceMetadataRepository.java:216] - Current application will subscribe all services(size:2) in registry, a lot of memory and CPU cycles may be used, thus it's strongly recommend you using the externalized property 'dubbo.cloud.subscribed-services' to specify the services
[${project.name}][${env:SERVER_PORT}] 2021-05-18 16:00:58,890 WARN
            [ThreadPoolTaskScheduler-1][DubboServiceMetadataRepository.java:216] - Current application will subscribe all services(size:2) in registry, a lot of memory and CPU cycles may be used, thus it's strongly recommend you using the externalized property 'dubbo.cloud.subscribed-services' to specify the services
[${project.name}][${env:SERVER_PORT}] 2021-05-18 16:01:07,567 WARN [ThreadPoolTaskScheduler-1][DubboServiceMetadataRepository.java:216] - Current application will subscribe all services(size:2) in registry, a lot of memory and CPU cycles may be used, thus it's strongly recommend you using the externalized property 'dubbo.cloud.subscribed-services' to specify the services
[${project.name}][${env:SERVER_PORT}] 2021-05-18 16:01:28,904 WARN
            [ThreadPoolTaskScheduler-1][DubboServiceMetadataRepository.java:216] - Current application will subscribe all services(size:2) in registry, a lot of memory and CPU cycles may be used, thus it's strongly recommend you using the externalized property 'dubbo.cloud.subscribed-services' to specify the services
[${project.name}][${env:SERVER_PORT}] 2021-05-18 16:01:37,573 WARN [ThreadPoolTaskScheduler-1][DubboServiceMetadataRepository.java:216] - Current application will subscribe all services(size:2) in registry, a lot of memory and CPU cycles may be used, thus it's strongly recommend you using the externalized property 'dubbo.cloud.subscribed-services' to specify the services
[${project.name}][${env:SERVER_PORT}] 2021-05-18 16:01:58,921 WARN
            [ThreadPoolTaskScheduler-1][DubboServiceMetadataRepository.java:216] - Current application will subscribe all services(size:2) in registry, a lot of memory and CPU cycles may be used, thus it's strongly recommend you using the externalized property 'dubbo.cloud.subscribed-services' to specify the services
[${project.name}][${env:SERVER_PORT}] 2021-05-18 16:02:07,580 WARN [ThreadPoolTaskScheduler-1][DubboServiceMetadataRepository.java:216] - Current application will subscribe all services(size:2) in registry, a lot of memory and CPU cycles may be used, thus it's strongly recommend you using the externalized property 'dubbo.cloud.subscribed-services' to specify the services
[${project.name}][${env:SERVER_PORT}] 2021-05-18 16:02:28,926 WARN
            [ThreadPoolTaskScheduler-1][DubboServiceMetadataRepository.java:216] - Current application will subscribe all services(size:2) in registry, a lot of memory and CPU cycles may be used, thus it's strongly recommend you using the externalized property 'dubbo.cloud.subscribed-services' to specify the services
[${project.name}][${env:SERVER_PORT}] 2021-05-18 16:02:37,584 WARN [ThreadPoolTaskScheduler-1][DubboServiceMetadataRepository.java:216] - Current application will subscribe all services(size:2) in registry, a lot of memory and CPU cycles may be used, thus it's strongly recommend you using the externalized property 'dubbo.cloud.subscribed-services' to specify the services
[${project.name}][${env:SERVER_PORT}] 2021-05-18 16:02:58,942 WARN
            [ThreadPoolTaskScheduler-1][DubboServiceMetadataRepository.java:216] - Current application will subscribe all services(size:2) in registry, a lot of memory and CPU cycles may be used, thus it's strongly recommend you using the externalized property 'dubbo.cloud.subscribed-services' to specify the services
[${project.name}][${env:SERVER_PORT}] 2021-05-18 16:03:07,601 WARN [ThreadPoolTaskScheduler-1][DubboServiceMetadataRepository.java:216] - Current application will subscribe all services(size:2) in registry, a lot of memory and CPU cycles may be used, thus it's strongly recommend you using the externalized property 'dubbo.cloud.subscribed-services' to specify the services
[${project.name}][${env:SERVER_PORT}] 2021-05-18 16:03:28,952 WARN
            [ThreadPoolTaskScheduler-1][DubboServiceMetadataRepository.java:216] - Current application will subscribe all services(size:2) in registry, a lot of memory and CPU cycles may be used, thus it's strongly recommend you using the externalized property 'dubbo.cloud.subscribed-services' to specify the services
[${project.name}][${env:SERVER_PORT}] 2021-05-18 16:03:37,615 WARN [ThreadPoolTaskScheduler-1][DubboServiceMetadataRepository.java:216] - Current application will subscribe all services(size:2) in registry, a lot of memory and CPU cycles may be used, thus it's strongly recommend you using the externalized property 'dubbo.cloud.subscribed-services' to specify the services
[${project.name}][${env:SERVER_PORT}] 2021-05-18 16:03:58,970 WARN
            [ThreadPoolTaskScheduler-1][DubboServiceMetadataRepository.java:216] - Current application will subscribe all services(size:2) in registry, a lot of memory and CPU cycles may be used, thus it's strongly recommend you using the externalized property 'dubbo.cloud.subscribed-services' to specify the services
[${project.name}][${env:SERVER_PORT}] 2021-05-18 16:04:07,622 WARN [ThreadPoolTaskScheduler-1][DubboServiceMetadataRepository.java:216] - Current application will subscribe all services(size:2) in registry, a lot of memory and CPU cycles may be used, thus it's strongly recommend you using the externalized property 'dubbo.cloud.subscribed-services' to specify the services
[${project.name}][${env:SERVER_PORT}] 2021-05-18 16:04:28,983 WARN
            [ThreadPoolTaskScheduler-1][DubboServiceMetadataRepository.java:216] - Current application will subscribe all services(size:2) in registry, a lot of memory and CPU cycles may be used, thus it's strongly recommend you using the externalized property 'dubbo.cloud.subscribed-services' to specify the services
[${project.name}][${env:SERVER_PORT}] 2021-05-18 16:04:37,628 WARN [ThreadPoolTaskScheduler-1][DubboServiceMetadataRepository.java:216] - Current application will subscribe all services(size:2) in registry, a lot of memory and CPU cycles may be used, thus it's strongly recommend you using the externalized property 'dubbo.cloud.subscribed-services' to specify the services
[${project.name}][${env:SERVER_PORT}] 2021-05-18 16:04:58,993 WARN
            [ThreadPoolTaskScheduler-1][DubboServiceMetadataRepository.java:216] - Current application will subscribe all services(size:2) in registry, a lot of memory and CPU cycles may be used, thus it's strongly recommend you using the externalized property 'dubbo.cloud.subscribed-services' to specify the services
[${project.name}][${env:SERVER_PORT}] 2021-05-18 16:05:07,642 WARN [ThreadPoolTaskScheduler-1][DubboServiceMetadataRepository.java:216] - Current application will subscribe all services(size:2) in registry, a lot of memory and CPU cycles may be used, thus it's strongly recommend you using the externalized property 'dubbo.cloud.subscribed-services' to specify the services
[${project.name}][${env:SERVER_PORT}] 2021-05-18 16:05:28,999 WARN
            [ThreadPoolTaskScheduler-1][DubboServiceMetadataRepository.java:216] - Current application will subscribe all services(size:2) in registry, a lot of memory and CPU cycles may be used, thus it's strongly recommend you using the externalized property 'dubbo.cloud.subscribed-services' to specify the services
[${project.name}][${env:SERVER_PORT}] 2021-05-18 16:05:37,647 WARN [ThreadPoolTaskScheduler-1][DubboServiceMetadataRepository.java:216] - Current application will subscribe all services(size:2) in registry, a lot of memory and CPU cycles may be used, thus it's strongly recommend you using the externalized property 'dubbo.cloud.subscribed-services' to specify the services
[${project.name}][${env:SERVER_PORT}] 2021-05-18 16:05:59,016 WARN
            [ThreadPoolTaskScheduler-1][DubboServiceMetadataRepository.java:216] - Current application will subscribe all services(size:2) in registry, a lot of memory and CPU cycles may be used, thus it's strongly recommend you using the externalized property 'dubbo.cloud.subscribed-services' to specify the services
[${project.name}][${env:SERVER_PORT}] 2021-05-18 16:06:07,662 WARN [ThreadPoolTaskScheduler-1][DubboServiceMetadataRepository.java:216] - Current application will subscribe all services(size:2) in registry, a lot of memory and CPU cycles may be used, thus it's strongly recommend you using the externalized property 'dubbo.cloud.subscribed-services' to specify the services
[${project.name}][${env:SERVER_PORT}] 2021-05-18 16:06:29,025 WARN
            [ThreadPoolTaskScheduler-1][DubboServiceMetadataRepository.java:216] - Current application will subscribe all services(size:2) in registry, a lot of memory and CPU cycles may be used, thus it's strongly recommend you using the externalized property 'dubbo.cloud.subscribed-services' to specify the services
[${project.name}][${env:SERVER_PORT}] 2021-05-18 16:06:37,665 WARN [ThreadPoolTaskScheduler-1][DubboServiceMetadataRepository.java:216] - Current application will subscribe all services(size:2) in registry, a lot of memory and CPU cycles may be used, thus it's strongly recommend you using the externalized property 'dubbo.cloud.subscribed-services' to specify the services
[${project.name}][${env:SERVER_PORT}] 2021-05-18 16:06:59,031 WARN
            [ThreadPoolTaskScheduler-1][DubboServiceMetadataRepository.java:216] - Current application will subscribe all services(size:2) in registry, a lot of memory and CPU cycles may be used, thus it's strongly recommend you using the externalized property 'dubbo.cloud.subscribed-services' to specify the services
[${project.name}][${env:SERVER_PORT}] 2021-05-18 16:07:07,670 WARN [ThreadPoolTaskScheduler-1][DubboServiceMetadataRepository.java:216] - Current application will subscribe all services(size:2) in registry, a lot of memory and CPU cycles may be used, thus it's strongly recommend you using the externalized property 'dubbo.cloud.subscribed-services' to specify the services
[${project.name}][${env:SERVER_PORT}] 2021-05-18 16:07:29,041 WARN
            [ThreadPoolTaskScheduler-1][DubboServiceMetadataRepository.java:216] - Current application will subscribe all services(size:2) in registry, a lot of memory and CPU cycles may be used, thus it's strongly recommend you using the externalized property 'dubbo.cloud.subscribed-services' to specify the services
[${project.name}][${env:SERVER_PORT}] 2021-05-18 16:07:37,682 WARN [ThreadPoolTaskScheduler-1][DubboServiceMetadataRepository.java:216] - Current application will subscribe all services(size:2) in registry, a lot of memory and CPU cycles may be used, thus it's strongly recommend you using the externalized property 'dubbo.cloud.subscribed-services' to specify the services
[${project.name}][${env:SERVER_PORT}] 2021-05-18 16:07:59,052 WARN
            [ThreadPoolTaskScheduler-1][Logger.java:44] - No MyBatis mapper was found in '[com.shanjupay.**.mapper]' package. Please check your configuration.
[${project.name}][${env:SERVER_PORT}] 2021-05-18 16:07:59,061 WARN
            [ThreadPoolTaskScheduler-1][DubboServiceMetadataRepository.java:216] - Current application will subscribe all services(size:2) in registry, a lot of memory and CPU cycles may be used, thus it's strongly recommend you using the externalized property 'dubbo.cloud.subscribed-services' to specify the services
[${project.name}][${env:SERVER_PORT}] 2021-05-18 16:08:07,704 WARN [ThreadPoolTaskScheduler-1][DubboServiceMetadataRepository.java:216] - Current application will subscribe all services(size:2) in registry, a lot of memory and CPU cycles may be used, thus it's strongly recommend you using the externalized property 'dubbo.cloud.subscribed-services' to specify the services
[${project.name}][${env:SERVER_PORT}] 2021-05-18 16:08:29,074 WARN
            [ThreadPoolTaskScheduler-1][DubboServiceMetadataRepository.java:216] - Current application will subscribe all services(size:2) in registry, a lot of memory and CPU cycles may be used, thus it's strongly recommend you using the externalized property 'dubbo.cloud.subscribed-services' to specify the services
[${project.name}][${env:SERVER_PORT}] 2021-05-18 16:08:37,712 WARN [ThreadPoolTaskScheduler-1][DubboServiceMetadataRepository.java:216] - Current application will subscribe all services(size:2) in registry, a lot of memory and CPU cycles may be used, thus it's strongly recommend you using the externalized property 'dubbo.cloud.subscribed-services' to specify the services
[${project.name}][${env:SERVER_PORT}] 2021-05-18 16:08:59,092 WARN
            [ThreadPoolTaskScheduler-1][DubboServiceMetadataRepository.java:216] - Current application will subscribe all services(size:2) in registry, a lot of memory and CPU cycles may be used, thus it's strongly recommend you using the externalized property 'dubbo.cloud.subscribed-services' to specify the services
[${project.name}][${env:SERVER_PORT}] 2021-05-18 16:09:07,726 WARN [ThreadPoolTaskScheduler-1][DubboServiceMetadataRepository.java:216] - Current application will subscribe all services(size:2) in registry, a lot of memory and CPU cycles may be used, thus it's strongly recommend you using the externalized property 'dubbo.cloud.subscribed-services' to specify the services
[${project.name}][${env:SERVER_PORT}] 2021-05-18 16:09:29,099 WARN
            [ThreadPoolTaskScheduler-1][DubboServiceMetadataRepository.java:216] - Current application will subscribe all services(size:2) in registry, a lot of memory and CPU cycles may be used, thus it's strongly recommend you using the externalized property 'dubbo.cloud.subscribed-services' to specify the services
[${project.name}][${env:SERVER_PORT}] 2021-05-18 16:09:37,740 WARN [ThreadPoolTaskScheduler-1][DubboServiceMetadataRepository.java:216] - Current application will subscribe all services(size:2) in registry, a lot of memory and CPU cycles may be used, thus it's strongly recommend you using the externalized property 'dubbo.cloud.subscribed-services' to specify the services
[${project.name}][${env:SERVER_PORT}] 2021-05-18 16:09:59,106 WARN
            [ThreadPoolTaskScheduler-1][DubboServiceMetadataRepository.java:216] - Current application will subscribe all services(size:2) in registry, a lot of memory and CPU cycles may be used, thus it's strongly recommend you using the externalized property 'dubbo.cloud.subscribed-services' to specify the services
[${project.name}][${env:SERVER_PORT}] 2021-05-18 16:10:07,750 WARN [ThreadPoolTaskScheduler-1][DubboServiceMetadataRepository.java:216] - Current application will subscribe all services(size:2) in registry, a lot of memory and CPU cycles may be used, thus it's strongly recommend you using the externalized property 'dubbo.cloud.subscribed-services' to specify the services
[${project.name}][${env:SERVER_PORT}] 2021-05-18 16:10:29,114 WARN
            [ThreadPoolTaskScheduler-1][DubboServiceMetadataRepository.java:216] - Current application will subscribe all services(size:2) in registry, a lot of memory and CPU cycles may be used, thus it's strongly recommend you using the externalized property 'dubbo.cloud.subscribed-services' to specify the services
[${project.name}][${env:SERVER_PORT}] 2021-05-18 16:10:37,754 WARN [ThreadPoolTaskScheduler-1][DubboServiceMetadataRepository.java:216] - Current application will subscribe all services(size:2) in registry, a lot of memory and CPU cycles may be used, thus it's strongly recommend you using the externalized property 'dubbo.cloud.subscribed-services' to specify the services
[${project.name}][${env:SERVER_PORT}] 2021-05-18 16:10:59,120 WARN
            [ThreadPoolTaskScheduler-1][DubboServiceMetadataRepository.java:216] - Current application will subscribe all services(size:2) in registry, a lot of memory and CPU cycles may be used, thus it's strongly recommend you using the externalized property 'dubbo.cloud.subscribed-services' to specify the services
[${project.name}][${env:SERVER_PORT}] 2021-05-18 16:11:07,768 WARN [ThreadPoolTaskScheduler-1][DubboServiceMetadataRepository.java:216] - Current application will subscribe all services(size:2) in registry, a lot of memory and CPU cycles may be used, thus it's strongly recommend you using the externalized property 'dubbo.cloud.subscribed-services' to specify the services
[${project.name}][${env:SERVER_PORT}] 2021-05-18 16:11:29,123 WARN
            [ThreadPoolTaskScheduler-1][DubboServiceMetadataRepository.java:216] - Current application will subscribe all services(size:2) in registry, a lot of memory and CPU cycles may be used, thus it's strongly recommend you using the externalized property 'dubbo.cloud.subscribed-services' to specify the services
[${project.name}][${env:SERVER_PORT}] 2021-05-18 16:11:37,780 WARN [ThreadPoolTaskScheduler-1][DubboServiceMetadataRepository.java:216] - Current application will subscribe all services(size:2) in registry, a lot of memory and CPU cycles may be used, thus it's strongly recommend you using the externalized property 'dubbo.cloud.subscribed-services' to specify the services
[${project.name}][${env:SERVER_PORT}] 2021-05-18 16:11:59,141 WARN
            [ThreadPoolTaskScheduler-1][Logger.java:44] - No MyBatis mapper was found in '[com.shanjupay.**.mapper]' package. Please check your configuration.
[${project.name}][${env:SERVER_PORT}] 2021-05-18 16:11:59,146 WARN
            [ThreadPoolTaskScheduler-1][DubboServiceMetadataRepository.java:216] - Current application will subscribe all services(size:2) in registry, a lot of memory and CPU cycles may be used, thus it's strongly recommend you using the externalized property 'dubbo.cloud.subscribed-services' to specify the services
[${project.name}][${env:SERVER_PORT}] 2021-05-18 16:12:07,795 WARN [ThreadPoolTaskScheduler-1][DubboServiceMetadataRepository.java:216] - Current application will subscribe all services(size:2) in registry, a lot of memory and CPU cycles may be used, thus it's strongly recommend you using the externalized property 'dubbo.cloud.subscribed-services' to specify the services
[${project.name}][${env:SERVER_PORT}] 2021-05-18 16:12:29,160 WARN
            [ThreadPoolTaskScheduler-1][DubboServiceMetadataRepository.java:216] - Current application will subscribe all services(size:2) in registry, a lot of memory and CPU cycles may be used, thus it's strongly recommend you using the externalized property 'dubbo.cloud.subscribed-services' to specify the services
[${project.name}][${env:SERVER_PORT}] 2021-05-18 16:12:37,807 WARN [ThreadPoolTaskScheduler-1][DubboServiceMetadataRepository.java:216] - Current application will subscribe all services(size:2) in registry, a lot of memory and CPU cycles may be used, thus it's strongly recommend you using the externalized property 'dubbo.cloud.subscribed-services' to specify the services
[${project.name}][${env:SERVER_PORT}] 2021-05-18 16:12:59,172 WARN
            [ThreadPoolTaskScheduler-1][DubboServiceMetadataRepository.java:216] - Current application will subscribe all services(size:2) in registry, a lot of memory and CPU cycles may be used, thus it's strongly recommend you using the externalized property 'dubbo.cloud.subscribed-services' to specify the services
[${project.name}][${env:SERVER_PORT}] 2021-05-18 16:13:07,823 WARN [ThreadPoolTaskScheduler-1][DubboServiceMetadataRepository.java:216] - Current application will subscribe all services(size:2) in registry, a lot of memory and CPU cycles may be used, thus it's strongly recommend you using the externalized property 'dubbo.cloud.subscribed-services' to specify the services
[${project.name}][${env:SERVER_PORT}] 2021-05-18 16:13:29,186 WARN
            [ThreadPoolTaskScheduler-1][DubboServiceMetadataRepository.java:216] - Current application will subscribe all services(size:2) in registry, a lot of memory and CPU cycles may be used, thus it's strongly recommend you using the externalized property 'dubbo.cloud.subscribed-services' to specify the services
[${project.name}][${env:SERVER_PORT}] 2021-05-18 16:13:37,837 WARN [ThreadPoolTaskScheduler-1][DubboServiceMetadataRepository.java:216] - Current application will subscribe all services(size:2) in registry, a lot of memory and CPU cycles may be used, thus it's strongly recommend you using the externalized property 'dubbo.cloud.subscribed-services' to specify the services
[${project.name}][${env:SERVER_PORT}] 2021-05-18 16:13:59,189 WARN
            [ThreadPoolTaskScheduler-1][DubboServiceMetadataRepository.java:216] - Current application will subscribe all services(size:2) in registry, a lot of memory and CPU cycles may be used, thus it's strongly recommend you using the externalized property 'dubbo.cloud.subscribed-services' to specify the services
[${project.name}][${env:SERVER_PORT}] 2021-05-18 16:14:07,841 WARN [ThreadPoolTaskScheduler-1][DubboServiceMetadataRepository.java:216] - Current application will subscribe all services(size:2) in registry, a lot of memory and CPU cycles may be used, thus it's strongly recommend you using the externalized property 'dubbo.cloud.subscribed-services' to specify the services
[${project.name}][${env:SERVER_PORT}] 2021-05-18 16:14:29,193 WARN
            [ThreadPoolTaskScheduler-1][DubboServiceMetadataRepository.java:216] - Current application will subscribe all services(size:2) in registry, a lot of memory and CPU cycles may be used, thus it's strongly recommend you using the externalized property 'dubbo.cloud.subscribed-services' to specify the services
[${project.name}][${env:SERVER_PORT}] 2021-05-18 16:14:37,857 WARN [ThreadPoolTaskScheduler-1][DubboServiceMetadataRepository.java:216] - Current application will subscribe all services(size:2) in registry, a lot of memory and CPU cycles may be used, thus it's strongly recommend you using the externalized property 'dubbo.cloud.subscribed-services' to specify the services
[${project.name}][${env:SERVER_PORT}] 2021-05-18 16:14:59,203 WARN
            [ThreadPoolTaskScheduler-1][DubboServiceMetadataRepository.java:216] - Current application will subscribe all services(size:2) in registry, a lot of memory and CPU cycles may be used, thus it's strongly recommend you using the externalized property 'dubbo.cloud.subscribed-services' to specify the services
[${project.name}][${env:SERVER_PORT}] 2021-05-18 16:15:07,870 WARN [ThreadPoolTaskScheduler-1][DubboServiceMetadataRepository.java:216] - Current application will subscribe all services(size:2) in registry, a lot of memory and CPU cycles may be used, thus it's strongly recommend you using the externalized property 'dubbo.cloud.subscribed-services' to specify the services
[${project.name}][${env:SERVER_PORT}] 2021-05-18 16:15:29,210 WARN
            [ThreadPoolTaskScheduler-1][DubboServiceMetadataRepository.java:216] - Current application will subscribe all services(size:2) in registry, a lot of memory and CPU cycles may be used, thus it's strongly recommend you using the externalized property 'dubbo.cloud.subscribed-services' to specify the services
[${project.name}][${env:SERVER_PORT}] 2021-05-18 16:15:37,883 WARN [ThreadPoolTaskScheduler-1][DubboServiceMetadataRepository.java:216] - Current application will subscribe all services(size:2) in registry, a lot of memory and CPU cycles may be used, thus it's strongly recommend you using the externalized property 'dubbo.cloud.subscribed-services' to specify the services
[${project.name}][${env:SERVER_PORT}] 2021-05-18 16:15:59,222 WARN
            [ThreadPoolTaskScheduler-1][DubboServiceMetadataRepository.java:216] - Current application will subscribe all services(size:2) in registry, a lot of memory and CPU cycles may be used, thus it's strongly recommend you using the externalized property 'dubbo.cloud.subscribed-services' to specify the services
[${project.name}][${env:SERVER_PORT}] 2021-05-18 16:16:07,893 WARN [ThreadPoolTaskScheduler-1][DubboServiceMetadataRepository.java:216] - Current application will subscribe all services(size:2) in registry, a lot of memory and CPU cycles may be used, thus it's strongly recommend you using the externalized property 'dubbo.cloud.subscribed-services' to specify the services
[${project.name}][${env:SERVER_PORT}] 2021-05-18 16:16:29,231 WARN
            [ThreadPoolTaskScheduler-1][DubboServiceMetadataRepository.java:216] - Current application will subscribe all services(size:2) in registry, a lot of memory and CPU cycles may be used, thus it's strongly recommend you using the externalized property 'dubbo.cloud.subscribed-services' to specify the services
[${project.name}][${env:SERVER_PORT}] 2021-05-18 16:16:37,911 WARN [ThreadPoolTaskScheduler-1][DubboServiceMetadataRepository.java:216] - Current application will subscribe all services(size:2) in registry, a lot of memory and CPU cycles may be used, thus it's strongly recommend you using the externalized property 'dubbo.cloud.subscribed-services' to specify the services
[${project.name}][${env:SERVER_PORT}] 2021-05-18 16:16:59,235 WARN
            [ThreadPoolTaskScheduler-1][DubboServiceMetadataRepository.java:216] - Current application will subscribe all services(size:2) in registry, a lot of memory and CPU cycles may be used, thus it's strongly recommend you using the externalized property 'dubbo.cloud.subscribed-services' to specify the services
[${project.name}][${env:SERVER_PORT}] 2021-05-18 16:17:07,928 WARN [ThreadPoolTaskScheduler-1][DubboServiceMetadataRepository.java:216] - Current application will subscribe all services(size:2) in registry, a lot of memory and CPU cycles may be used, thus it's strongly recommend you using the externalized property 'dubbo.cloud.subscribed-services' to specify the services
[${project.name}][${env:SERVER_PORT}] 2021-05-18 16:17:29,246 WARN
            [ThreadPoolTaskScheduler-1][DubboServiceMetadataRepository.java:216] - Current application will subscribe all services(size:2) in registry, a lot of memory and CPU cycles may be used, thus it's strongly recommend you using the externalized property 'dubbo.cloud.subscribed-services' to specify the services
[${project.name}][${env:SERVER_PORT}] 2021-05-18 16:17:37,936 WARN [ThreadPoolTaskScheduler-1][DubboServiceMetadataRepository.java:216] - Current application will subscribe all services(size:2) in registry, a lot of memory and CPU cycles may be used, thus it's strongly recommend you using the externalized property 'dubbo.cloud.subscribed-services' to specify the services
[${project.name}][${env:SERVER_PORT}] 2021-05-18 16:17:59,253 WARN
            [ThreadPoolTaskScheduler-1][DubboServiceMetadataRepository.java:216] - Current application will subscribe all services(size:2) in registry, a lot of memory and CPU cycles may be used, thus it's strongly recommend you using the externalized property 'dubbo.cloud.subscribed-services' to specify the services
[${project.name}][${env:SERVER_PORT}] 2021-05-18 16:18:07,964 WARN [ThreadPoolTaskScheduler-1][DubboServiceMetadataRepository.java:216] - Current application will subscribe all services(size:2) in registry, a lot of memory and CPU cycles may be used, thus it's strongly recommend you using the externalized property 'dubbo.cloud.subscribed-services' to specify the services
[${project.name}][${env:SERVER_PORT}] 2021-05-18 16:18:29,270 WARN
            [ThreadPoolTaskScheduler-1][Logger.java:44] - No MyBatis mapper was found in '[com.shanjupay.**.mapper]' package. Please check your configuration.
[${project.name}][${env:SERVER_PORT}] 2021-05-18 16:18:29,273 WARN
            [ThreadPoolTaskScheduler-1][DubboServiceMetadataRepository.java:216] - Current application will subscribe all services(size:2) in registry, a lot of memory and CPU cycles may be used, thus it's strongly recommend you using the externalized property 'dubbo.cloud.subscribed-services' to specify the services
[${project.name}][${env:SERVER_PORT}] 2021-05-18 16:18:37,976 WARN [ThreadPoolTaskScheduler-1][DubboServiceMetadataRepository.java:216] - Current application will subscribe all services(size:2) in registry, a lot of memory and CPU cycles may be used, thus it's strongly recommend you using the externalized property 'dubbo.cloud.subscribed-services' to specify the services
[${project.name}][${env:SERVER_PORT}] 2021-05-18 16:18:59,289 WARN
            [ThreadPoolTaskScheduler-1][Logger.java:44] - No MyBatis mapper was found in '[com.shanjupay.**.mapper]' package. Please check your configuration.
[${project.name}][${env:SERVER_PORT}] 2021-05-18 16:18:59,292 WARN
            [ThreadPoolTaskScheduler-1][DubboServiceMetadataRepository.java:216] - Current application will subscribe all services(size:2) in registry, a lot of memory and CPU cycles may be used, thus it's strongly recommend you using the externalized property 'dubbo.cloud.subscribed-services' to specify the services
[${project.name}][${env:SERVER_PORT}] 2021-05-18 16:19:07,983 WARN [ThreadPoolTaskScheduler-1][DubboServiceMetadataRepository.java:216] - Current application will subscribe all services(size:2) in registry, a lot of memory and CPU cycles may be used, thus it's strongly recommend you using the externalized property 'dubbo.cloud.subscribed-services' to specify the services
[${project.name}][${env:SERVER_PORT}] 2021-05-18 16:19:29,308 WARN
            [ThreadPoolTaskScheduler-1][DubboServiceMetadataRepository.java:216] - Current application will subscribe all services(size:2) in registry, a lot of memory and CPU cycles may be used, thus it's strongly recommend you using the externalized property 'dubbo.cloud.subscribed-services' to specify the services
[${project.name}][${env:SERVER_PORT}] 2021-05-18 16:19:37,998 WARN [ThreadPoolTaskScheduler-1][DubboServiceMetadataRepository.java:216] - Current application will subscribe all services(size:2) in registry, a lot of memory and CPU cycles may be used, thus it's strongly recommend you using the externalized property 'dubbo.cloud.subscribed-services' to specify the services
[${project.name}][${env:SERVER_PORT}] 2021-05-18 16:19:59,322 WARN
            [ThreadPoolTaskScheduler-1][DubboServiceMetadataRepository.java:216] - Current application will subscribe all services(size:2) in registry, a lot of memory and CPU cycles may be used, thus it's strongly recommend you using the externalized property 'dubbo.cloud.subscribed-services' to specify the services
[${project.name}][${env:SERVER_PORT}] 2021-05-18 16:20:08,005 WARN [ThreadPoolTaskScheduler-1][DubboServiceMetadataRepository.java:216] - Current application will subscribe all services(size:2) in registry, a lot of memory and CPU cycles may be used, thus it's strongly recommend you using the externalized property 'dubbo.cloud.subscribed-services' to specify the services
[${project.name}][${env:SERVER_PORT}] 2021-05-18 16:20:29,327 WARN
            [ThreadPoolTaskScheduler-1][DubboServiceMetadataRepository.java:216] - Current application will subscribe all services(size:2) in registry, a lot of memory and CPU cycles may be used, thus it's strongly recommend you using the externalized property 'dubbo.cloud.subscribed-services' to specify the services
[${project.name}][${env:SERVER_PORT}] 2021-05-18 16:20:38,018 WARN [ThreadPoolTaskScheduler-1][DubboServiceMetadataRepository.java:216] - Current application will subscribe all services(size:2) in registry, a lot of memory and CPU cycles may be used, thus it's strongly recommend you using the externalized property 'dubbo.cloud.subscribed-services' to specify the services
[${project.name}][${env:SERVER_PORT}] 2021-05-18 16:20:59,333 WARN
            [ThreadPoolTaskScheduler-1][DubboServiceMetadataRepository.java:216] - Current application will subscribe all services(size:2) in registry, a lot of memory and CPU cycles may be used, thus it's strongly recommend you using the externalized property 'dubbo.cloud.subscribed-services' to specify the services
[${project.name}][${env:SERVER_PORT}] 2021-05-18 16:21:08,025 WARN [ThreadPoolTaskScheduler-1][DubboServiceMetadataRepository.java:216] - Current application will subscribe all services(size:2) in registry, a lot of memory and CPU cycles may be used, thus it's strongly recommend you using the externalized property 'dubbo.cloud.subscribed-services' to specify the services
[${project.name}][${env:SERVER_PORT}] 2021-05-18 16:21:29,347 WARN
            [ThreadPoolTaskScheduler-1][DubboServiceMetadataRepository.java:216] - Current application will subscribe all services(size:2) in registry, a lot of memory and CPU cycles may be used, thus it's strongly recommend you using the externalized property 'dubbo.cloud.subscribed-services' to specify the services
[${project.name}][${env:SERVER_PORT}] 2021-05-18 16:21:38,029 WARN [ThreadPoolTaskScheduler-1][DubboServiceMetadataRepository.java:216] - Current application will subscribe all services(size:2) in registry, a lot of memory and CPU cycles may be used, thus it's strongly recommend you using the externalized property 'dubbo.cloud.subscribed-services' to specify the services
[${project.name}][${env:SERVER_PORT}] 2021-05-18 16:21:59,355 WARN
            [ThreadPoolTaskScheduler-1][DubboServiceMetadataRepository.java:216] - Current application will subscribe all services(size:2) in registry, a lot of memory and CPU cycles may be used, thus it's strongly recommend you using the externalized property 'dubbo.cloud.subscribed-services' to specify the services
[${project.name}][${env:SERVER_PORT}] 2021-05-18 16:22:08,045 WARN [ThreadPoolTaskScheduler-1][DubboServiceMetadataRepository.java:216] - Current application will subscribe all services(size:2) in registry, a lot of memory and CPU cycles may be used, thus it's strongly recommend you using the externalized property 'dubbo.cloud.subscribed-services' to specify the services
[${project.name}][${env:SERVER_PORT}] 2021-05-18 16:22:29,371 WARN
            [ThreadPoolTaskScheduler-1][DubboServiceMetadataRepository.java:216] - Current application will subscribe all services(size:2) in registry, a lot of memory and CPU cycles may be used, thus it's strongly recommend you using the externalized property 'dubbo.cloud.subscribed-services' to specify the services
[${project.name}][${env:SERVER_PORT}] 2021-05-18 16:22:38,049 WARN [ThreadPoolTaskScheduler-1][DubboServiceMetadataRepository.java:216] - Current application will subscribe all services(size:2) in registry, a lot of memory and CPU cycles may be used, thus it's strongly recommend you using the externalized property 'dubbo.cloud.subscribed-services' to specify the services
[${project.name}][${env:SERVER_PORT}] 2021-05-18 16:22:59,388 WARN
            [ThreadPoolTaskScheduler-1][DubboServiceMetadataRepository.java:216] - Current application will subscribe all services(size:2) in registry, a lot of memory and CPU cycles may be used, thus it's strongly recommend you using the externalized property 'dubbo.cloud.subscribed-services' to specify the services
[${project.name}][${env:SERVER_PORT}] 2021-05-18 16:23:08,055 WARN [ThreadPoolTaskScheduler-1][DubboServiceMetadataRepository.java:216] - Current application will subscribe all services(size:2) in registry, a lot of memory and CPU cycles may be used, thus it's strongly recommend you using the externalized property 'dubbo.cloud.subscribed-services' to specify the services
[${project.name}][${env:SERVER_PORT}] 2021-05-18 16:23:29,405 WARN
            [ThreadPoolTaskScheduler-1][DubboServiceMetadataRepository.java:216] - Current application will subscribe all services(size:2) in registry, a lot of memory and CPU cycles may be used, thus it's strongly recommend you using the externalized property 'dubbo.cloud.subscribed-services' to specify the services
[${project.name}][${env:SERVER_PORT}] 2021-05-18 16:23:38,066 WARN [ThreadPoolTaskScheduler-1][DubboServiceMetadataRepository.java:216] - Current application will subscribe all services(size:2) in registry, a lot of memory and CPU cycles may be used, thus it's strongly recommend you using the externalized property 'dubbo.cloud.subscribed-services' to specify the services
[${project.name}][${env:SERVER_PORT}] 2021-05-18 16:23:59,416 WARN
            [ThreadPoolTaskScheduler-1][DubboServiceMetadataRepository.java:216] - Current application will subscribe all services(size:2) in registry, a lot of memory and CPU cycles may be used, thus it's strongly recommend you using the externalized property 'dubbo.cloud.subscribed-services' to specify the services
[${project.name}][${env:SERVER_PORT}] 2021-05-18 16:24:08,069 WARN [ThreadPoolTaskScheduler-1][DubboServiceMetadataRepository.java:216] - Current application will subscribe all services(size:2) in registry, a lot of memory and CPU cycles may be used, thus it's strongly recommend you using the externalized property 'dubbo.cloud.subscribed-services' to specify the services
[${project.name}][${env:SERVER_PORT}] 2021-05-18 16:24:29,425 WARN
            [ThreadPoolTaskScheduler-1][DubboServiceMetadataRepository.java:216] - Current application will subscribe all services(size:2) in registry, a lot of memory and CPU cycles may be used, thus it's strongly recommend you using the externalized property 'dubbo.cloud.subscribed-services' to specify the services
[${project.name}][${env:SERVER_PORT}] 2021-05-18 16:24:38,074 WARN [ThreadPoolTaskScheduler-1][DubboServiceMetadataRepository.java:216] - Current application will subscribe all services(size:2) in registry, a lot of memory and CPU cycles may be used, thus it's strongly recommend you using the externalized property 'dubbo.cloud.subscribed-services' to specify the services
[${project.name}][${env:SERVER_PORT}] 2021-05-18 16:24:59,437 WARN
            [ThreadPoolTaskScheduler-1][DubboServiceMetadataRepository.java:216] - Current application will subscribe all services(size:2) in registry, a lot of memory and CPU cycles may be used, thus it's strongly recommend you using the externalized property 'dubbo.cloud.subscribed-services' to specify the services
[${project.name}][${env:SERVER_PORT}] 2021-05-18 16:25:08,076 WARN [ThreadPoolTaskScheduler-1][DubboServiceMetadataRepository.java:216] - Current application will subscribe all services(size:2) in registry, a lot of memory and CPU cycles may be used, thus it's strongly recommend you using the externalized property 'dubbo.cloud.subscribed-services' to specify the services
[${project.name}][${env:SERVER_PORT}] 2021-05-18 16:25:29,448 WARN
            [ThreadPoolTaskScheduler-1][DubboServiceMetadataRepository.java:216] - Current application will subscribe all services(size:2) in registry, a lot of memory and CPU cycles may be used, thus it's strongly recommend you using the externalized property 'dubbo.cloud.subscribed-services' to specify the services
[${project.name}][${env:SERVER_PORT}] 2021-05-18 16:25:38,082 WARN [ThreadPoolTaskScheduler-1][DubboServiceMetadataRepository.java:216] - Current application will subscribe all services(size:2) in registry, a lot of memory and CPU cycles may be used, thus it's strongly recommend you using the externalized property 'dubbo.cloud.subscribed-services' to specify the services
[${project.name}][${env:SERVER_PORT}] 2021-05-18 16:25:59,461 WARN
            [ThreadPoolTaskScheduler-1][DubboServiceMetadataRepository.java:216] - Current application will subscribe all services(size:2) in registry, a lot of memory and CPU cycles may be used, thus it's strongly recommend you using the externalized property 'dubbo.cloud.subscribed-services' to specify the services
[${project.name}][${env:SERVER_PORT}] 2021-05-18 16:26:08,089 WARN [ThreadPoolTaskScheduler-1][DubboServiceMetadataRepository.java:216] - Current application will subscribe all services(size:2) in registry, a lot of memory and CPU cycles may be used, thus it's strongly recommend you using the externalized property 'dubbo.cloud.subscribed-services' to specify the services
[${project.name}][${env:SERVER_PORT}] 2021-05-18 16:26:29,480 WARN
            [ThreadPoolTaskScheduler-1][DubboServiceMetadataRepository.java:216] - Current application will subscribe all services(size:2) in registry, a lot of memory and CPU cycles may be used, thus it's strongly recommend you using the externalized property 'dubbo.cloud.subscribed-services' to specify the services
[${project.name}][${env:SERVER_PORT}] 2021-05-18 16:26:38,098 WARN [ThreadPoolTaskScheduler-1][DubboServiceMetadataRepository.java:216] - Current application will subscribe all services(size:2) in registry, a lot of memory and CPU cycles may be used, thus it's strongly recommend you using the externalized property 'dubbo.cloud.subscribed-services' to specify the services
[${project.name}][${env:SERVER_PORT}] 2021-05-18 16:26:59,497 WARN
            [ThreadPoolTaskScheduler-1][DubboServiceMetadataRepository.java:216] - Current application will subscribe all services(size:2) in registry, a lot of memory and CPU cycles may be used, thus it's strongly recommend you using the externalized property 'dubbo.cloud.subscribed-services' to specify the services
[${project.name}][${env:SERVER_PORT}] 2021-05-18 16:27:08,106 WARN [ThreadPoolTaskScheduler-1][DubboServiceMetadataRepository.java:216] - Current application will subscribe all services(size:2) in registry, a lot of memory and CPU cycles may be used, thus it's strongly recommend you using the externalized property 'dubbo.cloud.subscribed-services' to specify the services
[${project.name}][${env:SERVER_PORT}] 2021-05-18 16:27:29,504 WARN
            [ThreadPoolTaskScheduler-1][DubboServiceMetadataRepository.java:216] - Current application will subscribe all services(size:2) in registry, a lot of memory and CPU cycles may be used, thus it's strongly recommend you using the externalized property 'dubbo.cloud.subscribed-services' to specify the services
[${project.name}][${env:SERVER_PORT}] 2021-05-18 16:27:38,125 WARN [ThreadPoolTaskScheduler-1][DubboServiceMetadataRepository.java:216] - Current application will subscribe all services(size:2) in registry, a lot of memory and CPU cycles may be used, thus it's strongly recommend you using the externalized property 'dubbo.cloud.subscribed-services' to specify the services
[${project.name}][${env:SERVER_PORT}] 2021-05-18 16:27:59,516 WARN
            [ThreadPoolTaskScheduler-1][DubboServiceMetadataRepository.java:216] - Current application will subscribe all services(size:2) in registry, a lot of memory and CPU cycles may be used, thus it's strongly recommend you using the externalized property 'dubbo.cloud.subscribed-services' to specify the services
[${project.name}][${env:SERVER_PORT}] 2021-05-18 16:28:08,137 WARN [ThreadPoolTaskScheduler-1][DubboServiceMetadataRepository.java:216] - Current application will subscribe all services(size:2) in registry, a lot of memory and CPU cycles may be used, thus it's strongly recommend you using the externalized property 'dubbo.cloud.subscribed-services' to specify the services
[${project.name}][${env:SERVER_PORT}] 2021-05-18 16:28:29,522 WARN
            [ThreadPoolTaskScheduler-1][DubboServiceMetadataRepository.java:216] - Current application will subscribe all services(size:2) in registry, a lot of memory and CPU cycles may be used, thus it's strongly recommend you using the externalized property 'dubbo.cloud.subscribed-services' to specify the services
[${project.name}][${env:SERVER_PORT}] 2021-05-18 16:28:38,145 WARN [ThreadPoolTaskScheduler-1][DubboServiceMetadataRepository.java:216] - Current application will subscribe all services(size:2) in registry, a lot of memory and CPU cycles may be used, thus it's strongly recommend you using the externalized property 'dubbo.cloud.subscribed-services' to specify the services
[${project.name}][${env:SERVER_PORT}] 2021-05-18 16:28:59,537 WARN
            [ThreadPoolTaskScheduler-1][DubboServiceMetadataRepository.java:216] - Current application will subscribe all services(size:2) in registry, a lot of memory and CPU cycles may be used, thus it's strongly recommend you using the externalized property 'dubbo.cloud.subscribed-services' to specify the services
[${project.name}][${env:SERVER_PORT}] 2021-05-18 16:29:08,153 WARN [ThreadPoolTaskScheduler-1][DubboServiceMetadataRepository.java:216] - Current application will subscribe all services(size:2) in registry, a lot of memory and CPU cycles may be used, thus it's strongly recommend you using the externalized property 'dubbo.cloud.subscribed-services' to specify the services
[${project.name}][${env:SERVER_PORT}] 2021-05-18 16:29:29,555 WARN
            [ThreadPoolTaskScheduler-1][DubboServiceMetadataRepository.java:216] - Current application will subscribe all services(size:2) in registry, a lot of memory and CPU cycles may be used, thus it's strongly recommend you using the externalized property 'dubbo.cloud.subscribed-services' to specify the services
[${project.name}][${env:SERVER_PORT}] 2021-05-18 16:29:38,163 WARN [ThreadPoolTaskScheduler-1][DubboServiceMetadataRepository.java:216] - Current application will subscribe all services(size:2) in registry, a lot of memory and CPU cycles may be used, thus it's strongly recommend you using the externalized property 'dubbo.cloud.subscribed-services' to specify the services
[${project.name}][${env:SERVER_PORT}] 2021-05-18 16:29:59,558 WARN
            [ThreadPoolTaskScheduler-1][DubboServiceMetadataRepository.java:216] - Current application will subscribe all services(size:2) in registry, a lot of memory and CPU cycles may be used, thus it's strongly recommend you using the externalized property 'dubbo.cloud.subscribed-services' to specify the services
[${project.name}][${env:SERVER_PORT}] 2021-05-18 16:30:08,178 WARN [ThreadPoolTaskScheduler-1][DubboServiceMetadataRepository.java:216] - Current application will subscribe all services(size:2) in registry, a lot of memory and CPU cycles may be used, thus it's strongly recommend you using the externalized property 'dubbo.cloud.subscribed-services' to specify the services
[${project.name}][${env:SERVER_PORT}] 2021-05-18 16:30:29,562 WARN
            [ThreadPoolTaskScheduler-1][DubboServiceMetadataRepository.java:216] - Current application will subscribe all services(size:2) in registry, a lot of memory and CPU cycles may be used, thus it's strongly recommend you using the externalized property 'dubbo.cloud.subscribed-services' to specify the services
[${project.name}][${env:SERVER_PORT}] 2021-05-18 16:30:38,194 WARN [ThreadPoolTaskScheduler-1][DubboServiceMetadataRepository.java:216] - Current application will subscribe all services(size:2) in registry, a lot of memory and CPU cycles may be used, thus it's strongly recommend you using the externalized property 'dubbo.cloud.subscribed-services' to specify the services
[${project.name}][${env:SERVER_PORT}] 2021-05-18 16:30:59,568 WARN
            [ThreadPoolTaskScheduler-1][DubboServiceMetadataRepository.java:216] - Current application will subscribe all services(size:2) in registry, a lot of memory and CPU cycles may be used, thus it's strongly recommend you using the externalized property 'dubbo.cloud.subscribed-services' to specify the services
[${project.name}][${env:SERVER_PORT}] 2021-05-18 16:31:08,198 WARN [ThreadPoolTaskScheduler-1][DubboServiceMetadataRepository.java:216] - Current application will subscribe all services(size:2) in registry, a lot of memory and CPU cycles may be used, thus it's strongly recommend you using the externalized property 'dubbo.cloud.subscribed-services' to specify the services
[${project.name}][${env:SERVER_PORT}] 2021-05-18 16:31:29,573 WARN
            [ThreadPoolTaskScheduler-1][DubboServiceMetadataRepository.java:216] - Current application will subscribe all services(size:2) in registry, a lot of memory and CPU cycles may be used, thus it's strongly recommend you using the externalized property 'dubbo.cloud.subscribed-services' to specify the services
[${project.name}][${env:SERVER_PORT}] 2021-05-18 16:31:38,209 WARN [ThreadPoolTaskScheduler-1][DubboServiceMetadataRepository.java:216] - Current application will subscribe all services(size:2) in registry, a lot of memory and CPU cycles may be used, thus it's strongly recommend you using the externalized property 'dubbo.cloud.subscribed-services' to specify the services
[${project.name}][${env:SERVER_PORT}] 2021-05-18 16:31:59,585 WARN
            [ThreadPoolTaskScheduler-1][DubboServiceMetadataRepository.java:216] - Current application will subscribe all services(size:2) in registry, a lot of memory and CPU cycles may be used, thus it's strongly recommend you using the externalized property 'dubbo.cloud.subscribed-services' to specify the services
[${project.name}][${env:SERVER_PORT}] 2021-05-18 16:32:08,213 WARN [ThreadPoolTaskScheduler-1][DubboServiceMetadataRepository.java:216] - Current application will subscribe all services(size:2) in registry, a lot of memory and CPU cycles may be used, thus it's strongly recommend you using the externalized property 'dubbo.cloud.subscribed-services' to specify the services
[${project.name}][${env:SERVER_PORT}] 2021-05-18 16:32:29,590 WARN
            [ThreadPoolTaskScheduler-1][DubboServiceMetadataRepository.java:216] - Current application will subscribe all services(size:2) in registry, a lot of memory and CPU cycles may be used, thus it's strongly recommend you using the externalized property 'dubbo.cloud.subscribed-services' to specify the services
[${project.name}][${env:SERVER_PORT}] 2021-05-18 16:32:38,220 WARN [ThreadPoolTaskScheduler-1][DubboServiceMetadataRepository.java:216] - Current application will subscribe all services(size:2) in registry, a lot of memory and CPU cycles may be used, thus it's strongly recommend you using the externalized property 'dubbo.cloud.subscribed-services' to specify the services
[${project.name}][${env:SERVER_PORT}] 2021-05-18 16:32:59,598 WARN
            [ThreadPoolTaskScheduler-1][DubboServiceMetadataRepository.java:216] - Current application will subscribe all services(size:2) in registry, a lot of memory and CPU cycles may be used, thus it's strongly recommend you using the externalized property 'dubbo.cloud.subscribed-services' to specify the services
[${project.name}][${env:SERVER_PORT}] 2021-05-18 16:33:08,231 WARN [ThreadPoolTaskScheduler-1][DubboServiceMetadataRepository.java:216] - Current application will subscribe all services(size:2) in registry, a lot of memory and CPU cycles may be used, thus it's strongly recommend you using the externalized property 'dubbo.cloud.subscribed-services' to specify the services
[${project.name}][${env:SERVER_PORT}] 2021-05-18 16:33:29,614 WARN
            [ThreadPoolTaskScheduler-1][DubboServiceMetadataRepository.java:216] - Current application will subscribe all services(size:2) in registry, a lot of memory and CPU cycles may be used, thus it's strongly recommend you using the externalized property 'dubbo.cloud.subscribed-services' to specify the services
[${project.name}][${env:SERVER_PORT}] 2021-05-18 16:33:38,240 WARN [ThreadPoolTaskScheduler-1][DubboServiceMetadataRepository.java:216] - Current application will subscribe all services(size:2) in registry, a lot of memory and CPU cycles may be used, thus it's strongly recommend you using the externalized property 'dubbo.cloud.subscribed-services' to specify the services
[${project.name}][${env:SERVER_PORT}] 2021-05-18 16:33:59,627 WARN
            [ThreadPoolTaskScheduler-1][DubboServiceMetadataRepository.java:216] - Current application will subscribe all services(size:2) in registry, a lot of memory and CPU cycles may be used, thus it's strongly recommend you using the externalized property 'dubbo.cloud.subscribed-services' to specify the services
[${project.name}][${env:SERVER_PORT}] 2021-05-18 16:34:08,246 WARN [ThreadPoolTaskScheduler-1][DubboServiceMetadataRepository.java:216] - Current application will subscribe all services(size:2) in registry, a lot of memory and CPU cycles may be used, thus it's strongly recommend you using the externalized property 'dubbo.cloud.subscribed-services' to specify the services
[${project.name}][${env:SERVER_PORT}] 2021-05-18 16:34:29,632 WARN
            [ThreadPoolTaskScheduler-1][DubboServiceMetadataRepository.java:216] - Current application will subscribe all services(size:2) in registry, a lot of memory and CPU cycles may be used, thus it's strongly recommend you using the externalized property 'dubbo.cloud.subscribed-services' to specify the services
[${project.name}][${env:SERVER_PORT}] 2021-05-18 16:34:38,250 WARN [ThreadPoolTaskScheduler-1][DubboServiceMetadataRepository.java:216] - Current application will subscribe all services(size:2) in registry, a lot of memory and CPU cycles may be used, thus it's strongly recommend you using the externalized property 'dubbo.cloud.subscribed-services' to specify the services
[${project.name}][${env:SERVER_PORT}] 2021-05-18 16:34:59,650 WARN
            [ThreadPoolTaskScheduler-1][DubboServiceMetadataRepository.java:216] - Current application will subscribe all services(size:2) in registry, a lot of memory and CPU cycles may be used, thus it's strongly recommend you using the externalized property 'dubbo.cloud.subscribed-services' to specify the services
[${project.name}][${env:SERVER_PORT}] 2021-05-18 16:35:08,261 WARN [ThreadPoolTaskScheduler-1][DubboServiceMetadataRepository.java:216] - Current application will subscribe all services(size:2) in registry, a lot of memory and CPU cycles may be used, thus it's strongly recommend you using the externalized property 'dubbo.cloud.subscribed-services' to specify the services
[${project.name}][${env:SERVER_PORT}] 2021-05-18 16:35:29,654 WARN
            [ThreadPoolTaskScheduler-1][DubboServiceMetadataRepository.java:216] - Current application will subscribe all services(size:2) in registry, a lot of memory and CPU cycles may be used, thus it's strongly recommend you using the externalized property 'dubbo.cloud.subscribed-services' to specify the services
[${project.name}][${env:SERVER_PORT}] 2021-05-18 16:35:38,277 WARN [ThreadPoolTaskScheduler-1][DubboServiceMetadataRepository.java:216] - Current application will subscribe all services(size:2) in registry, a lot of memory and CPU cycles may be used, thus it's strongly recommend you using the externalized property 'dubbo.cloud.subscribed-services' to specify the services
[${project.name}][${env:SERVER_PORT}] 2021-05-18 16:35:59,662 WARN
            [ThreadPoolTaskScheduler-1][DubboServiceMetadataRepository.java:216] - Current application will subscribe all services(size:2) in registry, a lot of memory and CPU cycles may be used, thus it's strongly recommend you using the externalized property 'dubbo.cloud.subscribed-services' to specify the services
[${project.name}][${env:SERVER_PORT}] 2021-05-18 16:36:08,283 WARN [ThreadPoolTaskScheduler-1][DubboServiceMetadataRepository.java:216] - Current application will subscribe all services(size:2) in registry, a lot of memory and CPU cycles may be used, thus it's strongly recommend you using the externalized property 'dubbo.cloud.subscribed-services' to specify the services
[${project.name}][${env:SERVER_PORT}] 2021-05-18 16:36:29,673 WARN
            [ThreadPoolTaskScheduler-1][DubboServiceMetadataRepository.java:216] - Current application will subscribe all services(size:2) in registry, a lot of memory and CPU cycles may be used, thus it's strongly recommend you using the externalized property 'dubbo.cloud.subscribed-services' to specify the services
[${project.name}][${env:SERVER_PORT}] 2021-05-18 16:36:38,296 WARN [ThreadPoolTaskScheduler-1][DubboServiceMetadataRepository.java:216] - Current application will subscribe all services(size:2) in registry, a lot of memory and CPU cycles may be used, thus it's strongly recommend you using the externalized property 'dubbo.cloud.subscribed-services' to specify the services
[${project.name}][${env:SERVER_PORT}] 2021-05-18 16:36:59,683 WARN
            [ThreadPoolTaskScheduler-1][DubboServiceMetadataRepository.java:216] - Current application will subscribe all services(size:2) in registry, a lot of memory and CPU cycles may be used, thus it's strongly recommend you using the externalized property 'dubbo.cloud.subscribed-services' to specify the services
[${project.name}][${env:SERVER_PORT}] 2021-05-18 16:37:08,300 WARN [ThreadPoolTaskScheduler-1][DubboServiceMetadataRepository.java:216] - Current application will subscribe all services(size:2) in registry, a lot of memory and CPU cycles may be used, thus it's strongly recommend you using the externalized property 'dubbo.cloud.subscribed-services' to specify the services
[${project.name}][${env:SERVER_PORT}] 2021-05-18 16:37:27,497 INFO
            [Thread-56][AbstractRegistry.java:291] -  [DUBBO] Unregister: dubbo://192.168.31.2:20890/com.alibaba.cloud.dubbo.service.DubboMetadataService?anyhost=true&application=merchant-service&deprecated=false&dubbo=2.0.2&dynamic=true&generic=false&group=merchant-service&interface=com.alibaba.cloud.dubbo.service.DubboMetadataService&methods=getAllServiceKeys,getServiceRestMetadata,getExportedURLs,getAllExportedURLs&pid=17944&register=true&release=2.7.3&revision=2.1.0.RELEASE&side=provider&timestamp=1621322641050&version=1.0.0, dubbo version: 2.7.3, current host: 192.168.31.2
[${project.name}][${env:SERVER_PORT}] 2021-05-18 16:37:27,499 INFO
            [Thread-56][AbstractRegistry.java:320] -  [DUBBO] Unsubscribe: provider://192.168.31.2:20890/com.alibaba.cloud.dubbo.service.DubboMetadataService?anyhost=true&application=merchant-service&bind.ip=192.168.31.2&bind.port=20890&category=configurators&check=false&deprecated=false&dubbo=2.0.2&dynamic=true&generic=false&group=merchant-service&interface=com.alibaba.cloud.dubbo.service.DubboMetadataService&methods=getAllServiceKeys,getServiceRestMetadata,getExportedURLs,getAllExportedURLs&pid=17944&qos.enable=false&qos.port=22240&register=true&release=2.7.3&revision=2.1.0.RELEASE&side=provider&timestamp=1621322641050&version=1.0.0, dubbo version: 2.7.3, current host: 192.168.31.2
[${project.name}][${env:SERVER_PORT}] 2021-05-18 16:37:27,500 INFO
            [Thread-56][DubboMetadataServiceExporter.java:107] - The Dubbo service[<dubbo:service path="com.alibaba.cloud.dubbo.service.DubboMetadataService" ref="com.alibaba.cloud.dubbo.service.IntrospectiveDubboMetadataService@39caf68a" prefix="dubbo.service.com.alibaba.cloud.dubbo.service.DubboMetadataService" generic="false" unexported="true" exported="true" interface="com.alibaba.cloud.dubbo.service.DubboMetadataService" version="1.0.0" dynamic="true" group="merchant-service" deprecated="false" register="true" id="com.alibaba.cloud.dubbo.service.DubboMetadataService" valid="true" />] has been unexported.
[${project.name}][${env:SERVER_PORT}] 2021-05-18 16:37:27,500 INFO
            [Exporter-Unexport-thread-1][RegistryProtocol.java:689] -  [DUBBO] Waiting 10000ms for registry to notify all consumers before unexport. Usually, this is called when you use dubbo API, dubbo version: 2.7.3, current host: 192.168.31.2
[${project.name}][${env:SERVER_PORT}] 2021-05-18 16:37:27,501 INFO
            [Thread-56][AwaitingNonWebApplicationListener.java:155] -  [Dubbo] Current Spring Boot Application is about to shutdown...
[${project.name}][${env:SERVER_PORT}] 2021-05-18 16:37:27,501 INFO
            [Thread-56][AbstractRegistryFactory.java:68] -  [DUBBO] Close all registries [nacos://127.0.0.1:8848/org.apache.dubbo.registry.RegistryService?application=merchant-service&dubbo=2.0.2&interface=org.apache.dubbo.registry.RegistryService&pid=17944&qos.enable=false&qos.port=22240&release=2.7.3&timestamp=1621322638051], dubbo version: 2.7.3, current host: 192.168.31.2
[${project.name}][${env:SERVER_PORT}] 2021-05-18 16:37:27,501 INFO
            [Thread-56][AbstractRegistry.java:458] -  [DUBBO] Destroy registry:nacos://127.0.0.1:8848/org.apache.dubbo.registry.RegistryService?application=merchant-service&dubbo=2.0.2&interface=org.apache.dubbo.registry.RegistryService&pid=17944&qos.enable=false&qos.port=22240&release=2.7.3&timestamp=1621322638051, dubbo version: 2.7.3, current host: 192.168.31.2
[${project.name}][${env:SERVER_PORT}] 2021-05-18 16:37:27,501 INFO
            [Thread-56][AbstractRegistry.java:291] -  [DUBBO] Unregister: consumer://192.168.31.2/org.apache.dubbo.rpc.service.GenericService?application=merchant-service&category=consumers&check=false&dubbo=2.0.2&generic=true&group=merchant-application&interface=com.alibaba.cloud.dubbo.service.DubboMetadataService&lazy=false&pid=17944&qos.enable=false&qos.port=22240&release=2.7.3&retries=-1&side=consumer&sticky=false&timeout=90000&timestamp=1621322668084&version=1.0.0, dubbo version: 2.7.3, current host: 192.168.31.2
[${project.name}][${env:SERVER_PORT}] 2021-05-18 16:37:27,502 INFO
            [Thread-56][AbstractRegistry.java:467] -  [DUBBO] Destroy unregister url consumer://192.168.31.2/org.apache.dubbo.rpc.service.GenericService?application=merchant-service&category=consumers&check=false&dubbo=2.0.2&generic=true&group=merchant-application&interface=com.alibaba.cloud.dubbo.service.DubboMetadataService&lazy=false&pid=17944&qos.enable=false&qos.port=22240&release=2.7.3&retries=-1&side=consumer&sticky=false&timeout=90000&timestamp=1621322668084&version=1.0.0, dubbo version: 2.7.3, current host: 192.168.31.2
[${project.name}][${env:SERVER_PORT}] 2021-05-18 16:37:27,502 INFO
            [Thread-56][AbstractRegistry.java:291] -  [DUBBO] Unregister: dubbo://192.168.31.2:20890/com.shanjupay.merchant.api.MerchantService?anyhost=true&application=merchant-service&bean.name=ServiceBean:com.shanjupay.merchant.api.MerchantService&deprecated=false&dubbo=2.0.2&dynamic=true&generic=false&interface=com.shanjupay.merchant.api.MerchantService&methods=queryMerchantById,applyMerchant,createMerchant&pid=17944&register=true&release=2.7.3&side=provider&timestamp=1621322638052, dubbo version: 2.7.3, current host: 192.168.31.2
[${project.name}][${env:SERVER_PORT}] 2021-05-18 16:37:27,503 INFO
            [Thread-56][AbstractRegistry.java:467] -  [DUBBO] Destroy unregister url dubbo://192.168.31.2:20890/com.shanjupay.merchant.api.MerchantService?anyhost=true&application=merchant-service&bean.name=ServiceBean:com.shanjupay.merchant.api.MerchantService&deprecated=false&dubbo=2.0.2&dynamic=true&generic=false&interface=com.shanjupay.merchant.api.MerchantService&methods=queryMerchantById,applyMerchant,createMerchant&pid=17944&register=true&release=2.7.3&side=provider&timestamp=1621322638052, dubbo version: 2.7.3, current host: 192.168.31.2
[${project.name}][${env:SERVER_PORT}] 2021-05-18 16:37:27,503 INFO
            [Thread-56][AbstractRegistry.java:320] -  [DUBBO] Unsubscribe: consumer://192.168.31.2/org.apache.dubbo.rpc.service.GenericService?application=merchant-service&category=providers,configurators,routers&check=true&dubbo=2.0.2&generic=true&group=merchant-application&interface=com.alibaba.cloud.dubbo.service.DubboMetadataService&lazy=false&pid=17944&qos.enable=false&qos.port=22240&release=2.7.3&retries=-1&side=consumer&sticky=false&timeout=90000&timestamp=1621322668084&version=1.0.0, dubbo version: 2.7.3, current host: 192.168.31.2
[${project.name}][${env:SERVER_PORT}] 2021-05-18 16:37:27,503 INFO
            [Thread-56][AbstractRegistry.java:483] -  [DUBBO] Destroy unsubscribe url consumer://192.168.31.2/org.apache.dubbo.rpc.service.GenericService?application=merchant-service&category=providers,configurators,routers&check=true&dubbo=2.0.2&generic=true&group=merchant-application&interface=com.alibaba.cloud.dubbo.service.DubboMetadataService&lazy=false&pid=17944&qos.enable=false&qos.port=22240&release=2.7.3&retries=-1&side=consumer&sticky=false&timeout=90000&timestamp=1621322668084&version=1.0.0, dubbo version: 2.7.3, current host: 192.168.31.2
[${project.name}][${env:SERVER_PORT}] 2021-05-18 16:37:27,503 INFO
            [Thread-56][AbstractRegistry.java:320] -  [DUBBO] Unsubscribe: provider://192.168.31.2:20890/com.shanjupay.merchant.api.MerchantService?anyhost=true&application=merchant-service&bean.name=ServiceBean:com.shanjupay.merchant.api.MerchantService&bind.ip=192.168.31.2&bind.port=20890&category=configurators&check=false&deprecated=false&dubbo=2.0.2&dynamic=true&generic=false&interface=com.shanjupay.merchant.api.MerchantService&methods=queryMerchantById,applyMerchant,createMerchant&pid=17944&qos.enable=false&qos.port=22240&register=true&release=2.7.3&side=provider&timestamp=1621322638052, dubbo version: 2.7.3, current host: 192.168.31.2
[${project.name}][${env:SERVER_PORT}] 2021-05-18 16:37:27,504 INFO
            [Thread-56][AbstractRegistry.java:483] -  [DUBBO] Destroy unsubscribe url provider://192.168.31.2:20890/com.shanjupay.merchant.api.MerchantService?anyhost=true&application=merchant-service&bean.name=ServiceBean:com.shanjupay.merchant.api.MerchantService&bind.ip=192.168.31.2&bind.port=20890&category=configurators&check=false&deprecated=false&dubbo=2.0.2&dynamic=true&generic=false&interface=com.shanjupay.merchant.api.MerchantService&methods=queryMerchantById,applyMerchant,createMerchant&pid=17944&qos.enable=false&qos.port=22240&register=true&release=2.7.3&side=provider&timestamp=1621322638052, dubbo version: 2.7.3, current host: 192.168.31.2
[${project.name}][${env:SERVER_PORT}] 2021-05-18 16:37:27,504 INFO
            [Thread-56][DubboProtocol.java:616] -  [DUBBO] Close dubbo server: /192.168.31.2:20890, dubbo version: 2.7.3, current host: 192.168.31.2
[${project.name}][${env:SERVER_PORT}] 2021-05-18 16:37:28,506 WARN [com.alibaba.nacos.naming.client.listener][AbstractRegistry.java:395] -  [DUBBO] Ignore empty notify urls for subscribe url consumer://192.168.31.2/org.apache.dubbo.rpc.service.GenericService?application=merchant-application&category=providers,configurators,routers&check=false&dubbo=2.0.2&generic=true&group=merchant-service&interface=com.alibaba.cloud.dubbo.service.DubboMetadataService&lazy=false&pid=21856&qos.enable=false&qos.port=22310&release=2.7.3&retries=-1&side=consumer&sticky=false&timeout=3000&timestamp=1621322646833&version=1.0.0, dubbo version: 2.7.3, current host: 192.168.31.2
[${project.name}][${env:SERVER_PORT}] 2021-05-18 16:37:28,506 WARN
            [com.alibaba.nacos.naming.client.listener][AbstractRegistry.java:395] -  [DUBBO] Ignore empty notify urls for subscribe url provider://192.168.31.2:20890/com.alibaba.cloud.dubbo.service.DubboMetadataService?anyhost=true&application=merchant-service&bind.ip=192.168.31.2&bind.port=20890&category=configurators&check=false&deprecated=false&dubbo=2.0.2&dynamic=true&generic=false&group=merchant-service&interface=com.alibaba.cloud.dubbo.service.DubboMetadataService&methods=getAllServiceKeys,getServiceRestMetadata,getExportedURLs,getAllExportedURLs&pid=17944&qos.enable=false&qos.port=22240&register=true&release=2.7.3&revision=2.1.0.RELEASE&side=provider&timestamp=1621322641050&version=1.0.0, dubbo version: 2.7.3, current host: 192.168.31.2
[${project.name}][${env:SERVER_PORT}] 2021-05-18 16:37:28,507 WARN [com.alibaba.nacos.naming.client.listener][AbstractRegistry.java:395] -  [DUBBO] Ignore empty notify urls for subscribe url consumer://192.168.31.2/com.shanjupay.merchant.api.MerchantService?application=merchant-application&category=providers,configurators,routers&check=false&dubbo=2.0.2&interface=com.shanjupay.merchant.api.MerchantService&lazy=false&methods=queryMerchantById,applyMerchant,createMerchant&pid=21856&qos.enable=false&qos.port=22310&release=2.7.3&retries=-1&side=consumer&sticky=false&timeout=3000&timestamp=1621322643588, dubbo version: 2.7.3, current host: 192.168.31.2
[${project.name}][${env:SERVER_PORT}] 2021-05-18 16:37:28,507 WARN
            [com.alibaba.nacos.naming.client.listener][AbstractRegistry.java:395] -  [DUBBO] Ignore empty notify urls for subscribe url provider://192.168.31.2:20890/com.shanjupay.merchant.api.MerchantService?anyhost=true&application=merchant-service&bean.name=ServiceBean:com.shanjupay.merchant.api.MerchantService&bind.ip=192.168.31.2&bind.port=20890&category=configurators&check=false&deprecated=false&dubbo=2.0.2&dynamic=true&generic=false&interface=com.shanjupay.merchant.api.MerchantService&methods=queryMerchantById,applyMerchant,createMerchant&pid=17944&qos.enable=false&qos.port=22240&register=true&release=2.7.3&side=provider&timestamp=1621322638052, dubbo version: 2.7.3, current host: 192.168.31.2
[${project.name}][${env:SERVER_PORT}] 2021-05-18 16:37:29,693 WARN
            [ThreadPoolTaskScheduler-1][DubboServiceMetadataRepository.java:216] - Current application will subscribe all services(size:2) in registry, a lot of memory and CPU cycles may be used, thus it's strongly recommend you using the externalized property 'dubbo.cloud.subscribed-services' to specify the services
[${project.name}][${env:SERVER_PORT}] 2021-05-18 16:37:31,022 INFO [Thread-56][AbstractRegistry.java:291] -  [DUBBO] Unregister: dubbo://192.168.31.2:20891/com.alibaba.cloud.dubbo.service.DubboMetadataService?anyhost=true&application=merchant-application&deprecated=false&dubbo=2.0.2&dynamic=true&generic=false&group=merchant-application&interface=com.alibaba.cloud.dubbo.service.DubboMetadataService&methods=getAllServiceKeys,getServiceRestMetadata,getExportedURLs,getAllExportedURLs&pid=21856&register=true&release=2.7.3&revision=2.1.0.RELEASE&side=provider&timestamp=1621322647207&version=1.0.0, dubbo version: 2.7.3, current host: 192.168.31.2
[${project.name}][${env:SERVER_PORT}] 2021-05-18 16:37:31,024 INFO [Thread-56][AbstractRegistry.java:320] -  [DUBBO] Unsubscribe: provider://192.168.31.2:20891/com.alibaba.cloud.dubbo.service.DubboMetadataService?anyhost=true&application=merchant-application&bind.ip=192.168.31.2&bind.port=20891&category=configurators&check=false&deprecated=false&dubbo=2.0.2&dynamic=true&generic=false&group=merchant-application&interface=com.alibaba.cloud.dubbo.service.DubboMetadataService&methods=getAllServiceKeys,getServiceRestMetadata,getExportedURLs,getAllExportedURLs&pid=21856&qos.enable=false&qos.port=22310&register=true&release=2.7.3&revision=2.1.0.RELEASE&side=provider&timestamp=1621322647207&version=1.0.0, dubbo version: 2.7.3, current host: 192.168.31.2
[${project.name}][${env:SERVER_PORT}] 2021-05-18 16:37:31,025 INFO [Exporter-Unexport-thread-1][RegistryProtocol.java:689] -  [DUBBO] Waiting 10000ms for registry to notify all consumers before unexport. Usually, this is called when you use dubbo API, dubbo version: 2.7.3, current host: 192.168.31.2
[${project.name}][${env:SERVER_PORT}] 2021-05-18 16:37:31,025 INFO [Thread-56][DubboMetadataServiceExporter.java:107] - The Dubbo service[<dubbo:service path="com.alibaba.cloud.dubbo.service.DubboMetadataService" ref="com.alibaba.cloud.dubbo.service.IntrospectiveDubboMetadataService@30d6fc76" prefix="dubbo.service.com.alibaba.cloud.dubbo.service.DubboMetadataService" generic="false" exported="true" unexported="true" interface="com.alibaba.cloud.dubbo.service.DubboMetadataService" version="1.0.0" dynamic="true" group="merchant-application" register="true" deprecated="false" id="com.alibaba.cloud.dubbo.service.DubboMetadataService" valid="true" />] has been unexported.
[${project.name}][${env:SERVER_PORT}] 2021-05-18 16:37:31,025 INFO [Thread-56][AwaitingNonWebApplicationListener.java:155] -  [Dubbo] Current Spring Boot Application is about to shutdown...
[${project.name}][${env:SERVER_PORT}] 2021-05-18 16:37:31,026 INFO [Thread-56][AbstractRegistryFactory.java:68] -  [DUBBO] Close all registries [nacos://127.0.0.1:8848/org.apache.dubbo.registry.RegistryService?application=merchant-application&dubbo=2.0.2&interface=org.apache.dubbo.registry.RegistryService&pid=21856&qos.enable=false&qos.port=22310&release=2.7.3&timestamp=1621322643618], dubbo version: 2.7.3, current host: 192.168.31.2
[${project.name}][${env:SERVER_PORT}] 2021-05-18 16:37:31,026 INFO [Thread-56][AbstractRegistry.java:458] -  [DUBBO] Destroy registry:nacos://127.0.0.1:8848/org.apache.dubbo.registry.RegistryService?application=merchant-application&dubbo=2.0.2&interface=org.apache.dubbo.registry.RegistryService&pid=21856&qos.enable=false&qos.port=22310&release=2.7.3&timestamp=1621322643618, dubbo version: 2.7.3, current host: 192.168.31.2
[${project.name}][${env:SERVER_PORT}] 2021-05-18 16:37:31,026 INFO [Thread-56][AbstractRegistry.java:291] -  [DUBBO] Unregister: consumer://192.168.31.2/com.shanjupay.merchant.api.MerchantService?application=merchant-application&category=consumers&check=false&dubbo=2.0.2&interface=com.shanjupay.merchant.api.MerchantService&lazy=false&methods=queryMerchantById,applyMerchant,createMerchant&pid=21856&qos.enable=false&qos.port=22310&release=2.7.3&retries=-1&side=consumer&sticky=false&timeout=3000&timestamp=1621322643588, dubbo version: 2.7.3, current host: 192.168.31.2
[${project.name}][${env:SERVER_PORT}] 2021-05-18 16:37:31,027 INFO [Thread-56][AbstractRegistry.java:467] -  [DUBBO] Destroy unregister url consumer://192.168.31.2/com.shanjupay.merchant.api.MerchantService?application=merchant-application&category=consumers&check=false&dubbo=2.0.2&interface=com.shanjupay.merchant.api.MerchantService&lazy=false&methods=queryMerchantById,applyMerchant,createMerchant&pid=21856&qos.enable=false&qos.port=22310&release=2.7.3&retries=-1&side=consumer&sticky=false&timeout=3000&timestamp=1621322643588, dubbo version: 2.7.3, current host: 192.168.31.2
[${project.name}][${env:SERVER_PORT}] 2021-05-18 16:37:31,027 INFO [Thread-56][AbstractRegistry.java:291] -  [DUBBO] Unregister: consumer://192.168.31.2/org.apache.dubbo.rpc.service.GenericService?application=merchant-application&category=consumers&check=false&dubbo=2.0.2&generic=true&group=merchant-service&interface=com.alibaba.cloud.dubbo.service.DubboMetadataService&lazy=false&pid=21856&qos.enable=false&qos.port=22310&release=2.7.3&retries=-1&side=consumer&sticky=false&timeout=3000&timestamp=1621322646833&version=1.0.0, dubbo version: 2.7.3, current host: 192.168.31.2
[${project.name}][${env:SERVER_PORT}] 2021-05-18 16:37:31,028 INFO [Thread-56][AbstractRegistry.java:467] -  [DUBBO] Destroy unregister url consumer://192.168.31.2/org.apache.dubbo.rpc.service.GenericService?application=merchant-application&category=consumers&check=false&dubbo=2.0.2&generic=true&group=merchant-service&interface=com.alibaba.cloud.dubbo.service.DubboMetadataService&lazy=false&pid=21856&qos.enable=false&qos.port=22310&release=2.7.3&retries=-1&side=consumer&sticky=false&timeout=3000&timestamp=1621322646833&version=1.0.0, dubbo version: 2.7.3, current host: 192.168.31.2
[${project.name}][${env:SERVER_PORT}] 2021-05-18 16:37:31,028 INFO [Thread-56][AbstractRegistry.java:320] -  [DUBBO] Unsubscribe: consumer://192.168.31.2/org.apache.dubbo.rpc.service.GenericService?application=merchant-application&category=providers,configurators,routers&check=false&dubbo=2.0.2&generic=true&group=merchant-service&interface=com.alibaba.cloud.dubbo.service.DubboMetadataService&lazy=false&pid=21856&qos.enable=false&qos.port=22310&release=2.7.3&retries=-1&side=consumer&sticky=false&timeout=3000&timestamp=1621322646833&version=1.0.0, dubbo version: 2.7.3, current host: 192.168.31.2
[${project.name}][${env:SERVER_PORT}] 2021-05-18 16:37:31,028 INFO [Thread-56][AbstractRegistry.java:483] -  [DUBBO] Destroy unsubscribe url consumer://192.168.31.2/org.apache.dubbo.rpc.service.GenericService?application=merchant-application&category=providers,configurators,routers&check=false&dubbo=2.0.2&generic=true&group=merchant-service&interface=com.alibaba.cloud.dubbo.service.DubboMetadataService&lazy=false&pid=21856&qos.enable=false&qos.port=22310&release=2.7.3&retries=-1&side=consumer&sticky=false&timeout=3000&timestamp=1621322646833&version=1.0.0, dubbo version: 2.7.3, current host: 192.168.31.2
[${project.name}][${env:SERVER_PORT}] 2021-05-18 16:37:31,028 INFO [Thread-56][AbstractRegistry.java:320] -  [DUBBO] Unsubscribe: consumer://192.168.31.2/com.shanjupay.merchant.api.MerchantService?application=merchant-application&category=providers,configurators,routers&check=false&dubbo=2.0.2&interface=com.shanjupay.merchant.api.MerchantService&lazy=false&methods=queryMerchantById,applyMerchant,createMerchant&pid=21856&qos.enable=false&qos.port=22310&release=2.7.3&retries=-1&side=consumer&sticky=false&timeout=3000&timestamp=1621322643588, dubbo version: 2.7.3, current host: 192.168.31.2
[${project.name}][${env:SERVER_PORT}] 2021-05-18 16:37:31,028 INFO [Thread-56][AbstractRegistry.java:483] -  [DUBBO] Destroy unsubscribe url consumer://192.168.31.2/com.shanjupay.merchant.api.MerchantService?application=merchant-application&category=providers,configurators,routers&check=false&dubbo=2.0.2&interface=com.shanjupay.merchant.api.MerchantService&lazy=false&methods=queryMerchantById,applyMerchant,createMerchant&pid=21856&qos.enable=false&qos.port=22310&release=2.7.3&retries=-1&side=consumer&sticky=false&timeout=3000&timestamp=1621322643588, dubbo version: 2.7.3, current host: 192.168.31.2
[${project.name}][${env:SERVER_PORT}] 2021-05-18 16:37:31,028 INFO [Thread-56][DubboProtocol.java:616] -  [DUBBO] Close dubbo server: /192.168.31.2:20891, dubbo version: 2.7.3, current host: 192.168.31.2
[${project.name}][${env:SERVER_PORT}] 2021-05-18 16:37:32,027 WARN
            [com.alibaba.nacos.naming.client.listener][AbstractRegistry.java:395] -  [DUBBO] Ignore empty notify urls for subscribe url consumer://192.168.31.2/org.apache.dubbo.rpc.service.GenericService?application=merchant-service&category=providers,configurators,routers&check=true&dubbo=2.0.2&generic=true&group=merchant-application&interface=com.alibaba.cloud.dubbo.service.DubboMetadataService&lazy=false&pid=17944&qos.enable=false&qos.port=22240&release=2.7.3&retries=-1&side=consumer&sticky=false&timeout=90000&timestamp=1621322668084&version=1.0.0, dubbo version: 2.7.3, current host: 192.168.31.2
[${project.name}][${env:SERVER_PORT}] 2021-05-18 16:37:32,027 WARN [com.alibaba.nacos.naming.client.listener][AbstractRegistry.java:395] -  [DUBBO] Ignore empty notify urls for subscribe url provider://192.168.31.2:20891/com.alibaba.cloud.dubbo.service.DubboMetadataService?anyhost=true&application=merchant-application&bind.ip=192.168.31.2&bind.port=20891&category=configurators&check=false&deprecated=false&dubbo=2.0.2&dynamic=true&generic=false&group=merchant-application&interface=com.alibaba.cloud.dubbo.service.DubboMetadataService&methods=getAllServiceKeys,getServiceRestMetadata,getExportedURLs,getAllExportedURLs&pid=21856&qos.enable=false&qos.port=22310&register=true&release=2.7.3&revision=2.1.0.RELEASE&side=provider&timestamp=1621322647207&version=1.0.0, dubbo version: 2.7.3, current host: 192.168.31.2
[${project.name}][${env:SERVER_PORT}] 2021-05-18 16:37:37,514 INFO
            [Thread-56][AbstractServer.java:153] -  [DUBBO] Close NettyServer bind /0.0.0.0:20890, export /192.168.31.2:20890, dubbo version: 2.7.3, current host: 192.168.31.2
[${project.name}][${env:SERVER_PORT}] 2021-05-18 16:37:37,524 INFO
            [Thread-56][NettyChannel.java:172] -  [DUBBO] Close netty channel [id: 0x08612a11, L:/192.168.31.2:20890 - R:/192.168.31.2:64167], dubbo version: 2.7.3, current host: 192.168.31.2
[${project.name}][${env:SERVER_PORT}] 2021-05-18 16:37:37,524 INFO
            [Thread-56][NettyChannel.java:172] -  [DUBBO] Close netty channel [id: 0x1949b4ad, L:/192.168.31.36:20890 - R:/192.168.31.36:64182], dubbo version: 2.7.3, current host: 192.168.31.2
[${project.name}][${env:SERVER_PORT}] 2021-05-18 16:37:37,525 INFO
            [Thread-56][DubboProtocol.java:654] -  [DUBBO] Close dubbo connect: /192.168.31.2:64312-->/192.168.31.2:20891, dubbo version: 2.7.3, current host: 192.168.31.2
[${project.name}][${env:SERVER_PORT}] 2021-05-18 16:37:37,526 INFO
            [Thread-56][AbstractProtocol.java:66] -  [DUBBO] Destroy reference: dubbo://192.168.31.2:20891/com.alibaba.cloud.dubbo.service.DubboMetadataService?anyhost=true&application=merchant-service&bind.ip=192.168.31.2&bind.port=20891&check=false&deprecated=false&dubbo=2.0.2&dynamic=true&generic=true&group=merchant-application&interface=com.alibaba.cloud.dubbo.service.DubboMetadataService&lazy=false&methods=getAllServiceKeys,getServiceRestMetadata,getExportedURLs,getAllExportedURLs&pid=17944&qos.enable=false&qos.port=22240&register=true&register.ip=192.168.31.2&release=2.7.3&remote.application=merchant-application&retries=-1&revision=2.1.0.RELEASE&side=consumer&sticky=false&timeout=90000&timestamp=1621322647207&version=1.0.0, dubbo version: 2.7.3, current host: 192.168.31.2
[${project.name}][${env:SERVER_PORT}] 2021-05-18 16:37:37,527 INFO
            [Thread-56][NettyChannel.java:172] -  [DUBBO] Close netty channel [id: 0x8531f7e6, L:/192.168.31.2:64312 - R:/192.168.31.2:20891], dubbo version: 2.7.3, current host: 192.168.31.2
[${project.name}][${env:SERVER_PORT}] 2021-05-18 16:37:37,528 INFO [Thread-56][AbstractServer.java:153] -  [DUBBO] Close NettyServer bind /0.0.0.0:20891, export /192.168.31.2:20891, dubbo version: 2.7.3, current host: 192.168.31.2
[${project.name}][${env:SERVER_PORT}] 2021-05-18 16:37:37,529 WARN
            [NettyServerWorker-3-1][AbstractServer.java:213] -  [DUBBO] All clients has disconnected from /192.168.31.2:20890. You can graceful shutdown now., dubbo version: 2.7.3, current host: 192.168.31.2
[${project.name}][${env:SERVER_PORT}] 2021-05-18 16:37:37,529 WARN
            [NettyServerWorker-3-2][AbstractServer.java:213] -  [DUBBO] All clients has disconnected from /192.168.31.36:20890. You can graceful shutdown now., dubbo version: 2.7.3, current host: 192.168.31.2
[${project.name}][${env:SERVER_PORT}] 2021-05-18 16:37:37,530 INFO
            [Thread-56][AbstractProtocol.java:66] -  [DUBBO] Destroy reference: dubbo://192.168.31.2:20891/com.alibaba.cloud.dubbo.service.DubboMetadataService?anyhost=true&application=merchant-service&category=providers&check=false&deprecated=false&dubbo=2.0.2&dynamic=true&generic=true&group=merchant-application&interface=com.alibaba.cloud.dubbo.service.DubboMetadataService&lazy=false&methods=getAllServiceKeys,getServiceRestMetadata,getExportedURLs,getAllExportedURLs&path=com.alibaba.cloud.dubbo.service.DubboMetadataService&pid=17944&protocol=dubbo&qos.enable=false&qos.port=22240&register=true&register.ip=192.168.31.2&release=2.7.3&remote.application=merchant-application&retries=-1&revision=2.1.0.RELEASE&side=consumer&sticky=false&timeout=90000&timestamp=1621322647207&version=1.0.0, dubbo version: 2.7.3, current host: 192.168.31.2
[${project.name}][${env:SERVER_PORT}] 2021-05-18 16:37:37,530 WARN [NettyServerWorker-4-1][AbstractServer.java:213] -  [DUBBO] All clients has disconnected from /192.168.31.2:20891. You can graceful shutdown now., dubbo version: 2.7.3, current host: 192.168.31.2
[${project.name}][${env:SERVER_PORT}] 2021-05-18 16:37:37,530 INFO
            [Thread-56][AbstractProtocol.java:79] -  [DUBBO] Unexport service: dubbo://192.168.31.2:20890/com.shanjupay.merchant.api.MerchantService?anyhost=true&application=merchant-service&bean.name=ServiceBean:com.shanjupay.merchant.api.MerchantService&bind.ip=192.168.31.2&bind.port=20890&deprecated=false&dubbo=2.0.2&dynamic=true&generic=false&interface=com.shanjupay.merchant.api.MerchantService&methods=queryMerchantById,applyMerchant,createMerchant&pid=17944&qos.enable=false&qos.port=22240&register=true&release=2.7.3&side=provider&timestamp=1621322638052, dubbo version: 2.7.3, current host: 192.168.31.2
[${project.name}][${env:SERVER_PORT}] 2021-05-18 16:37:37,532 INFO
            [Thread-56][Server.java:112] -  [DUBBO] qos-server stopped., dubbo version: 2.7.3, current host: 192.168.31.2
[${project.name}][${env:SERVER_PORT}] 2021-05-18 16:37:37,532 INFO [Thread-56][DubboProtocol.java:654] -  [DUBBO] Close dubbo connect: 192.168.31.2:0-->/192.168.31.36:20890, dubbo version: 2.7.3, current host: 192.168.31.2
[${project.name}][${env:SERVER_PORT}] 2021-05-18 16:37:37,532 INFO
            [Thread-56][AbstractProtocol.java:79] -  [DUBBO] Unexport service: injvm://127.0.0.1/com.shanjupay.merchant.api.MerchantService?anyhost=true&application=merchant-service&bean.name=ServiceBean:com.shanjupay.merchant.api.MerchantService&bind.ip=192.168.31.2&bind.port=20890&deprecated=false&dubbo=2.0.2&dynamic=true&generic=false&interface=com.shanjupay.merchant.api.MerchantService&methods=queryMerchantById,applyMerchant,createMerchant&pid=17944&qos.enable=false&qos.port=22240&register=true&release=2.7.3&side=provider&timestamp=1621322638052, dubbo version: 2.7.3, current host: 192.168.31.2
[${project.name}][${env:SERVER_PORT}] 2021-05-18 16:37:37,533 INFO
            [Thread-56][AbstractRegistry.java:291] -  [DUBBO] Unregister: dubbo://192.168.31.2:20890/com.shanjupay.merchant.api.MerchantService?anyhost=true&application=merchant-service&bean.name=ServiceBean:com.shanjupay.merchant.api.MerchantService&deprecated=false&dubbo=2.0.2&dynamic=true&generic=false&interface=com.shanjupay.merchant.api.MerchantService&methods=queryMerchantById,applyMerchant,createMerchant&pid=17944&register=true&release=2.7.3&side=provider&timestamp=1621322638052, dubbo version: 2.7.3, current host: 192.168.31.2
[${project.name}][${env:SERVER_PORT}] 2021-05-18 16:37:37,533 INFO
            [Thread-56][AbstractRegistry.java:320] -  [DUBBO] Unsubscribe: provider://192.168.31.2:20890/com.shanjupay.merchant.api.MerchantService?anyhost=true&application=merchant-service&bean.name=ServiceBean:com.shanjupay.merchant.api.MerchantService&bind.ip=192.168.31.2&bind.port=20890&category=configurators&check=false&deprecated=false&dubbo=2.0.2&dynamic=true&generic=false&interface=com.shanjupay.merchant.api.MerchantService&methods=queryMerchantById,applyMerchant,createMerchant&pid=17944&qos.enable=false&qos.port=22240&register=true&release=2.7.3&side=provider&timestamp=1621322638052, dubbo version: 2.7.3, current host: 192.168.31.2
[${project.name}][${env:SERVER_PORT}] 2021-05-18 16:37:37,534 INFO
            [Exporter-Unexport-thread-1][RegistryProtocol.java:689] -  [DUBBO] Waiting 10000ms for registry to notify all consumers before unexport. Usually, this is called when you use dubbo API, dubbo version: 2.7.3, current host: 192.168.31.2
[${project.name}][${env:SERVER_PORT}] 2021-05-18 16:37:37,534 INFO [Thread-56][DubboProtocol.java:654] -  [DUBBO] Close dubbo connect: 192.168.31.2:0-->/192.168.31.2:20890, dubbo version: 2.7.3, current host: 192.168.31.2
[${project.name}][${env:SERVER_PORT}] 2021-05-18 16:37:37,534 INFO [Thread-56][AbstractProtocol.java:66] -  [DUBBO] Destroy reference: dubbo://192.168.31.2:20890/com.alibaba.cloud.dubbo.service.DubboMetadataService?anyhost=true&application=merchant-application&category=providers&check=false&deprecated=false&dubbo=2.0.2&dynamic=true&generic=true&group=merchant-service&interface=com.alibaba.cloud.dubbo.service.DubboMetadataService&lazy=false&methods=getAllServiceKeys,getServiceRestMetadata,getExportedURLs,getAllExportedURLs&path=com.alibaba.cloud.dubbo.service.DubboMetadataService&pid=21856&protocol=dubbo&qos.enable=false&qos.port=22310&register=true&register.ip=192.168.31.2&release=2.7.3&remote.application=merchant-service&retries=-1&revision=2.1.0.RELEASE&side=consumer&sticky=false&timeout=3000&timestamp=1621322641050&version=1.0.0, dubbo version: 2.7.3, current host: 192.168.31.2
[${project.name}][${env:SERVER_PORT}] 2021-05-18 16:37:37,534 INFO [Thread-56][AbstractProtocol.java:66] -  [DUBBO] Destroy reference: dubbo://192.168.31.2:20890/com.shanjupay.merchant.api.MerchantService?anyhost=true&application=merchant-application&bean.name=ServiceBean:com.shanjupay.merchant.api.MerchantService&category=providers&check=false&deprecated=false&dubbo=2.0.2&dynamic=true&generic=false&interface=com.shanjupay.merchant.api.MerchantService&lazy=false&methods=queryMerchantById,applyMerchant,createMerchant&path=com.shanjupay.merchant.api.MerchantService&pid=21856&protocol=dubbo&qos.enable=false&qos.port=22310&register=true&register.ip=192.168.31.2&release=2.7.3&remote.application=merchant-service&retries=-1&side=consumer&sticky=false&timeout=3000&timestamp=1621322638052, dubbo version: 2.7.3, current host: 192.168.31.2
[${project.name}][${env:SERVER_PORT}] 2021-05-18 16:37:37,535 INFO [Thread-56][AbstractProtocol.java:66] -  [DUBBO] Destroy reference: dubbo://192.168.31.2:20890/com.alibaba.cloud.dubbo.service.DubboMetadataService?anyhost=true&application=merchant-application&bind.ip=192.168.31.2&bind.port=20890&check=false&deprecated=false&dubbo=2.0.2&dynamic=true&generic=true&group=merchant-service&interface=com.alibaba.cloud.dubbo.service.DubboMetadataService&lazy=false&methods=getAllServiceKeys,getServiceRestMetadata,getExportedURLs,getAllExportedURLs&pid=21856&qos.enable=false&qos.port=22310&register=true&register.ip=192.168.31.2&release=2.7.3&remote.application=merchant-service&retries=-1&revision=2.1.0.RELEASE&side=consumer&sticky=false&timeout=3000&timestamp=1621322641050&version=1.0.0, dubbo version: 2.7.3, current host: 192.168.31.2
[${project.name}][${env:SERVER_PORT}] 2021-05-18 16:37:37,535 INFO [Thread-56][AbstractProtocol.java:66] -  [DUBBO] Destroy reference: dubbo://192.168.31.36:20890/com.shanjupay.merchant.api.MerchantService?anyhost=true&application=merchant-application&bean.name=ServiceBean:com.shanjupay.merchant.api.MerchantService&check=false&deprecated=false&dubbo=2.0.2&dynamic=true&generic=false&interface=com.shanjupay.merchant.api.MerchantService&lazy=false&methods=queryMerchantById,applyMerchant,createMerchant&pid=21856&qos.enable=false&qos.port=22310&register=true&register.ip=192.168.31.2&release=2.7.3&remote.application=merchant-service&retries=-1&side=consumer&sticky=false&timeout=3000&timestamp=1621322638052, dubbo version: 2.7.3, current host: 192.168.31.2
[${project.name}][${env:SERVER_PORT}] 2021-05-18 16:37:37,535 INFO [Thread-56][AbstractProtocol.java:79] -  [DUBBO] Unexport service: dubbo://192.168.31.2:20891/com.alibaba.cloud.dubbo.service.DubboMetadataService?anyhost=true&application=merchant-application&bind.ip=192.168.31.2&bind.port=20891&deprecated=false&dubbo=2.0.2&dynamic=true&generic=false&group=merchant-application&interface=com.alibaba.cloud.dubbo.service.DubboMetadataService&methods=getAllServiceKeys,getServiceRestMetadata,getExportedURLs,getAllExportedURLs&pid=21856&qos.enable=false&qos.port=22310&register=true&release=2.7.3&revision=2.1.0.RELEASE&side=provider&timestamp=1621322647207&version=1.0.0, dubbo version: 2.7.3, current host: 192.168.31.2
[${project.name}][${env:SERVER_PORT}] 2021-05-18 16:37:37,537 INFO [Thread-56][Server.java:112] -  [DUBBO] qos-server stopped., dubbo version: 2.7.3, current host: 192.168.31.2
[${project.name}][${env:SERVER_PORT}] 2021-05-18 16:37:37,537 INFO
            [Thread-56][NacosServiceRegistry.java:74] - De-registering from Nacos Server now...
[${project.name}][${env:SERVER_PORT}] 2021-05-18 16:37:37,539 INFO
            [Thread-56][NacosServiceRegistry.java:93] - De-registration finished.
[${project.name}][${env:SERVER_PORT}] 2021-05-18 16:37:37,541 INFO
            [Thread-56][ExecutorConfigurationSupport.java:208] - Shutting down ExecutorService 'applicationTaskExecutor'
[${project.name}][${env:SERVER_PORT}] 2021-05-18 16:37:37,541 INFO [Thread-56][NacosServiceRegistry.java:74] - De-registering from Nacos Server now...
[${project.name}][${env:SERVER_PORT}] 2021-05-18 16:37:37,542 INFO [Thread-56][NacosServiceRegistry.java:93] - De-registration finished.
[${project.name}][${env:SERVER_PORT}] 2021-05-18 16:37:37,545 INFO [Thread-56][ExecutorConfigurationSupport.java:208] - Shutting down ExecutorService 'applicationTaskExecutor'
[${project.name}][${env:SERVER_PORT}] 2021-05-18 16:37:37,545 INFO
            [Thread-56][DruidDataSource.java:1885] - {dataSource-1} closing ...
[${project.name}][${env:SERVER_PORT}] 2021-05-18 16:37:37,549 INFO
            [Thread-56][DruidDataSource.java:1955] - {dataSource-1} closed
[${project.name}][${env:SERVER_PORT}] 2021-05-18 16:37:37,553 INFO
            [Thread-56][DubboGenericServiceFactory.java:159] - The Dubbo GenericService ReferenceBeans are destroying...
[${project.name}][${env:SERVER_PORT}] 2021-05-18 16:37:37,553 INFO
            [Thread-56][DubboGenericServiceFactory.java:164] - Destroyed the ReferenceBean  : <dubbo:reference singleton="true" prefix="dubbo.reference.com.alibaba.cloud.dubbo.service.DubboMetadataService" interface="com.alibaba.cloud.dubbo.service.DubboMetadataService" generic="true" version="1.0.0" generic="true" group="merchant-application" sticky="false" lazy="false" id="com.alibaba.cloud.dubbo.service.DubboMetadataService" valid="true" /> 
[${project.name}][${env:SERVER_PORT}] 2021-05-18 16:37:37,554 INFO
            [Thread-56][AnnotationInjectedBeanPostProcessor.java:305] - class org.apache.dubbo.config.spring.beans.factory.annotation.ReferenceAnnotationBeanPostProcessor was destroying!
[${project.name}][${env:SERVER_PORT}] 2021-05-18 16:37:37,554 INFO [Thread-56][DubboGenericServiceFactory.java:159] - The Dubbo GenericService ReferenceBeans are destroying...
[${project.name}][${env:SERVER_PORT}] 2021-05-18 16:37:37,554 INFO [Thread-56][DubboGenericServiceFactory.java:164] - Destroyed the ReferenceBean  : <dubbo:reference singleton="true" prefix="dubbo.reference.com.alibaba.cloud.dubbo.service.DubboMetadataService" interface="com.alibaba.cloud.dubbo.service.DubboMetadataService" generic="true" version="1.0.0" generic="true" group="merchant-service" sticky="false" lazy="false" id="com.alibaba.cloud.dubbo.service.DubboMetadataService" valid="true" /> 
[${project.name}][${env:SERVER_PORT}] 2021-05-18 16:37:37,555 INFO [Thread-56][AnnotationInjectedBeanPostProcessor.java:293] - org.apache.dubbo.common.bytecode.proxy0@1765fd7a was destroying!
[${project.name}][${env:SERVER_PORT}] 2021-05-18 16:37:37,555 INFO [Thread-56][AnnotationInjectedBeanPostProcessor.java:305] - class org.apache.dubbo.config.spring.beans.factory.annotation.ReferenceAnnotationBeanPostProcessor was destroying!
